Log file open, 08/30/19 19:39:05
LogWindows: Failed to load 'aqProf.dll' (GetLastError=126)
LogWindows: File 'aqProf.dll' does not exist
LogWindows: Failed to load 'VtuneApi.dll' (GetLastError=126)
LogWindows: File 'VtuneApi.dll' does not exist
LogWindows: Failed to load 'VtuneApi32e.dll' (GetLastError=126)
LogWindows: File 'VtuneApi32e.dll' does not exist
LogConsoleResponse: Display: Failed to find resolution value strings in scalability ini. Falling back to default.
LogInit: Display: Running engine for game: ProjectJanus
LogPakFile: Registered encryption key '00000000000000000000000000000000': 0 pak files mounted, 0 remain pending
LogPlatformFile: Not using cached read wrapper
LogTaskGraph: Started task graph with 5 named threads and 47 total threads with 3 sets of task threads.
LogStats: Stats thread started at 0.474171
LogD3D11RHI: Loaded GFSDK_Aftermath_Lib.x64.dll
LogICUInternationalization: ICU TimeZone Detection - Raw Offset: -5:00, Platform Override: ''
LogPluginManager: Mounting plugin Paper2D
LogPluginManager: Mounting plugin AISupport
LogPluginManager: Mounting plugin LightPropagationVolume
LogPluginManager: Mounting plugin ActorLayerUtilities
LogPluginManager: Mounting plugin AnimationSharing
LogPluginManager: Mounting plugin CLionSourceCodeAccess
LogPluginManager: Mounting plugin CodeLiteSourceCodeAccess
LogPluginManager: Mounting plugin ConcertFrontend
LogPluginManager: Mounting plugin ConcertMain
LogPluginManager: Mounting plugin ConcertSyncClient
LogPluginManager: Mounting plugin ConcertSyncCore
LogPluginManager: Found config from plugin[ConcertSyncCore] S:/Projects/Github/Project-Janus/ProjectJanus/Saved/Config/Windows/Engine.ini
LogPluginManager: Mounting plugin GitSourceControl
LogPluginManager: Mounting plugin KDevelopSourceCodeAccess
LogPluginManager: Mounting plugin NullSourceCodeAccess
LogPluginManager: Mounting plugin PerforceSourceControl
LogPluginManager: Mounting plugin SubversionSourceControl
LogPluginManager: Mounting plugin UObjectPlugin
LogPluginManager: Mounting plugin VisualStudioCodeSourceCodeAccess
LogPluginManager: Mounting plugin VisualStudioSourceCodeAccess
LogPluginManager: Mounting plugin XCodeSourceCodeAccess
LogPluginManager: Mounting plugin AssetManagerEditor
LogPluginManager: Mounting plugin CryptoKeys
LogPluginManager: Mounting plugin DataValidation
LogPluginManager: Mounting plugin FacialAnimation
LogPluginManager: Mounting plugin GameplayTagsEditor
LogPluginManager: Mounting plugin MacGraphicsSwitching
LogPluginManager: Mounting plugin MaterialAnalyzer
LogPluginManager: Mounting plugin MobileLauncherProfileWizard
LogPluginManager: Mounting plugin PluginBrowser
LogPluginManager: Mounting plugin SpeedTreeImporter
LogPluginManager: Mounting plugin DatasmithContent
LogPluginManager: Mounting plugin VariantManagerContent
LogPluginManager: Mounting plugin AlembicImporter
LogPluginManager: Mounting plugin AppleImageUtils
LogPluginManager: Mounting plugin AppleVision
LogPluginManager: Mounting plugin BackChannel
LogPluginManager: Mounting plugin CharacterAI
LogPluginManager: Mounting plugin GeometryCache
LogPluginManager: Mounting plugin HTML5Networking
LogPluginManager: Mounting plugin ProxyLODPlugin
LogPluginManager: Mounting plugin SkeletalReduction
LogPluginManager: Mounting plugin MagicLeap
LogPluginManager: Mounting plugin MagicLeapMedia
LogPluginManager: Mounting plugin AndroidMedia
LogPluginManager: Mounting plugin AvfMedia
LogPluginManager: Mounting plugin ImgMedia
LogPluginManager: Mounting plugin LinearTimecode
LogPluginManager: Mounting plugin MediaCompositing
LogPluginManager: Mounting plugin MediaPlayerEditor
LogPluginManager: Mounting plugin WebMMedia
LogPluginManager: Mounting plugin WmfMedia
LogPluginManager: Mounting plugin TcpMessaging
LogPluginManager: Mounting plugin UdpMessaging
LogPluginManager: Mounting plugin ActorSequence
LogPluginManager: Mounting plugin LevelSequenceEditor
LogPluginManager: Mounting plugin MatineeToLevelSequence
LogPluginManager: Mounting plugin NetcodeUnitTest
LogPluginManager: Mounting plugin NUTUnrealEngine4
LogPluginManager: Mounting plugin OnlineSubsystemGooglePlay
LogPluginManager: Mounting plugin OnlineSubsystemIOS
LogPluginManager: Mounting plugin OnlineSubsystem
LogPluginManager: Mounting plugin OnlineSubsystemNull
LogPluginManager: Mounting plugin OnlineSubsystemUtils
LogPluginManager: Mounting plugin LauncherChunkInstaller
LogPluginManager: Mounting plugin AndroidDeviceProfileSelector
LogPluginManager: Mounting plugin AndroidMoviePlayer
LogPluginManager: Mounting plugin AndroidPermission
LogPluginManager: Mounting plugin AppleMoviePlayer
LogPluginManager: Mounting plugin ArchVisCharacter
LogPluginManager: Mounting plugin AudioCapture
LogPluginManager: Mounting plugin CableComponent
LogPluginManager: Mounting plugin CustomMeshComponent
LogPluginManager: Mounting plugin EditableMesh
LogPluginManager: Mounting plugin ExampleDeviceProfileSelector
LogPluginManager: Mounting plugin Firebase
LogPluginManager: Mounting plugin GoogleCloudMessaging
LogPluginManager: Mounting plugin IOSDeviceProfileSelector
LogPluginManager: Mounting plugin LinuxDeviceProfileSelector
LogPluginManager: Mounting plugin LocationServicesBPLibrary
LogPluginManager: Mounting plugin MobilePatchingUtils
LogPluginManager: Mounting plugin OculusVR
LogPluginManager: Mounting plugin PhysXVehicles
LogPluginManager: Mounting plugin ProceduralMeshComponent
LogPluginManager: Mounting plugin RuntimePhysXCooking
LogPluginManager: Mounting plugin SignificanceManager
LogPluginManager: Mounting plugin SteamVR
LogPluginManager: Mounting plugin WebMMoviePlayer
LogPluginManager: Mounting plugin WindowsMoviePlayer
LogInit: Using libcurl 7.55.1-DEV
LogInit:  - built for x86_64-pc-win32
LogInit:  - supports SSL with OpenSSL/1.1.1
LogInit:  - supports HTTP deflate (compression) using libz 1.2.8
LogInit:  - other features:
LogInit:      CURL_VERSION_SSL
LogInit:      CURL_VERSION_LIBZ
LogInit:      CURL_VERSION_IPV6
LogInit:      CURL_VERSION_ASYNCHDNS
LogInit:      CURL_VERSION_LARGEFILE
LogInit:      CURL_VERSION_IDN
LogInit:  CurlRequestOptions (configurable via config and command line):
LogInit:  - bVerifyPeer = true  - Libcurl will verify peer certificate
LogInit:  - bUseHttpProxy = false  - Libcurl will NOT use HTTP proxy
LogInit:  - bDontReuseConnections = false  - Libcurl will reuse connections
LogInit:  - MaxHostConnections = 16  - Libcurl will limit the number of connections to a host
LogInit:  - LocalHostAddr = Default
LogInit:  - BufferSize = 65536
LogInit: WinSock: version 1.1 (2.2), MaxSocks=32767, MaxUdp=65467
LogInit: Build: ++UE4+Release-4.22-CL-7053642
LogInit: Engine Version: 4.22.3-7053642+++UE4+Release-4.22
LogInit: Compatible Engine Version: 4.22.0-5660361+++UE4+Release-4.22
LogInit: Net CL: 5660361
LogInit: OS: Windows 7 (Service Pack 1), CPU: Intel(R) Core(TM) i9-9900K CPU @ 3.60GHz, GPU: NVIDIA GeForce GTX 970
LogInit: Compiled (64-bit): Jun 18 2019 03:09:11
LogInit: Compiled with Visual C++: 19.16.27025.01
LogInit: Build Configuration: Development
LogInit: Branch Name: ++UE4+Release-4.22
LogInit: Command Line:  -EpicPortal -epicusername=Tene8rous -epicuserid=55a0c3d294df495a99b9f2a2c22a7c55 -epiclocale=en-US
LogInit: Base Directory: S:/Program Files (x86)/Epic Games/UE_4.22/Engine/Binaries/Win64/
LogInit: Installed Engine Build: 1
LogDevObjectVersion: Number of dev versions registered: 23
LogDevObjectVersion:   Dev-Blueprints (B0D832E4-1F89-4F0D-ACCF-7EB736FD4AA2): 10
LogDevObjectVersion:   Dev-Build (E1C64328-A22C-4D53-A36C-8E866417BD8C): 0
LogDevObjectVersion:   Dev-Core (375EC13C-06E4-48FB-B500-84F0262A717E): 3
LogDevObjectVersion:   Dev-Editor (E4B068ED-F494-42E9-A231-DA0B2E46BB41): 30
LogDevObjectVersion:   Dev-Framework (CFFC743F-43B0-4480-9391-14DF171D2073): 35
LogDevObjectVersion:   Dev-Mobile (B02B49B5-BB20-44E9-A304-32B752E40360): 2
LogDevObjectVersion:   Dev-Networking (A4E4105C-59A1-49B5-A7C5-40C4547EDFEE): 0
LogDevObjectVersion:   Dev-Online (39C831C9-5AE6-47DC-9A44-9C173E1C8E7C): 0
LogDevObjectVersion:   Dev-Physics (78F01B33-EBEA-4F98-B9B4-84EACCB95AA2): 0
LogDevObjectVersion:   Dev-Platform (6631380F-2D4D-43E0-8009-CF276956A95A): 0
LogDevObjectVersion:   Dev-Rendering (12F88B9F-8875-4AFC-A67C-D90C383ABD29): 28
LogDevObjectVersion:   Dev-Sequencer (7B5AE74C-D270-4C10-A958-57980B212A5A): 11
LogDevObjectVersion:   Dev-VR (D7296918-1DD6-4BDD-9DE2-64A83CC13884): 2
LogDevObjectVersion:   Dev-LoadTimes (C2A15278-BFE7-4AFE-6C17-90FF531DF755): 1
LogDevObjectVersion:   Private-Geometry (6EACA3D4-40EC-4CC1-B786-8BED09428FC5): 3
LogDevObjectVersion:   Dev-AnimPhys (29E575DD-E0A3-4627-9D10-D276232CDCEA): 17
LogDevObjectVersion:   Dev-Anim (AF43A65D-7FD3-4947-9873-3E8ED9C1BB05): 2
LogDevObjectVersion:   Dev-ReflectionCapture (6B266CEC-1EC7-4B8F-A30B-E4D90942FC07): 1
LogDevObjectVersion:   Dev-Automation (0DF73D61-A23F-47EA-B727-89E90C41499A): 1
LogDevObjectVersion:   FortniteMain (601D1886-AC64-4F84-AA16-D3DE0DEAC7D6): 25
LogDevObjectVersion:   Dev-Enterprise (9DFFBCD6-494F-0158-E221-12823C92A888): 6
LogDevObjectVersion:   Dev-Niagara (F2AED0AC-9AFE-416F-8664-AA7FFA26D6FC): 1
LogDevObjectVersion:   Dev-Destruction (174F1F0B-B4C6-45A5-B13F-2EE8D0FB917D): 2
LogInit: Presizing for max 16777216 objects, including 0 objects not considered by GC, pre-allocating 0 bytes for permanent pool.
LogInit: Object subsystem initialized
LogConfig: Setting CVar [[con.DebugEarlyDefault:1]]
LogConfig: Setting CVar [[r.setres:1280x720]]
[2019.08.30-23.39.05:374][  0]LogConfig: Setting CVar [[r.VSync:0]]
[2019.08.30-23.39.05:374][  0]LogConfig: Setting CVar [[r.RHICmdBypass:0]]
[2019.08.30-23.39.05:374][  0]LogConfig: Applying CVar settings from Section [/Script/Engine.RendererSettings] File [S:/Projects/Github/Project-Janus/ProjectJanus/Saved/Config/Windows/Engine.ini]
[2019.08.30-23.39.05:374][  0]LogConfig: Setting CVar [[r.GPUCrashDebugging:0]]
[2019.08.30-23.39.05:374][  0]LogConfig: Setting CVar [[r.DefaultFeature.AutoExposure.ExtendDefaultLuminanceRange:1]]
[2019.08.30-23.39.05:374][  0]LogConfig: Applying CVar settings from Section [/Script/Engine.RendererOverrideSettings] File [S:/Projects/Github/Project-Janus/ProjectJanus/Saved/Config/Windows/Engine.ini]
[2019.08.30-23.39.05:374][  0]LogConfig: Applying CVar settings from Section [/Script/Engine.StreamingSettings] File [S:/Projects/Github/Project-Janus/ProjectJanus/Saved/Config/Windows/Engine.ini]
[2019.08.30-23.39.05:374][  0]LogConfig: Setting CVar [[s.MinBulkDataSizeForAsyncLoading:131072]]
[2019.08.30-23.39.05:374][  0]LogConfig: Setting CVar [[s.AsyncLoadingThreadEnabled:0]]
[2019.08.30-23.39.05:374][  0]LogConfig: Setting CVar [[s.EventDrivenLoaderEnabled:1]]
[2019.08.30-23.39.05:374][  0]LogConfig: Setting CVar [[s.WarnIfTimeLimitExceeded:0]]
[2019.08.30-23.39.05:374][  0]LogConfig: Setting CVar [[s.TimeLimitExceededMultiplier:1.5]]
[2019.08.30-23.39.05:374][  0]LogConfig: Setting CVar [[s.TimeLimitExceededMinTime:0.005]]
[2019.08.30-23.39.05:374][  0]LogConfig: Setting CVar [[s.UseBackgroundLevelStreaming:1]]
[2019.08.30-23.39.05:374][  0]LogConfig: Setting CVar [[s.PriorityAsyncLoadingExtraTime:15.0]]
[2019.08.30-23.39.05:374][  0]LogConfig: Setting CVar [[s.LevelStreamingActorsUpdateTimeLimit:5.0]]
[2019.08.30-23.39.05:374][  0]LogConfig: Setting CVar [[s.PriorityLevelStreamingActorsUpdateExtraTime:5.0]]
[2019.08.30-23.39.05:374][  0]LogConfig: Setting CVar [[s.LevelStreamingComponentsRegistrationGranularity:10]]
[2019.08.30-23.39.05:374][  0]LogConfig: Setting CVar [[s.UnregisterComponentsTimeLimit:1.0]]
[2019.08.30-23.39.05:374][  0]LogConfig: Setting CVar [[s.LevelStreamingComponentsUnregistrationGranularity:5]]
[2019.08.30-23.39.05:374][  0]LogConfig: Applying CVar settings from Section [/Script/Engine.GarbageCollectionSettings] File [S:/Projects/Github/Project-Janus/ProjectJanus/Saved/Config/Windows/Engine.ini]
[2019.08.30-23.39.05:374][  0]LogConfig: Setting CVar [[gc.MaxObjectsNotConsideredByGC:1]]
[2019.08.30-23.39.05:374][  0]LogConfig: Setting CVar [[gc.SizeOfPermanentObjectPool:0]]
[2019.08.30-23.39.05:374][  0]LogConfig: Setting CVar [[gc.FlushStreamingOnGC:0]]
[2019.08.30-23.39.05:374][  0]LogConfig: Setting CVar [[gc.NumRetriesBeforeForcingGC:10]]
[2019.08.30-23.39.05:374][  0]LogConfig: Setting CVar [[gc.AllowParallelGC:1]]
[2019.08.30-23.39.05:374][  0]LogConfig: Setting CVar [[gc.TimeBetweenPurgingPendingKillObjects:61.1]]
[2019.08.30-23.39.05:374][  0]LogConfig: Setting CVar [[gc.MaxObjectsInEditor:16777216]]
[2019.08.30-23.39.05:374][  0]LogConfig: Setting CVar [[gc.IncrementalBeginDestroyEnabled:1]]
[2019.08.30-23.39.05:374][  0]LogConfig: Setting CVar [[gc.CreateGCClusters:1]]
[2019.08.30-23.39.05:374][  0]LogConfig: Setting CVar [[gc.MinGCClusterSize:5]]
[2019.08.30-23.39.05:374][  0]LogConfig: Setting CVar [[gc.ActorClusteringEnabled:0]]
[2019.08.30-23.39.05:374][  0]LogConfig: Setting CVar [[gc.BlueprintClusteringEnabled:0]]
[2019.08.30-23.39.05:374][  0]LogConfig: Setting CVar [[gc.UseDisregardForGCOnDedicatedServers:0]]
[2019.08.30-23.39.05:374][  0]LogConfig: Applying CVar settings from Section [/Script/Engine.NetworkSettings] File [S:/Projects/Github/Project-Janus/ProjectJanus/Saved/Config/Windows/Engine.ini]
[2019.08.30-23.39.05:374][  0]LogConfig: Applying CVar settings from Section [/Script/UnrealEd.CookerSettings] File [S:/Projects/Github/Project-Janus/ProjectJanus/Saved/Config/Windows/Engine.ini]
[2019.08.30-23.39.05:381][  0]LogConfig: Applying CVar settings from Section [ViewDistanceQuality@3] File [S:/Projects/Github/Project-Janus/ProjectJanus/Saved/Config/Windows/Scalability.ini]
[2019.08.30-23.39.05:381][  0]LogConfig: Setting CVar [[r.SkeletalMeshLODBias:0]]
[2019.08.30-23.39.05:381][  0]LogConfig: Setting CVar [[r.ViewDistanceScale:1.0]]
[2019.08.30-23.39.05:381][  0]LogConfig: Applying CVar settings from Section [AntiAliasingQuality@3] File [S:/Projects/Github/Project-Janus/ProjectJanus/Saved/Config/Windows/Scalability.ini]
[2019.08.30-23.39.05:381][  0]LogConfig: Setting CVar [[r.PostProcessAAQuality:4]]
[2019.08.30-23.39.05:381][  0]LogConfig: Applying CVar settings from Section [ShadowQuality@3] File [S:/Projects/Github/Project-Janus/ProjectJanus/Saved/Config/Windows/Scalability.ini]
[2019.08.30-23.39.05:381][  0]LogConfig: Setting CVar [[r.LightFunctionQuality:1]]
[2019.08.30-23.39.05:381][  0]LogConfig: Setting CVar [[r.ShadowQuality:5]]
[2019.08.30-23.39.05:381][  0]LogConfig: Setting CVar [[r.Shadow.CSM.MaxCascades:10]]
[2019.08.30-23.39.05:381][  0]LogConfig: Setting CVar [[r.Shadow.MaxResolution:2048]]
[2019.08.30-23.39.05:381][  0]LogConfig: Setting CVar [[r.Shadow.MaxCSMResolution:2048]]
[2019.08.30-23.39.05:381][  0]LogConfig: Setting CVar [[r.Shadow.RadiusThreshold:0.01]]
[2019.08.30-23.39.05:381][  0]LogConfig: Setting CVar [[r.Shadow.DistanceScale:1.0]]
[2019.08.30-23.39.05:381][  0]LogConfig: Setting CVar [[r.Shadow.CSM.TransitionScale:1.0]]
[2019.08.30-23.39.05:381][  0]LogConfig: Setting CVar [[r.Shadow.PreShadowResolutionFactor:1.0]]
[2019.08.30-23.39.05:381][  0]LogConfig: Setting CVar [[r.DistanceFieldShadowing:1]]
[2019.08.30-23.39.05:381][  0]LogConfig: Setting CVar [[r.DistanceFieldAO:1]]
[2019.08.30-23.39.05:381][  0]LogConfig: Setting CVar [[r.AOQuality:2]]
[2019.08.30-23.39.05:381][  0]LogConfig: Setting CVar [[r.VolumetricFog:1]]
[2019.08.30-23.39.05:381][  0]LogConfig: Setting CVar [[r.VolumetricFog.GridPixelSize:8]]
[2019.08.30-23.39.05:381][  0]LogConfig: Setting CVar [[r.VolumetricFog.GridSizeZ:128]]
[2019.08.30-23.39.05:381][  0]LogConfig: Setting CVar [[r.VolumetricFog.HistoryMissSupersampleCount:4]]
[2019.08.30-23.39.05:381][  0]LogConfig: Setting CVar [[r.LightMaxDrawDistanceScale:1]]
[2019.08.30-23.39.05:381][  0]LogConfig: Setting CVar [[r.CapsuleShadows:1]]
[2019.08.30-23.39.05:381][  0]LogConfig: Applying CVar settings from Section [PostProcessQuality@3] File [S:/Projects/Github/Project-Janus/ProjectJanus/Saved/Config/Windows/Scalability.ini]
[2019.08.30-23.39.05:381][  0]LogConfig: Setting CVar [[r.MotionBlurQuality:4]]
[2019.08.30-23.39.05:381][  0]LogConfig: Setting CVar [[r.AmbientOcclusionMipLevelFactor:0.4]]
[2019.08.30-23.39.05:381][  0]LogConfig: Setting CVar [[r.AmbientOcclusionMaxQuality:100]]
[2019.08.30-23.39.05:381][  0]LogConfig: Setting CVar [[r.AmbientOcclusionLevels:-1]]
[2019.08.30-23.39.05:381][  0]LogConfig: Setting CVar [[r.AmbientOcclusionRadiusScale:1.0]]
[2019.08.30-23.39.05:381][  0]LogConfig: Setting CVar [[r.DepthOfFieldQuality:2]]
[2019.08.30-23.39.05:381][  0]LogConfig: Setting CVar [[r.RenderTargetPoolMin:400]]
[2019.08.30-23.39.05:381][  0]LogConfig: Setting CVar [[r.LensFlareQuality:2]]
[2019.08.30-23.39.05:381][  0]LogConfig: Setting CVar [[r.SceneColorFringeQuality:1]]
[2019.08.30-23.39.05:381][  0]LogConfig: Setting CVar [[r.EyeAdaptationQuality:2]]
[2019.08.30-23.39.05:382][  0]LogConfig: Setting CVar [[r.BloomQuality:5]]
[2019.08.30-23.39.05:382][  0]LogConfig: Setting CVar [[r.FastBlurThreshold:100]]
[2019.08.30-23.39.05:382][  0]LogConfig: Setting CVar [[r.Upscale.Quality:3]]
[2019.08.30-23.39.05:382][  0]LogConfig: Setting CVar [[r.Tonemapper.GrainQuantization:1]]
[2019.08.30-23.39.05:382][  0]LogConfig: Setting CVar [[r.LightShaftQuality:1]]
[2019.08.30-23.39.05:382][  0]LogConfig: Setting CVar [[r.Filter.SizeScale:1]]
[2019.08.30-23.39.05:382][  0]LogConfig: Setting CVar [[r.Tonemapper.Quality:5]]
[2019.08.30-23.39.05:382][  0]LogConfig: Setting CVar [[r.DOF.Gather.AccumulatorQuality:1        ; higher gathering accumulator quality]]
[2019.08.30-23.39.05:382][  0]LogConfig: Setting CVar [[r.DOF.Gather.PostfilterMethod:1          ; Median3x3 postfilering method]]
[2019.08.30-23.39.05:382][  0]LogConfig: Setting CVar [[r.DOF.Gather.EnableBokehSettings:0       ; no bokeh simulation when gathering]]
[2019.08.30-23.39.05:382][  0]LogConfig: Setting CVar [[r.DOF.Gather.RingCount:4                 ; medium number of samples when gathering]]
[2019.08.30-23.39.05:382][  0]LogConfig: Setting CVar [[r.DOF.Scatter.ForegroundCompositing:1    ; additive foreground scattering]]
[2019.08.30-23.39.05:382][  0]LogConfig: Setting CVar [[r.DOF.Scatter.BackgroundCompositing:2    ; additive background scattering]]
[2019.08.30-23.39.05:382][  0]LogConfig: Setting CVar [[r.DOF.Scatter.EnableBokehSettings:1      ; bokeh simulation when scattering]]
[2019.08.30-23.39.05:382][  0]LogConfig: Setting CVar [[r.DOF.Scatter.MaxSpriteRatio:0.1         ; only a maximum of 10% of scattered bokeh]]
[2019.08.30-23.39.05:382][  0]LogConfig: Setting CVar [[r.DOF.Recombine.Quality:1                ; cheap slight out of focus]]
[2019.08.30-23.39.05:382][  0]LogConfig: Setting CVar [[r.DOF.Recombine.EnableBokehSettings:0    ; no bokeh simulation on slight out of focus]]
[2019.08.30-23.39.05:382][  0]LogConfig: Setting CVar [[r.DOF.TemporalAAQuality:1                ; more stable temporal accumulation]]
[2019.08.30-23.39.05:382][  0]LogConfig: Setting CVar [[r.DOF.Kernel.MaxForegroundRadius:0.025]]
[2019.08.30-23.39.05:382][  0]LogConfig: Setting CVar [[r.DOF.Kernel.MaxBackgroundRadius:0.025]]
[2019.08.30-23.39.05:382][  0]LogConfig: Applying CVar settings from Section [TextureQuality@3] File [S:/Projects/Github/Project-Janus/ProjectJanus/Saved/Config/Windows/Scalability.ini]
[2019.08.30-23.39.05:382][  0]LogConfig: Setting CVar [[r.Streaming.MipBias:0]]
[2019.08.30-23.39.05:382][  0]LogConfig: Setting CVar [[r.Streaming.AmortizeCPUToGPUCopy:0]]
[2019.08.30-23.39.05:382][  0]LogConfig: Setting CVar [[r.Streaming.MaxNumTexturesToStreamPerFrame:0]]
[2019.08.30-23.39.05:382][  0]LogConfig: Setting CVar [[r.Streaming.Boost:1]]
[2019.08.30-23.39.05:382][  0]LogConfig: Setting CVar [[r.MaxAnisotropy:8]]
[2019.08.30-23.39.05:382][  0]LogConfig: Setting CVar [[r.Streaming.LimitPoolSizeToVRAM:0]]
[2019.08.30-23.39.05:382][  0]LogConfig: Setting CVar [[r.Streaming.PoolSize:1000]]
[2019.08.30-23.39.05:382][  0]LogConfig: Setting CVar [[r.Streaming.MaxEffectiveScreenSize:0]]
[2019.08.30-23.39.05:382][  0]LogConfig: Applying CVar settings from Section [EffectsQuality@3] File [S:/Projects/Github/Project-Janus/ProjectJanus/Saved/Config/Windows/Scalability.ini]
[2019.08.30-23.39.05:382][  0]LogConfig: Setting CVar [[r.TranslucencyLightingVolumeDim:64]]
[2019.08.30-23.39.05:382][  0]LogConfig: Setting CVar [[r.RefractionQuality:2]]
[2019.08.30-23.39.05:382][  0]LogConfig: Setting CVar [[r.SSR.Quality:3]]
[2019.08.30-23.39.05:382][  0]LogConfig: Setting CVar [[r.SceneColorFormat:4]]
[2019.08.30-23.39.05:382][  0]LogConfig: Setting CVar [[r.DetailMode:2]]
[2019.08.30-23.39.05:382][  0]LogConfig: Setting CVar [[r.TranslucencyVolumeBlur:1]]
[2019.08.30-23.39.05:382][  0]LogConfig: Setting CVar [[r.MaterialQualityLevel:1 ; High quality]]
[2019.08.30-23.39.05:382][  0]LogConfig: Setting CVar [[r.SSS.Scale:1]]
[2019.08.30-23.39.05:382][  0]LogConfig: Setting CVar [[r.SSS.SampleSet:2]]
[2019.08.30-23.39.05:382][  0]LogConfig: Setting CVar [[r.SSS.Quality:1]]
[2019.08.30-23.39.05:382][  0]LogConfig: Setting CVar [[r.SSS.HalfRes:1]]
[2019.08.30-23.39.05:382][  0]LogConfig: Setting CVar [[r.EmitterSpawnRateScale:1.0]]
[2019.08.30-23.39.05:382][  0]LogConfig: Setting CVar [[r.ParticleLightQuality:2]]
[2019.08.30-23.39.05:382][  0]LogConfig: Applying CVar settings from Section [FoliageQuality@3] File [S:/Projects/Github/Project-Janus/ProjectJanus/Saved/Config/Windows/Scalability.ini]
[2019.08.30-23.39.05:382][  0]LogConfig: Setting CVar [[foliage.DensityScale:1.0]]
[2019.08.30-23.39.05:382][  0]LogConfig: Setting CVar [[grass.DensityScale:1.0]]
[2019.08.30-23.39.05:382][  0]LogInit: Selected Device Profile: [Windows]
[2019.08.30-23.39.05:382][  0]LogInit: Applying CVar settings loaded from the selected device profile: [Windows]
[2019.08.30-23.39.05:390][  0]LogHAL: Display: Platform has ~ 16 GB [17113378816 / 17179869184 / 16], which maps to Larger [LargestMinGB=32, LargerMinGB=12, DefaultMinGB=8, SmallerMinGB=6, SmallestMinGB=0)
[2019.08.30-23.39.05:390][  0]LogConfig: Setting CVar [[r.Vulkan.UseRealUBs:0		; Required until we fix HLR fall-out]]
[2019.08.30-23.39.05:390][  0]LogInit: Going up to parent DeviceProfile []
[2019.08.30-23.39.05:390][  0]LogConfig: Applying CVar settings from Section [ViewDistanceQuality@3] File [S:/Projects/Github/Project-Janus/ProjectJanus/Saved/Config/Windows/Scalability.ini]
[2019.08.30-23.39.05:390][  0]LogConfig: Setting CVar [[r.SkeletalMeshLODBias:0]]
[2019.08.30-23.39.05:390][  0]LogConfig: Setting CVar [[r.ViewDistanceScale:1.0]]
[2019.08.30-23.39.05:390][  0]LogConfig: Applying CVar settings from Section [AntiAliasingQuality@3] File [S:/Projects/Github/Project-Janus/ProjectJanus/Saved/Config/Windows/Scalability.ini]
[2019.08.30-23.39.05:390][  0]LogConfig: Setting CVar [[r.PostProcessAAQuality:4]]
[2019.08.30-23.39.05:390][  0]LogConfig: Applying CVar settings from Section [ShadowQuality@3] File [S:/Projects/Github/Project-Janus/ProjectJanus/Saved/Config/Windows/Scalability.ini]
[2019.08.30-23.39.05:390][  0]LogConfig: Setting CVar [[r.LightFunctionQuality:1]]
[2019.08.30-23.39.05:390][  0]LogConfig: Setting CVar [[r.ShadowQuality:5]]
[2019.08.30-23.39.05:390][  0]LogConfig: Setting CVar [[r.Shadow.CSM.MaxCascades:10]]
[2019.08.30-23.39.05:390][  0]LogConfig: Setting CVar [[r.Shadow.MaxResolution:2048]]
[2019.08.30-23.39.05:390][  0]LogConfig: Setting CVar [[r.Shadow.MaxCSMResolution:2048]]
[2019.08.30-23.39.05:390][  0]LogConfig: Setting CVar [[r.Shadow.RadiusThreshold:0.01]]
[2019.08.30-23.39.05:390][  0]LogConfig: Setting CVar [[r.Shadow.DistanceScale:1.0]]
[2019.08.30-23.39.05:390][  0]LogConfig: Setting CVar [[r.Shadow.CSM.TransitionScale:1.0]]
[2019.08.30-23.39.05:390][  0]LogConfig: Setting CVar [[r.Shadow.PreShadowResolutionFactor:1.0]]
[2019.08.30-23.39.05:390][  0]LogConfig: Setting CVar [[r.DistanceFieldShadowing:1]]
[2019.08.30-23.39.05:390][  0]LogConfig: Setting CVar [[r.DistanceFieldAO:1]]
[2019.08.30-23.39.05:390][  0]LogConfig: Setting CVar [[r.AOQuality:2]]
[2019.08.30-23.39.05:390][  0]LogConfig: Setting CVar [[r.VolumetricFog:1]]
[2019.08.30-23.39.05:390][  0]LogConfig: Setting CVar [[r.VolumetricFog.GridPixelSize:8]]
[2019.08.30-23.39.05:390][  0]LogConfig: Setting CVar [[r.VolumetricFog.GridSizeZ:128]]
[2019.08.30-23.39.05:390][  0]LogConfig: Setting CVar [[r.VolumetricFog.HistoryMissSupersampleCount:4]]
[2019.08.30-23.39.05:390][  0]LogConfig: Setting CVar [[r.LightMaxDrawDistanceScale:1]]
[2019.08.30-23.39.05:390][  0]LogConfig: Setting CVar [[r.CapsuleShadows:1]]
[2019.08.30-23.39.05:390][  0]LogConfig: Applying CVar settings from Section [PostProcessQuality@3] File [S:/Projects/Github/Project-Janus/ProjectJanus/Saved/Config/Windows/Scalability.ini]
[2019.08.30-23.39.05:390][  0]LogConfig: Setting CVar [[r.MotionBlurQuality:4]]
[2019.08.30-23.39.05:390][  0]LogConfig: Setting CVar [[r.AmbientOcclusionMipLevelFactor:0.4]]
[2019.08.30-23.39.05:390][  0]LogConfig: Setting CVar [[r.AmbientOcclusionMaxQuality:100]]
[2019.08.30-23.39.05:390][  0]LogConfig: Setting CVar [[r.AmbientOcclusionLevels:-1]]
[2019.08.30-23.39.05:390][  0]LogConfig: Setting CVar [[r.AmbientOcclusionRadiusScale:1.0]]
[2019.08.30-23.39.05:390][  0]LogConfig: Setting CVar [[r.DepthOfFieldQuality:2]]
[2019.08.30-23.39.05:390][  0]LogConfig: Setting CVar [[r.RenderTargetPoolMin:400]]
[2019.08.30-23.39.05:390][  0]LogConfig: Setting CVar [[r.LensFlareQuality:2]]
[2019.08.30-23.39.05:390][  0]LogConfig: Setting CVar [[r.SceneColorFringeQuality:1]]
[2019.08.30-23.39.05:390][  0]LogConfig: Setting CVar [[r.EyeAdaptationQuality:2]]
[2019.08.30-23.39.05:390][  0]LogConfig: Setting CVar [[r.BloomQuality:5]]
[2019.08.30-23.39.05:390][  0]LogConfig: Setting CVar [[r.FastBlurThreshold:100]]
[2019.08.30-23.39.05:390][  0]LogConfig: Setting CVar [[r.Upscale.Quality:3]]
[2019.08.30-23.39.05:390][  0]LogConfig: Setting CVar [[r.Tonemapper.GrainQuantization:1]]
[2019.08.30-23.39.05:390][  0]LogConfig: Setting CVar [[r.LightShaftQuality:1]]
[2019.08.30-23.39.05:390][  0]LogConfig: Setting CVar [[r.Filter.SizeScale:1]]
[2019.08.30-23.39.05:390][  0]LogConfig: Setting CVar [[r.Tonemapper.Quality:5]]
[2019.08.30-23.39.05:390][  0]LogConfig: Setting CVar [[r.DOF.Gather.AccumulatorQuality:1        ; higher gathering accumulator quality]]
[2019.08.30-23.39.05:390][  0]LogConfig: Setting CVar [[r.DOF.Gather.PostfilterMethod:1          ; Median3x3 postfilering method]]
[2019.08.30-23.39.05:390][  0]LogConfig: Setting CVar [[r.DOF.Gather.EnableBokehSettings:0       ; no bokeh simulation when gathering]]
[2019.08.30-23.39.05:390][  0]LogConfig: Setting CVar [[r.DOF.Gather.RingCount:4                 ; medium number of samples when gathering]]
[2019.08.30-23.39.05:390][  0]LogConfig: Setting CVar [[r.DOF.Scatter.ForegroundCompositing:1    ; additive foreground scattering]]
[2019.08.30-23.39.05:390][  0]LogConfig: Setting CVar [[r.DOF.Scatter.BackgroundCompositing:2    ; additive background scattering]]
[2019.08.30-23.39.05:390][  0]LogConfig: Setting CVar [[r.DOF.Scatter.EnableBokehSettings:1      ; bokeh simulation when scattering]]
[2019.08.30-23.39.05:390][  0]LogConfig: Setting CVar [[r.DOF.Scatter.MaxSpriteRatio:0.1         ; only a maximum of 10% of scattered bokeh]]
[2019.08.30-23.39.05:390][  0]LogConfig: Setting CVar [[r.DOF.Recombine.Quality:1                ; cheap slight out of focus]]
[2019.08.30-23.39.05:390][  0]LogConfig: Setting CVar [[r.DOF.Recombine.EnableBokehSettings:0    ; no bokeh simulation on slight out of focus]]
[2019.08.30-23.39.05:390][  0]LogConfig: Setting CVar [[r.DOF.TemporalAAQuality:1                ; more stable temporal accumulation]]
[2019.08.30-23.39.05:390][  0]LogConfig: Setting CVar [[r.DOF.Kernel.MaxForegroundRadius:0.025]]
[2019.08.30-23.39.05:390][  0]LogConfig: Setting CVar [[r.DOF.Kernel.MaxBackgroundRadius:0.025]]
[2019.08.30-23.39.05:390][  0]LogConfig: Applying CVar settings from Section [TextureQuality@3] File [S:/Projects/Github/Project-Janus/ProjectJanus/Saved/Config/Windows/Scalability.ini]
[2019.08.30-23.39.05:390][  0]LogConfig: Setting CVar [[r.Streaming.MipBias:0]]
[2019.08.30-23.39.05:390][  0]LogConfig: Setting CVar [[r.Streaming.AmortizeCPUToGPUCopy:0]]
[2019.08.30-23.39.05:390][  0]LogConfig: Setting CVar [[r.Streaming.MaxNumTexturesToStreamPerFrame:0]]
[2019.08.30-23.39.05:391][  0]LogConfig: Setting CVar [[r.Streaming.Boost:1]]
[2019.08.30-23.39.05:391][  0]LogConfig: Setting CVar [[r.MaxAnisotropy:8]]
[2019.08.30-23.39.05:391][  0]LogConfig: Setting CVar [[r.Streaming.LimitPoolSizeToVRAM:0]]
[2019.08.30-23.39.05:391][  0]LogConfig: Setting CVar [[r.Streaming.PoolSize:1000]]
[2019.08.30-23.39.05:391][  0]LogConfig: Setting CVar [[r.Streaming.MaxEffectiveScreenSize:0]]
[2019.08.30-23.39.05:391][  0]LogConfig: Applying CVar settings from Section [EffectsQuality@3] File [S:/Projects/Github/Project-Janus/ProjectJanus/Saved/Config/Windows/Scalability.ini]
[2019.08.30-23.39.05:391][  0]LogConfig: Setting CVar [[r.TranslucencyLightingVolumeDim:64]]
[2019.08.30-23.39.05:391][  0]LogConfig: Setting CVar [[r.RefractionQuality:2]]
[2019.08.30-23.39.05:391][  0]LogConfig: Setting CVar [[r.SSR.Quality:3]]
[2019.08.30-23.39.05:391][  0]LogConfig: Setting CVar [[r.SceneColorFormat:4]]
[2019.08.30-23.39.05:391][  0]LogConfig: Setting CVar [[r.DetailMode:2]]
[2019.08.30-23.39.05:391][  0]LogConfig: Setting CVar [[r.TranslucencyVolumeBlur:1]]
[2019.08.30-23.39.05:391][  0]LogConfig: Setting CVar [[r.MaterialQualityLevel:1 ; High quality]]
[2019.08.30-23.39.05:391][  0]LogConfig: Setting CVar [[r.SSS.Scale:1]]
[2019.08.30-23.39.05:391][  0]LogConfig: Setting CVar [[r.SSS.SampleSet:2]]
[2019.08.30-23.39.05:391][  0]LogConfig: Setting CVar [[r.SSS.Quality:1]]
[2019.08.30-23.39.05:391][  0]LogConfig: Setting CVar [[r.SSS.HalfRes:1]]
[2019.08.30-23.39.05:391][  0]LogConfig: Setting CVar [[r.EmitterSpawnRateScale:1.0]]
[2019.08.30-23.39.05:391][  0]LogConfig: Setting CVar [[r.ParticleLightQuality:2]]
[2019.08.30-23.39.05:391][  0]LogConfig: Applying CVar settings from Section [FoliageQuality@3] File [S:/Projects/Github/Project-Janus/ProjectJanus/Saved/Config/Windows/Scalability.ini]
[2019.08.30-23.39.05:391][  0]LogConfig: Setting CVar [[foliage.DensityScale:1.0]]
[2019.08.30-23.39.05:391][  0]LogConfig: Setting CVar [[grass.DensityScale:1.0]]
[2019.08.30-23.39.05:391][  0]LogConfig: Applying CVar settings from Section [Startup] File [../../../Engine/Config/ConsoleVariables.ini]
[2019.08.30-23.39.05:391][  0]LogConfig: Setting CVar [[net.UseAdaptiveNetUpdateFrequency:0]]
[2019.08.30-23.39.05:391][  0]LogConfig: Setting CVar [[p.chaos.AllowCreatePhysxBodies:1]]
[2019.08.30-23.39.05:391][  0]LogConfig: Applying CVar settings from Section [ConsoleVariables] File [S:/Projects/Github/Project-Janus/ProjectJanus/Saved/Config/Windows/Engine.ini]
[2019.08.30-23.39.05:391][  0]LogInit: Computer: TARKUS
[2019.08.30-23.39.05:391][  0]LogInit: User: Tene8rous
[2019.08.30-23.39.05:391][  0]LogInit: CPU Page size=4096, Cores=8
[2019.08.30-23.39.05:391][  0]LogInit: High frequency timer resolution =3.515664 MHz
[2019.08.30-23.39.05:391][  0]LogMemory: Memory total: Physical=15.9GB (16GB approx)
[2019.08.30-23.39.05:391][  0]LogMemory: Platform Memory Stats for Windows
[2019.08.30-23.39.05:391][  0]LogMemory: Process Physical Memory: 101.38 MB used, 101.38 MB peak
[2019.08.30-23.39.05:391][  0]LogMemory: Process Virtual Memory: 96.43 MB used, 96.43 MB peak
[2019.08.30-23.39.05:391][  0]LogMemory: Physical Memory: 10618.74 MB used,  5701.85 MB free, 16320.59 MB total
[2019.08.30-23.39.05:391][  0]LogMemory: Virtual Memory: 552.75 MB used,  8388055.00 MB free, 8388608.00 MB total
[2019.08.30-23.39.05:409][  0]LogInit: Using OS detected language (en-US).
[2019.08.30-23.39.05:409][  0]LogInit: Using OS detected locale (en-US).
[2019.08.30-23.39.05:409][  0]LogTextLocalizationManager: No specific localization for 'en-US' exists, so the 'en' localization will be used.
[2019.08.30-23.39.05:522][  0]LogWindows: Failed to load 'shcore.dll' (GetLastError=126)
[2019.08.30-23.39.05:522][  0]LogWindows: File 'shcore.dll' does not exist
[2019.08.30-23.39.05:522][  0]LogInit: Setting process to DPI aware
[2019.08.30-23.39.05:539][  0]LogSlate: New Slate User Created.  User Index 0, Is Virtual User: 0
[2019.08.30-23.39.05:539][  0]LogSlate: Slate User Registered.  User Index 0, Is Virtual User: 0
[2019.08.30-23.39.05:642][  0]LogHMD: Failed to initialize OpenVR with code 110
[2019.08.30-23.39.05:642][  0]LogD3D11RHI: D3D11 adapters:
[2019.08.30-23.39.05:690][  0]LogD3D11RHI:    0. 'NVIDIA GeForce GTX 970' (Feature Level 11_0)
[2019.08.30-23.39.05:690][  0]LogD3D11RHI:       3992/0/7904 MB DedicatedVideo/DedicatedSystem/SharedSystem, Outputs:2, VendorId:0x10de
[2019.08.30-23.39.05:690][  0]LogD3D11RHI: Chosen D3D11 Adapter: 0
[2019.08.30-23.39.05:696][  0]LogD3D11RHI: Creating new Direct3DDevice
[2019.08.30-23.39.05:696][  0]LogD3D11RHI:     GPU DeviceId: 0x13c2 (for the marketing name, search the web for "GPU Device Id")
[2019.08.30-23.39.05:696][  0]LogWindows: EnumDisplayDevices:
[2019.08.30-23.39.05:696][  0]LogWindows:    0. 'NVIDIA GeForce GTX 970' (P:1 D:1)
[2019.08.30-23.39.05:696][  0]LogWindows:    1. 'NVIDIA GeForce GTX 970' (P:0 D:1)
[2019.08.30-23.39.05:697][  0]LogWindows:    2. 'NVIDIA GeForce GTX 970' (P:0 D:0)
[2019.08.30-23.39.05:697][  0]LogWindows:    3. 'NVIDIA GeForce GTX 970' (P:0 D:0)
[2019.08.30-23.39.05:697][  0]LogWindows:    4. 'RDPDD Chained DD' (P:0 D:0)
[2019.08.30-23.39.05:697][  0]LogWindows:    5. 'RDP Encoder Mirror Driver' (P:0 D:0)
[2019.08.30-23.39.05:697][  0]LogWindows:    6. 'RDP Reflector Display Driver' (P:0 D:0)
[2019.08.30-23.39.05:697][  0]LogWindows: DebugString: GetVideoDriverDetailsInvalid PrimaryIsNotTheChoosenAdapter GetVideoDriverDetailsInvalid PrimaryIsNotTheChoosenAdapter GetVideoDriverDetailsInvalid PrimaryIsNotTheChoosenAdapter FoundDriverCount:4 
[2019.08.30-23.39.05:697][  0]LogD3D11RHI:     Adapter Name: NVIDIA GeForce GTX 970
[2019.08.30-23.39.05:697][  0]LogD3D11RHI:   Driver Version: 417.35 (internal:25.21.14.1735, unified:417.35)
[2019.08.30-23.39.05:697][  0]LogD3D11RHI:      Driver Date: 12-11-2018
[2019.08.30-23.39.05:697][  0]LogRHI: Texture pool is 2794 MB (70% of 3992 MB)
[2019.08.30-23.39.05:715][  0]LogD3D11RHI: Async texture creation enabled
[2019.08.30-23.39.05:720][  0]LogRendererCore: FGlobalReadBuffer::InitRHI
[2019.08.30-23.39.05:720][  0]LogRendererCore: FGlobalReadBuffer::InitRHI
[2019.08.30-23.39.05:720][  0]LogRendererCore: FGlobalReadBuffer::InitRHI
[2019.08.30-23.39.05:732][  0]LogD3D11RHI: GPU Timing Frequency: 1000.000000 (Debug: 2 2)
[2019.08.30-23.39.06:005][  0]LogTemp: Display: Module 'AllDesktopTargetPlatform' loaded TargetPlatform 'AllDesktop'
[2019.08.30-23.39.06:014][  0]LogTemp: Display: Module 'MacClientTargetPlatform' loaded TargetPlatform 'MacClient'
[2019.08.30-23.39.06:023][  0]LogTemp: Display: Module 'MacNoEditorTargetPlatform' loaded TargetPlatform 'MacNoEditor'
[2019.08.30-23.39.06:032][  0]LogTemp: Display: Module 'MacServerTargetPlatform' loaded TargetPlatform 'MacServer'
[2019.08.30-23.39.06:041][  0]LogTemp: Display: Module 'MacTargetPlatform' loaded TargetPlatform 'Mac'
[2019.08.30-23.39.06:050][  0]LogTemp: Display: Module 'WindowsClientTargetPlatform' loaded TargetPlatform 'WindowsClient'
[2019.08.30-23.39.06:060][  0]LogTemp: Display: Module 'WindowsNoEditorTargetPlatform' loaded TargetPlatform 'WindowsNoEditor'
[2019.08.30-23.39.06:069][  0]LogTemp: Display: Module 'WindowsServerTargetPlatform' loaded TargetPlatform 'WindowsServer'
[2019.08.30-23.39.06:073][  0]LogTemp: Display: Module 'WindowsTargetPlatform' loaded TargetPlatform 'Windows'
[2019.08.30-23.39.06:127][  0]LogTemp: Display: Module 'AndroidTargetPlatform' loaded TargetPlatform 'Android'
[2019.08.30-23.39.06:127][  0]LogTemp: Display: Module 'AndroidTargetPlatform' loaded TargetPlatform 'Android_ASTC'
[2019.08.30-23.39.06:127][  0]LogTemp: Display: Module 'AndroidTargetPlatform' loaded TargetPlatform 'Android_ATC'
[2019.08.30-23.39.06:127][  0]LogTemp: Display: Module 'AndroidTargetPlatform' loaded TargetPlatform 'Android_DXT'
[2019.08.30-23.39.06:127][  0]LogTemp: Display: Module 'AndroidTargetPlatform' loaded TargetPlatform 'Android_ETC1'
[2019.08.30-23.39.06:127][  0]LogTemp: Display: Module 'AndroidTargetPlatform' loaded TargetPlatform 'Android_ETC1a'
[2019.08.30-23.39.06:127][  0]LogTemp: Display: Module 'AndroidTargetPlatform' loaded TargetPlatform 'Android_ETC2'
[2019.08.30-23.39.06:127][  0]LogTemp: Display: Module 'AndroidTargetPlatform' loaded TargetPlatform 'Android_PVRTC'
[2019.08.30-23.39.06:127][  0]LogTemp: Display: Module 'AndroidTargetPlatform' loaded TargetPlatform 'AndroidClient'
[2019.08.30-23.39.06:127][  0]LogTemp: Display: Module 'AndroidTargetPlatform' loaded TargetPlatform 'Android_ASTCClient'
[2019.08.30-23.39.06:127][  0]LogTemp: Display: Module 'AndroidTargetPlatform' loaded TargetPlatform 'Android_ATCClient'
[2019.08.30-23.39.06:127][  0]LogTemp: Display: Module 'AndroidTargetPlatform' loaded TargetPlatform 'Android_DXTClient'
[2019.08.30-23.39.06:127][  0]LogTemp: Display: Module 'AndroidTargetPlatform' loaded TargetPlatform 'Android_ETC1Client'
[2019.08.30-23.39.06:127][  0]LogTemp: Display: Module 'AndroidTargetPlatform' loaded TargetPlatform 'Android_ETC1aClient'
[2019.08.30-23.39.06:127][  0]LogTemp: Display: Module 'AndroidTargetPlatform' loaded TargetPlatform 'Android_ETC2Client'
[2019.08.30-23.39.06:127][  0]LogTemp: Display: Module 'AndroidTargetPlatform' loaded TargetPlatform 'Android_PVRTCClient'
[2019.08.30-23.39.06:127][  0]LogTemp: Display: Module 'AndroidTargetPlatform' loaded TargetPlatform 'Android_Multi'
[2019.08.30-23.39.06:127][  0]LogTemp: Display: Module 'AndroidTargetPlatform' loaded TargetPlatform 'Android_MultiClient'
[2019.08.30-23.39.06:127][  0]LogTemp: Display: Module 'HTML5TargetPlatform' loaded TargetPlatform 'HTML5'
[2019.08.30-23.39.06:166][  0]LogTemp: Display: Module 'IOSTargetPlatform' loaded TargetPlatform 'IOSClient'
[2019.08.30-23.39.06:166][  0]LogTemp: Display: Module 'IOSTargetPlatform' loaded TargetPlatform 'IOS'
[2019.08.30-23.39.06:182][  0]LogTemp: Display: Module 'TVOSTargetPlatform' loaded TargetPlatform 'TVOSClient'
[2019.08.30-23.39.06:182][  0]LogTemp: Display: Module 'TVOSTargetPlatform' loaded TargetPlatform 'TVOS'
[2019.08.30-23.39.06:191][  0]LogTemp: Display: Module 'LinuxClientTargetPlatform' loaded TargetPlatform 'LinuxClient'
[2019.08.30-23.39.06:200][  0]LogTemp: Display: Module 'LinuxNoEditorTargetPlatform' loaded TargetPlatform 'LinuxNoEditor'
[2019.08.30-23.39.06:208][  0]LogTemp: Display: Module 'LinuxServerTargetPlatform' loaded TargetPlatform 'LinuxServer'
[2019.08.30-23.39.06:217][  0]LogTemp: Display: Module 'LinuxTargetPlatform' loaded TargetPlatform 'Linux'
[2019.08.30-23.39.06:251][  0]LogTemp: Display: Module 'LuminTargetPlatform' loaded TargetPlatform 'Lumin'
[2019.08.30-23.39.06:251][  0]LogTemp: Display: Module 'LuminTargetPlatform' loaded TargetPlatform 'LuminClient'
[2019.08.30-23.39.06:251][  0]LogTargetPlatformManager: Display: Building Assets For Windows
[2019.08.30-23.39.06:257][  0]LogAudioDebug: Display: Lib vorbis DLL was dynamically loaded.
[2019.08.30-23.39.06:285][  0]LogShaderCompilers: Guid format shader working directory is -11 characters bigger than the processId version (../../../../../../Projects/Github/Project-Janus/ProjectJanus/Intermediate/Shaders/WorkingDirectory/13980/).
[2019.08.30-23.39.06:285][  0]LogShaderCompilers: Cleaned the shader compiler working directory 'C:/Users/Tene8rous/AppData/Local/Temp/UnrealShaderWorkingDir/BD2CDFA5444500C4F11D019812BEB272/'.
[2019.08.30-23.39.06:286][  0]LogXGEController: Cannot use XGE Controller as Incredibuild is not installed on this machine.
[2019.08.30-23.39.06:286][  0]LogShaderCompilers: Cannot use XGE Shader Compiler as Incredibuild is not installed on this machine.
[2019.08.30-23.39.06:286][  0]LogShaderCompilers: Display: Using Local Shader Compiler.
[2019.08.30-23.39.06:677][  0]LogDerivedDataCache: Display: Max Cache Size: 512 MB
[2019.08.30-23.39.06:764][  0]LogDerivedDataCache: Loaded boot cache 0.09s 71MB C:/Users/Tene8rous/AppData/Local/UnrealEngine/4.22/DerivedDataCache/Boot.ddc.
[2019.08.30-23.39.06:764][  0]LogDerivedDataCache: Display: Loaded Boot cache: C:/Users/Tene8rous/AppData/Local/UnrealEngine/4.22/DerivedDataCache/Boot.ddc
[2019.08.30-23.39.06:764][  0]LogDerivedDataCache: FDerivedDataBackendGraph:  Pak pak cache file ../../../../../../Projects/Github/Project-Janus/ProjectJanus/DerivedDataCache/DDC.ddp not found, will not use a pak cache.
[2019.08.30-23.39.06:764][  0]LogDerivedDataCache: Unable to find inner node Pak for hierarchical cache Hierarchy.
[2019.08.30-23.39.06:764][  0]LogDerivedDataCache: FDerivedDataBackendGraph:  CompressedPak pak cache file ../../../../../../Projects/Github/Project-Janus/ProjectJanus/DerivedDataCache/Compressed.ddp not found, will not use a pak cache.
[2019.08.30-23.39.06:764][  0]LogDerivedDataCache: Unable to find inner node CompressedPak for hierarchical cache Hierarchy.
[2019.08.30-23.39.06:774][  0]LogDerivedDataCache: Display: Pak cache opened for reading ../../../Engine/DerivedDataCache/Compressed.ddp.
[2019.08.30-23.39.06:774][  0]LogDerivedDataCache: FDerivedDataBackendGraph:  EnterprisePak pak cache file ../../../Enterprise/DerivedDataCache/Compressed.ddp not found, will not use a pak cache.
[2019.08.30-23.39.06:774][  0]LogDerivedDataCache: Unable to find inner node EnterprisePak for hierarchical cache Hierarchy.
[2019.08.30-23.39.06:785][  0]LogDerivedDataCache: Using Local data cache path C:/Users/Tene8rous/AppData/Local/UnrealEngine/Common/DerivedDataCache: Writable
[2019.08.30-23.39.06:785][  0]LogDerivedDataCache: Shared data cache path not found in *engine.ini, will not use an Shared cache.
[2019.08.30-23.39.06:785][  0]LogDerivedDataCache: Unable to find inner node Shared for hierarchical cache Hierarchy.
[2019.08.30-23.39.06:803][  0]LogMaterial: Verifying Global Shaders for PCD3D_SM5
[2019.08.30-23.39.06:804][  0]LogSlate: Using FreeType 2.6.0
[2019.08.30-23.39.06:804][  0]LogSlate: SlateFontServices - WITH_FREETYPE: 1, WITH_HARFBUZZ: 1
[2019.08.30-23.39.06:873][  0]LogAssetRegistry: FAssetRegistry took 0.0284 seconds to start up
[2019.08.30-23.39.07:104][  0]LogInit: Selected Device Profile: [Windows]
[2019.08.30-23.39.07:141][  0]LogMeshReduction: Using QuadricMeshReduction for automatic static mesh reduction
[2019.08.30-23.39.07:141][  0]LogMeshReduction: Using SimplygonMeshReduction for automatic skeletal mesh reduction
[2019.08.30-23.39.07:141][  0]LogMeshReduction: Using ProxyLODMeshReduction for automatic mesh merging
[2019.08.30-23.39.07:141][  0]LogMeshReduction: No distributed automatic mesh merging module available
[2019.08.30-23.39.07:141][  0]LogMeshMerging: No distributed automatic mesh merging module available
[2019.08.30-23.39.07:210][  0]LogNetVersion: ProjectJanus 1.0.0, NetCL: 5660361, EngineNetVer: 10, GameNetVer: 0 (Checksum: 1487133140)
[2019.08.30-23.39.07:521][  0]LogPackageLocalizationCache: Processed 11 localized package path(s) for 1 prioritized culture(s) in 0.025890 seconds
[2019.08.30-23.39.07:525][  0]LogUObjectArray: 42205 objects as part of root set at end of initial load.
[2019.08.30-23.39.07:525][  0]LogUObjectAllocator: 7325032 out of 0 bytes used by permanent object pool.
[2019.08.30-23.39.07:525][  0]LogUObjectArray: CloseDisregardForGC: 0/0 objects in disregard for GC pool
[2019.08.30-23.39.08:071][  0]LogTcpMessaging: Initializing TcpMessaging bridge
[2019.08.30-23.39.08:083][  0]LogUdpMessaging: Initializing bridge on interface 0.0.0.0:0 to multicast group 230.0.0.1:6666.
[2019.08.30-23.39.08:185][  0]SourceControl: Source control is disabled
[2019.08.30-23.39.08:317][  0]LogVSAccessor: Display: Unable to create Visual Studio setup instance: 80040154
[2019.08.30-23.39.08:317][  0]LogVSAccessor: Display: Unable to create Visual Studio setup instance: 80040154
[2019.08.30-23.39.08:351][  0]LogAndroidPermission: UAndroidPermissionCallbackProxy::GetInstance
[2019.08.30-23.39.08:403][  0]LogOcInput: OculusInput pre-init called
[2019.08.30-23.39.08:908][  0]LogEngine: Initializing Engine...
[2019.08.30-23.39.08:909][  0]LogHMD: Failed to initialize OpenVR with code 110
[2019.08.30-23.39.08:910][  0]LogStats: UGameplayTagsManager::InitializeManager -  0.000 s
[2019.08.30-23.39.09:100][  0]LogInit: Initializing FReadOnlyCVARCache
[2019.08.30-23.39.09:108][  0]LogAIModule: Creating AISystem for world Untitled
[2019.08.30-23.39.09:129][  0]LogInit: XAudio2 using 'Speakers (Realtek High Definition Audio)' : 2 channels at 48 kHz using 32 bits per sample (channel mask 0x3)
[2019.08.30-23.39.09:136][  0]LogInit: FAudioDevice initialized.
[2019.08.30-23.39.09:137][  0]LogNetVersion: Set ProjectVersion to 1.0.0.0. Version Checksum will be recalculated on next use.
[2019.08.30-23.39.09:201][  0]LogDerivedDataCache: Saved boot cache 0.06s 71MB C:/Users/Tene8rous/AppData/Local/UnrealEngine/4.22/DerivedDataCache/Boot.ddc.
[2019.08.30-23.39.09:204][  0]LogInit: Texture streaming: Enabled
[2019.08.30-23.39.09:214][  0]LogEngineSessionManager: EngineSessionManager initialized
[2019.08.30-23.39.09:225][  0]LogInit: Transaction tracking system initialized
[2019.08.30-23.39.09:238][  0]BlueprintLog: New page: Editor Load
[2019.08.30-23.39.09:289][  0]LocalizationService: Localization service is disabled
[2019.08.30-23.39.09:368][  0]LogVSAccessor: Display: Unable to create Visual Studio setup instance: 80040154
[2019.08.30-23.39.09:369][  0]LogVSAccessor: Display: Unable to create Visual Studio setup instance: 80040154
[2019.08.30-23.39.09:489][  0]LogFileCache: Scanning file cache for directory 'S:/Projects/Github/Project-Janus/ProjectJanus/Content/' took 0.01s
[2019.08.30-23.39.09:489][  0]LogCook: Display: Max memory allowance for cook 16384mb min free memory 0mb
[2019.08.30-23.39.09:489][  0]LogCook: Display: Mobile HDR setting 1
[2019.08.30-23.39.09:599][  0]Cmd: MAP LOAD FILE="../../../../../../Projects/Github/Project-Janus/ProjectJanus/Content/StarterContent/Maps/Minimal_Default.umap" TEMPLATE=0 SHOWPROGRESS=1 FEATURELEVEL=3
[2019.08.30-23.39.09:599][  0]LightingResults: New page: Lighting Build
[2019.08.30-23.39.09:600][  0]MapCheck: New page: Map Check
[2019.08.30-23.39.09:600][  0]LightingResults: New page: Lighting Build
[2019.08.30-23.39.09:623][  0]LogUObjectHash: Compacting FUObjectHashTables data took   1.14ms
[2019.08.30-23.39.09:755][  0]LogAIModule: Creating AISystem for world Minimal_Default
[2019.08.30-23.39.09:759][  0]LogEditorServer: Finished looking for orphan Actors (0.000 secs)
[2019.08.30-23.39.09:781][  0]LogUObjectHash: Compacting FUObjectHashTables data took   1.45ms
[2019.08.30-23.39.09:782][  0]Cmd: MAP CHECKDEP NOCLEARLOG
[2019.08.30-23.39.09:782][  0]MapCheck: Map check complete: 0 Error(s), 0 Warning(s), took 0.061ms to complete.
[2019.08.30-23.39.09:782][  0]LogFileHelpers: Loading map 'Minimal_Default' took 0.183
[2019.08.30-23.39.09:902][  0]LogSlate: Updating window title bar state: overlay mode, drag disabled, window buttons hidden, title bar hidden
[2019.08.30-23.39.09:909][  0]LogSlate: Updating window title bar state: overlay mode, drag disabled, window buttons hidden, title bar hidden
[2019.08.30-23.39.09:914][  0]LogSlate: Updating window title bar state: overlay mode, drag disabled, window buttons hidden, title bar hidden
[2019.08.30-23.39.09:920][  0]LogSlate: Updating window title bar state: overlay mode, drag disabled, window buttons hidden, title bar hidden
[2019.08.30-23.39.09:924][  0]LogCollectionManager: Loaded 0 collections in 0.001126 seconds
[2019.08.30-23.39.09:958][  0]LogFileCache: Scanning file cache for directory 'S:/Projects/Github/Project-Janus/ProjectJanus/Saved/Collections/' took 0.01s
[2019.08.30-23.39.09:958][  0]LogFileCache: Scanning file cache for directory 'S:/Projects/Github/Project-Janus/ProjectJanus/Content/Developers/Tene8rous/Collections/' took 0.01s
[2019.08.30-23.39.09:958][  0]LogFileCache: Scanning file cache for directory 'S:/Projects/Github/Project-Janus/ProjectJanus/Content/Collections/' took 0.01s
[2019.08.30-23.39.09:958][  0]LogCollectionManager: Rebuilt the GUID cache for 0 collections in 0.000000 seconds
[2019.08.30-23.39.09:965][  0]LogContentBrowser: Native class hierarchy populated in 0.0062 seconds. Added 2741 classes and 672 folders.
[2019.08.30-23.39.09:969][  0]LogContentBrowser: Native class hierarchy updated for 'WidgetCarousel' in 0.0002 seconds. Added 0 classes and 0 folders.
[2019.08.30-23.39.09:970][  0]LogPakFile: Registered encryption key '00000000000000000000000000000000': 0 pak files mounted, 0 remain pending
[2019.08.30-23.39.09:970][  0]LogPakFile: Registered encryption key '00000000000000000000000000000000': 0 pak files mounted, 0 remain pending
[2019.08.30-23.39.09:970][  0]LogPakFile: Registered encryption key '00000000000000000000000000000000': 0 pak files mounted, 0 remain pending
[2019.08.30-23.39.09:970][  0]LogPakFile: Registered encryption key '00000000000000000000000000000000': 0 pak files mounted, 0 remain pending
[2019.08.30-23.39.09:971][  0]LogPakFile: Registered encryption key '00000000000000000000000000000000': 0 pak files mounted, 0 remain pending
[2019.08.30-23.39.09:971][  0]LogPakFile: Registered encryption key '00000000000000000000000000000000': 0 pak files mounted, 0 remain pending
[2019.08.30-23.39.09:971][  0]LogPakFile: Registered encryption key '00000000000000000000000000000000': 0 pak files mounted, 0 remain pending
[2019.08.30-23.39.09:971][  0]LogPakFile: Registered encryption key '00000000000000000000000000000000': 0 pak files mounted, 0 remain pending
[2019.08.30-23.39.09:971][  0]LogPakFile: Registered encryption key '00000000000000000000000000000000': 0 pak files mounted, 0 remain pending
[2019.08.30-23.39.09:972][  0]LogPakFile: Registered encryption key '00000000000000000000000000000000': 0 pak files mounted, 0 remain pending
[2019.08.30-23.39.09:972][  0]LogPakFile: Registered encryption key '00000000000000000000000000000000': 0 pak files mounted, 0 remain pending
[2019.08.30-23.39.09:972][  0]LogPakFile: Registered encryption key '00000000000000000000000000000000': 0 pak files mounted, 0 remain pending
[2019.08.30-23.39.09:972][  0]LogPakFile: Registered encryption key '00000000000000000000000000000000': 0 pak files mounted, 0 remain pending
[2019.08.30-23.39.09:973][  0]LogPakFile: Registered encryption key '00000000000000000000000000000000': 0 pak files mounted, 0 remain pending
[2019.08.30-23.39.09:973][  0]LogPakFile: Registered encryption key '00000000000000000000000000000000': 0 pak files mounted, 0 remain pending
[2019.08.30-23.39.09:973][  0]LogPakFile: Registered encryption key '00000000000000000000000000000000': 0 pak files mounted, 0 remain pending
[2019.08.30-23.39.09:973][  0]LogPakFile: Registered encryption key '00000000000000000000000000000000': 0 pak files mounted, 0 remain pending
[2019.08.30-23.39.09:974][  0]LogPakFile: Registered encryption key '00000000000000000000000000000000': 0 pak files mounted, 0 remain pending
[2019.08.30-23.39.09:974][  0]LogPakFile: Registered encryption key '00000000000000000000000000000000': 0 pak files mounted, 0 remain pending
[2019.08.30-23.39.09:974][  0]LogPakFile: Registered encryption key '00000000000000000000000000000000': 0 pak files mounted, 0 remain pending
[2019.08.30-23.39.09:974][  0]LogPakFile: Registered encryption key '00000000000000000000000000000000': 0 pak files mounted, 0 remain pending
[2019.08.30-23.39.09:975][  0]LogPakFile: Registered encryption key '00000000000000000000000000000000': 0 pak files mounted, 0 remain pending
[2019.08.30-23.39.09:975][  0]LogPakFile: Registered encryption key '00000000000000000000000000000000': 0 pak files mounted, 0 remain pending
[2019.08.30-23.39.09:976][  0]LogPakFile: Registered encryption key '00000000000000000000000000000000': 0 pak files mounted, 0 remain pending
[2019.08.30-23.39.09:976][  0]LogPakFile: Registered encryption key '00000000000000000000000000000000': 0 pak files mounted, 0 remain pending
[2019.08.30-23.39.09:976][  0]LogPakFile: Registered encryption key '00000000000000000000000000000000': 0 pak files mounted, 0 remain pending
[2019.08.30-23.39.09:993][  0]LogContentBrowser: Native class hierarchy updated for 'AddContentDialog' in 0.0002 seconds. Added 0 classes and 0 folders.
[2019.08.30-23.39.09:997][  0]LogContentBrowser: Native class hierarchy updated for 'SceneOutliner' in 0.0002 seconds. Added 1 classes and 2 folders.
[2019.08.30-23.39.10:031][  0]LogContentBrowser: Native class hierarchy updated for 'HierarchicalLODOutliner' in 0.0002 seconds. Added 0 classes and 0 folders.
[2019.08.30-23.39.10:031][  0]LogLoad: (Engine Initialization) Total time: 6.34 seconds
[2019.08.30-23.39.10:031][  0]LogLoad: (Engine Initialization) Total Blueprint compile time: 0.00 seconds
[2019.08.30-23.39.10:057][  0]LogAssetRegistry: Asset discovery search completed in 3.2036 seconds
[2019.08.30-23.39.10:058][  0]LogCollectionManager: Rebuilt the object cache for 0 collections in 0.000000 seconds (found 0 objects)
[2019.08.30-23.39.10:058][  0]LogCollectionManager: Fixed up redirectors for 0 collections in 0.000028 seconds (updated 0 objects)
[2019.08.30-23.39.10:059][  0]LogContentStreaming: Texture pool size now 1000 MB
[2019.08.30-23.39.10:065][  0]LogSlate: Took 0.000089 seconds to synchronously load lazily loaded font '../../../Engine/Content/Slate/Fonts/Roboto-Regular.ttf' (155K)
[2019.08.30-23.39.10:066][  0]LogSlate: Took 0.000074 seconds to synchronously load lazily loaded font '../../../Engine/Content/Slate/Fonts/Roboto-Bold.ttf' (160K)
[2019.08.30-23.39.10:068][  0]LogSlate: Took 0.000067 seconds to synchronously load lazily loaded font '../../../Engine/Content/Editor/Slate/Fonts/FontAwesome.ttf' (139K)
[2019.08.30-23.39.10:143][  1]LogRenderer: Reallocating scene render targets to support 1368x732 Format 10 NumSamples 1 (Frame:1).
[2019.08.30-23.39.11:977][185]LogSlate: FSceneViewport::OnFocusLost() reason 2
[2019.08.30-23.39.15:462][601]LogConcert: Display: Admin (D4F2E3EA47AFBCC0D38E64BD4D0EA507): Remote endpoint '3B945B9D45AAE39C96EE15BC9CAA6F1B' discovered.
[2019.08.30-23.39.15:470][602]LogConcert: Display: Server TERROR-PC discovered.
[2019.08.30-23.39.28:363][ 63]LogConcert: [Pending] Creating Session 'Janus'... - Validating Workspace...
[2019.08.30-23.39.28:363][ 63]LogSlate: Window 'Create A Session' being destroyed
[2019.08.30-23.39.28:369][ 63]LogSlate: Took 0.000099 seconds to synchronously load lazily loaded font '../../../Engine/Content/Slate/Fonts/Roboto-Light.ttf' (167K)
[2019.08.30-23.39.28:603][ 89]SourceControl: fatal: S:/Program Files (x86)/Epic Games/UE_4.22/Engine/Content: 'S:/Program Files (x86)/Epic Games/UE_4.22/Engine/Content' is outside repository
[2019.08.30-23.39.28:603][ 89]SourceControl: fatal: S:/Program Files (x86)/Epic Games/UE_4.22/Engine/Plugins/2D/Paper2D/Content: 'S:/Program Files (x86)/Epic Games/UE_4.22/Engine/Plugins/2D/Paper2D/Content' is outside repository
[2019.08.30-23.39.28:603][ 89]SourceControl: fatal: S:/Program Files (x86)/Epic Games/UE_4.22/Engine/Plugins/Developer/AnimationSharing/Content: 'S:/Program Files (x86)/Epic Games/UE_4.22/Engine/Plugins/Developer/AnimationSharing/Content' is outside repository
[2019.08.30-23.39.28:603][ 89]SourceControl: fatal: S:/Program Files (x86)/Epic Games/UE_4.22/Engine/Plugins/Developer/Concert/ConcertSync/ConcertSyncClient/Content: 'S:/Program Files (x86)/Epic Games/UE_4.22/Engine/Plugins/Developer/Concert/ConcertSync/ConcertSyncClient/Content' is outside repository
[2019.08.30-23.39.28:603][ 89]SourceControl: fatal: S:/Program Files (x86)/Epic Games/UE_4.22/Engine/Plugins/Editor/CryptoKeys/Content: 'S:/Program Files (x86)/Epic Games/UE_4.22/Engine/Plugins/Editor/CryptoKeys/Content' is outside repository
[2019.08.30-23.39.28:603][ 89]SourceControl: fatal: S:/Program Files (x86)/Epic Games/UE_4.22/Engine/Plugins/Enterprise/DatasmithContent/Content: 'S:/Program Files (x86)/Epic Games/UE_4.22/Engine/Plugins/Enterprise/DatasmithContent/Content' is outside repository
[2019.08.30-23.39.28:603][ 89]SourceControl: fatal: S:/Program Files (x86)/Epic Games/UE_4.22/Engine/Plugins/Lumin/MagicLeap/Content: 'S:/Program Files (x86)/Epic Games/UE_4.22/Engine/Plugins/Lumin/MagicLeap/Content' is outside repository
[2019.08.30-23.39.28:603][ 89]SourceControl: fatal: S:/Program Files (x86)/Epic Games/UE_4.22/Engine/Plugins/Media/MediaCompositing/Content: 'S:/Program Files (x86)/Epic Games/UE_4.22/Engine/Plugins/Media/MediaCompositing/Content' is outside repository
[2019.08.30-23.39.28:603][ 89]SourceControl: fatal: S:/Program Files (x86)/Epic Games/UE_4.22/Engine/Plugins/Runtime/Oculus/OculusVR/Content: 'S:/Program Files (x86)/Epic Games/UE_4.22/Engine/Plugins/Runtime/Oculus/OculusVR/Content' is outside repository
[2019.08.30-23.39.28:603][ 89]SourceControl: fatal: S:/Program Files (x86)/Epic Games/UE_4.22/Engine/Plugins/Runtime/Steam/SteamVR/Content: 'S:/Program Files (x86)/Epic Games/UE_4.22/Engine/Plugins/Runtime/Steam/SteamVR/Content' is outside repository
[2019.08.30-23.39.28:718][ 94]LogConcert: [Pending] Creating Session 'Janus'... - Attempting Remote Connection...
[2019.08.30-23.39.29:055][100]LogConcert: Display: Initialized Concert session 'Janus' (Owner: Tene8rous).
[2019.08.30-23.39.29:055][100]LogConcert: Display: Connecting to Concert session 'Janus' (Owner: Tene8rous).
[2019.08.30-23.39.29:067][101]LogConcert: [Success] Created Session 'Janus'
[2019.08.30-23.39.29:124][107]LogConcert: Display: Janus (7502F1FC471A5B02D57FBC9ABAFC9450): Remote endpoint 'D7CD9428481B9BD53CC240B8C3BFD695' discovered.
[2019.08.30-23.39.29:127][108]LogConcert: Display: Janus (7502F1FC471A5B02D57FBC9ABAFC9450): Remote endpoint '9ABA3CF64C2352420C9E9CB7EFEB4C51' discovered.
[2019.08.30-23.39.29:218][117]LogConcert: Display: Connected to Concert session 'Janus' (Owner: Tene8rous).
[2019.08.30-23.39.29:222][117]LogConcert: Display: Activity Feed: Tene8rous joined the session.
[2019.08.30-23.39.52:717][914]LogConcert: Display: Janus (7502F1FC471A5B02D57FBC9ABAFC9450): Remote endpoint 'D7CD9428481B9BD53CC240B8C3BFD695' closed by remote peer.
[2019.08.30-23.39.54:403][116]LogConcert: Display: Activity Feed: Terror joined the session.
[2019.08.30-23.39.54:403][116]LogConcert: Display: User 'Terror' (Endpoint: 9257B6A24B8B94EB3A3C7EA52D3089CE) joined Concert session 'Janus' (Owner: Tene8rous).
[2019.08.30-23.40.13:635][350]LogSlate: FSceneViewport::OnFocusLost() reason 0
[2019.08.30-23.40.39:652][207]LogSlate: Window 'Multi-User Browser' being destroyed
[2019.08.30-23.40.39:656][207]LogSlate: Window 'Multi-User Browser' being destroyed
[2019.08.30-23.40.40:696][315]LogEditorViewport: Clicking on Actor (LMB): StaticMeshActor (Table)
[2019.08.30-23.40.52:938][693]LogConcert: Display: Activity Feed: Terror modified Chair in /Game/StarterContent/Maps/Minimal_Default. Transaction Index: 0. Transaction Title: Move Actors.
[2019.08.30-23.40.52:940][693]LogConcert: Display: Activity Feed: Terror modified /Game/StarterContent/Maps/Minimal_Default in /Game/StarterContent/Maps/Minimal_Default. Transaction Index: 0. Transaction Title: Move Actors.
[2019.08.30-23.40.57:416][216]LogConcert: Display: Activity Feed: Terror modified Chair in /Game/StarterContent/Maps/Minimal_Default. Transaction Index: 1. Transaction Title: Move Actors.
[2019.08.30-23.40.57:419][216]LogConcert: Display: Activity Feed: Terror modified /Game/StarterContent/Maps/Minimal_Default in /Game/StarterContent/Maps/Minimal_Default. Transaction Index: 1. Transaction Title: Move Actors.
[2019.08.30-23.41.06:008][176]LogEditorViewport: Clicking on Actor (LMB): StaticMeshActor (Chair)
[2019.08.30-23.41.08:569][462]LogEditorViewport: Clicking on Actor (LMB): StaticMeshActor (Floor)
[2019.08.30-23.41.08:734][471]LogConcert: Display: Activity Feed: Tene8rous modified Chair_15 in /Game/StarterContent/Maps/Minimal_Default. Transaction Index: 2. Transaction Title: Move Actors.
[2019.08.30-23.41.09:550][556]LogEditorViewport: Clicking on Actor (LMB): StaticMeshActor (Chair)
[2019.08.30-23.41.11:581][787]LogConcert: Display: Activity Feed: Tene8rous modified Chair_15 in /Game/StarterContent/Maps/Minimal_Default. Transaction Index: 3. Transaction Title: Move Actors.
[2019.08.30-23.41.19:007][671]LogConcert: Display: Activity Feed: Tene8rous modified Chair_15 in /Game/StarterContent/Maps/Minimal_Default. Transaction Index: 4. Transaction Title: Move Actors.
[2019.08.30-23.41.26:278][541]LogConcert: Display: Activity Feed: Terror modified Floor_14 in /Game/StarterContent/Maps/Minimal_Default. Transaction Index: 5. Transaction Title: Scale Actors.
[2019.08.30-23.41.29:857][970]LogConcert: Display: Activity Feed: Terror modified Floor_14 in /Game/StarterContent/Maps/Minimal_Default. Transaction Index: 6. Transaction Title: Scale Actors.
[2019.08.30-23.41.34:727][537]LogConcert: Display: Activity Feed: Terror modified Floor_14 in /Game/StarterContent/Maps/Minimal_Default. Transaction Index: 7. Transaction Title: Scale Actors.
[2019.08.30-23.42.29:568][854]LogConcert: Display: Activity Feed: Terror created the package /Game/Somethin. Package Revision: 0.
[2019.08.30-23.42.47:569][907]LogSlate: FSceneViewport::OnFocusLost() reason 0
[2019.08.30-23.42.47:769][911]LogAssetEditorManager: Opening Asset editor for Blueprint /Game/Somethin.Somethin
[2019.08.30-23.42.48:736][911]LogContentBrowser: Native class hierarchy updated for 'BlueprintGraph' in 0.0004 seconds. Added 121 classes and 0 folders.
[2019.08.30-23.42.51:322][ 61]LogSlate: Took 0.018043 seconds to synchronously load lazily loaded font '../../../Engine/Content/Slate/Fonts/Roboto-Italic.ttf' (157K)
[2019.08.30-23.43.38:783][425]LogSlate: Window 'Somethin' being destroyed
[2019.08.30-23.43.38:786][425]LogSlate: Window 'Somethin' being destroyed
[2019.08.30-23.43.40:002][553]LogSlate: FSceneViewport::OnFocusLost() reason 0
[2019.08.30-23.43.45:534][206]LogAssetEditorManager: Opening Asset editor for Blueprint /Game/Somethin.Somethin
[2019.08.30-23.44.17:220][741]LogSlate: Window 'Somethin' being destroyed
[2019.08.30-23.44.17:223][741]LogSlate: Window 'Somethin' being destroyed
[2019.08.30-23.44.30:550][289]LogAssetEditorManager: Opening Asset editor for Blueprint /Game/Somethin.Somethin
[2019.08.30-23.44.32:366][471]LogSlate: Window 'Somethin' being destroyed
[2019.08.30-23.44.32:422][471]LogAssetEditorManager: Opening Asset editor for Blueprint /Game/Somethin.Somethin
[2019.08.30-23.44.32:839][471]LogSlate: Took 0.017498 seconds to synchronously load lazily loaded font '../../../Engine/Content/Slate/Fonts/Roboto-BoldCondensed.ttf' (158K)
[2019.08.30-23.45.39:590][678]BlueprintLog: New page: Compile Somethin
[2019.08.30-23.45.39:989][678]LogUObjectHash: Compacting FUObjectHashTables data took   2.24ms
[2019.08.30-23.45.49:106][684]BlueprintLog: New page: Compile Somethin
[2019.08.30-23.45.49:212][684]LogUObjectHash: Compacting FUObjectHashTables data took   2.06ms
[2019.08.30-23.45.52:158][  0]LogConcert: Display: Activity Feed: Terror saved the package /Game/Somethin. Package Revision: 1.
[2019.08.30-23.45.52:160][  0]LogUObjectGlobals: Reloading 1 Package(s):
	Asset Name: /Game/Somethin
[2019.08.30-23.45.52:214][  0]LogUObjectHash: Compacting FUObjectHashTables data took   2.17ms
[2019.08.30-23.45.52:220][  0]LogUObjectGlobals: Warning: ReloadPackage failed to find a replacement object for 'Somethin_C:ExecuteUbergraph_Somethin' in the new package '/Game/Somethin'. Any existing references to this object will be nulled out.
[2019.08.30-23.45.52:220][  0]LogUObjectGlobals: Warning: ReloadPackage failed to find a replacement object for 'Somethin_C:UberGraphFrame' in the new package '/Game/Somethin'. Any existing references to this object will be nulled out.
[2019.08.30-23.45.52:220][  0]LogUObjectGlobals: Warning: ReloadPackage failed to find a replacement object for 'Somethin:EventGraph.K2Node_IfThenElse_0' in the new package '/Game/Somethin'. Any existing references to this object will be nulled out.
[2019.08.30-23.45.52:221][  0]LogSlate: Window 'Somethin' being destroyed
[2019.08.30-23.45.52:225][  0]LogActorComponent: UnregisterComponent: (/Engine/Transient.DirectionalLightComponent_9) Not registered. Aborting.
[2019.08.30-23.45.52:225][  0]LogActorComponent: UnregisterComponent: (/Engine/Transient.SkyLightComponent_5) Not registered. Aborting.
[2019.08.30-23.45.52:225][  0]LogActorComponent: UnregisterComponent: (/Engine/Transient.LineBatchComponent_29) Not registered. Aborting.
[2019.08.30-23.45.52:225][  0]LogActorComponent: UnregisterComponent: (/Engine/Transient.EditorFloorComp) Not registered. Aborting.
[2019.08.30-23.45.52:305][  0]LogUObjectHash: Compacting FUObjectHashTables data took   1.85ms
[2019.08.30-23.45.52:422][  0]LogUObjectHash: Compacting FUObjectHashTables data took   2.20ms
[2019.08.30-23.45.52:422][  0]LogAssetEditorManager: Opening Asset editor for Blueprint /Game/Somethin.Somethin
[2019.08.30-23.45.55:431][310]LogSlate: Window 'Somethin' being destroyed
[2019.08.30-23.45.55:486][310]LogAssetEditorManager: Opening Asset editor for Blueprint /Game/Somethin.Somethin
[2019.08.30-23.46.05:129][383]LogRenderer: Reallocating scene render targets to support 1368x936 Format 10 NumSamples 1 (Frame:1).
[2019.08.30-23.47.05:000][212]BlueprintLog: New page: Compile Somethin
[2019.08.30-23.47.05:111][212]LogUObjectHash: Compacting FUObjectHashTables data took   2.02ms
[2019.08.30-23.47.06:243][308]Cmd: OBJ SAVEPACKAGE PACKAGE="/Game/Somethin" FILE="../../../../../../Projects/Github/Project-Janus/ProjectJanus/Content/Somethin.uasset" SILENT=true
[2019.08.30-23.47.06:280][308]LogSavePackage: Moving '../../../../../../Projects/Github/Project-Janus/ProjectJanus/Saved/Somethin04DD3B2445F19B975CE1DBB33D8A4AEE.tmp' to '../../../../../../Projects/Github/Project-Janus/ProjectJanus/Content/Somethin.uasset'
[2019.08.30-23.47.06:482][319]LogConcert: Display: Activity Feed: Tene8rous saved the package /Game/Somethin. Package Revision: 2.
[2019.08.30-23.47.26:227][ 52]LogSlate: Took 0.003883 seconds to synchronously load lazily loaded font '../../../Engine/Content/Slate/Fonts/Roboto-BoldCondensedItalic.ttf' (160K)
[2019.08.30-23.47.39:732][552]BlueprintLog: New page: Compile Somethin
[2019.08.30-23.47.39:841][552]LogUObjectHash: Compacting FUObjectHashTables data took   2.15ms
[2019.08.30-23.47.40:608][617]Cmd: OBJ SAVEPACKAGE PACKAGE="/Game/Somethin" FILE="../../../../../../Projects/Github/Project-Janus/ProjectJanus/Content/Somethin.uasset" SILENT=true
[2019.08.30-23.47.40:616][617]LogSavePackage: Moving '../../../../../../Projects/Github/Project-Janus/ProjectJanus/Saved/SomethinDDF73F564299AF3A935B18B9600285B1.tmp' to '../../../../../../Projects/Github/Project-Janus/ProjectJanus/Content/Somethin.uasset'
[2019.08.30-23.47.40:775][630]LogConcert: Display: Activity Feed: Tene8rous saved the package /Game/Somethin. Package Revision: 3.
[2019.08.30-23.48.02:293][573]LogSlate: Window 'Somethin' being destroyed
[2019.08.30-23.48.02:296][573]LogSlate: Window 'Somethin' being destroyed
[2019.08.30-23.48.03:548][685]LogAssetEditorManager: Opening Asset editor for Blueprint /Game/Somethin.Somethin
[2019.08.30-23.48.05:292][801]LogSlate: Window 'Somethin' being destroyed
[2019.08.30-23.48.05:295][801]LogSlate: Window 'Somethin' being destroyed
[2019.08.30-23.48.14:222][728]LogAssetEditorManager: Opening Asset editor for Blueprint /Game/Somethin.Somethin
[2019.08.30-23.48.41:511][296]LogConcert: Display: Activity Feed: Terror saved the package /Game/Somethin. Package Revision: 4.
[2019.08.30-23.48.41:512][296]LogUObjectGlobals: Reloading 1 Package(s):
	Asset Name: /Game/Somethin
[2019.08.30-23.48.41:566][296]LogUObjectHash: Compacting FUObjectHashTables data took   2.01ms
[2019.08.30-23.48.41:573][296]LogSlate: Window 'Somethin' being destroyed
[2019.08.30-23.48.41:575][296]LogActorComponent: UnregisterComponent: (/Engine/Transient.DirectionalLightComponent_13) Not registered. Aborting.
[2019.08.30-23.48.41:575][296]LogActorComponent: UnregisterComponent: (/Engine/Transient.SkyLightComponent_9) Not registered. Aborting.
[2019.08.30-23.48.41:575][296]LogActorComponent: UnregisterComponent: (/Engine/Transient.LineBatchComponent_45) Not registered. Aborting.
[2019.08.30-23.48.41:575][296]LogActorComponent: UnregisterComponent: (/Engine/Transient.EditorFloorComp) Not registered. Aborting.
[2019.08.30-23.48.41:655][296]LogUObjectHash: Compacting FUObjectHashTables data took   1.85ms
[2019.08.30-23.48.41:774][296]LogUObjectHash: Compacting FUObjectHashTables data took   2.10ms
[2019.08.30-23.48.41:774][296]LogAssetEditorManager: Opening Asset editor for Blueprint /Game/Somethin.Somethin
[2019.08.30-23.48.49:592][674]LogConcert: Display: Activity Feed: Terror created Somethin_2 in /Game/StarterContent/Maps/Minimal_Default. Transaction Index: 8. Transaction Title: Create Actors.
[2019.08.30-23.48.49:640][674]LogUObjectGlobals: Warning: Failed to find object 'Object /Game/StarterContent/Maps/Minimal_Default.Minimal_Default:PersistentLevel.Somethin_2.DefaultSceneRoot'
[2019.08.30-23.48.57:643][206]LogTemp: Repeating last play command: Selected Viewport
[2019.08.30-23.48.57:663][206]LogBlueprintUserMessages: Early PlayInEditor Detection: Level '/Game/StarterContent/Maps/Minimal_Default.Minimal_Default:PersistentLevel' has LevelScriptBlueprint '/Game/StarterContent/Maps/Minimal_Default.Minimal_Default:PersistentLevel.Minimal_Default' with GeneratedClass '/Game/StarterContent/Maps/Minimal_Default.Minimal_Default_C' with ClassGeneratedBy '/Game/StarterContent/Maps/Minimal_Default.Minimal_Default:PersistentLevel.Minimal_Default'
[2019.08.30-23.48.57:676][206]LogPlayLevel: PlayLevel: No blueprints needed recompiling
[2019.08.30-23.48.57:700][206]PIE: New page: PIE session: Minimal_Default (Aug 30, 2019, 3:48:57 PM)
[2019.08.30-23.48.57:739][206]LogPlayLevel: Creating play world package: /Game/StarterContent/Maps/UEDPIE_0_Minimal_Default
[2019.08.30-23.48.57:750][206]LogPlayLevel: PIE: StaticDuplicateObject took: (0.009758s)
[2019.08.30-23.48.57:751][206]LogAIModule: Creating AISystem for world Minimal_Default
[2019.08.30-23.48.57:751][206]LogPlayLevel: PIE: World Init took: (0.001139s)
[2019.08.30-23.48.57:751][206]LogPlayLevel: PIE: Created PIE world by copying editor world from /Game/StarterContent/Maps/Minimal_Default.Minimal_Default to /Game/StarterContent/Maps/UEDPIE_0_Minimal_Default.Minimal_Default (0.011649s)
[2019.08.30-23.48.57:802][206]LogUObjectHash: Compacting FUObjectHashTables data took   1.60ms
[2019.08.30-23.48.57:830][206]LogInit: XAudio2 using 'Speakers (Realtek High Definition Audio)' : 2 channels at 48 kHz using 32 bits per sample (channel mask 0x3)
[2019.08.30-23.48.57:838][206]LogInit: FAudioDevice initialized.
[2019.08.30-23.48.57:886][206]LogLoad: Game class is 'GameModeBase'
[2019.08.30-23.48.57:901][206]LogWorld: Bringing World /Game/StarterContent/Maps/UEDPIE_0_Minimal_Default.Minimal_Default up for play (max tick rate 0) at 2019.08.30-19.48.57
[2019.08.30-23.48.57:902][206]LogWorld: Bringing up level for play took: 0.000738
[2019.08.30-23.48.58:012][206]LogBlueprintActionDatabase: Requesting refresh due to module change: Voice (loaded)
[2019.08.30-23.48.58:033][206]LogBlueprintActionDatabase: Requesting refresh due to module change: MovieSceneCapture (loaded)
[2019.08.30-23.48.58:033][206]LogContentBrowser: Native class hierarchy updated for 'MovieSceneCapture' in 0.0004 seconds. Added 20 classes and 0 folders.
[2019.08.30-23.48.58:046][206]LogBlueprintUserMessages: [Somethin_2] We got butts!
[2019.08.30-23.48.58:050][206]PIE: Play in editor start time for /Game/StarterContent/Maps/UEDPIE_0_Minimal_Default 0.842
[2019.08.30-23.48.58:051][206]LogBlueprintUserMessages: Late PlayInEditor Detection: Level '/Game/StarterContent/Maps/Minimal_Default.Minimal_Default:PersistentLevel' has LevelScriptBlueprint '/Game/StarterContent/Maps/Minimal_Default.Minimal_Default:PersistentLevel.Minimal_Default' with GeneratedClass '/Game/StarterContent/Maps/Minimal_Default.Minimal_Default_C' with ClassGeneratedBy '/Game/StarterContent/Maps/Minimal_Default.Minimal_Default:PersistentLevel.Minimal_Default'
[2019.08.30-23.49.35:426][439]LogConcert: Display: Activity Feed: Terror saved the package /Game/Somethin. Package Revision: 5.
[2019.08.30-23.49.35:427][439]LogUObjectGlobals: Reloading 1 Package(s):
	Asset Name: /Game/Somethin
[2019.08.30-23.49.35:475][439]LogUObjectHash: Compacting FUObjectHashTables data took   3.72ms
[2019.08.30-23.49.35:481][439]LogSlate: Window 'Somethin' being destroyed
[2019.08.30-23.49.35:484][439]LogActorComponent: UnregisterComponent: (/Engine/Transient.DirectionalLightComponent_14) Not registered. Aborting.
[2019.08.30-23.49.35:484][439]LogActorComponent: UnregisterComponent: (/Engine/Transient.SkyLightComponent_10) Not registered. Aborting.
[2019.08.30-23.49.35:484][439]LogActorComponent: UnregisterComponent: (/Engine/Transient.LineBatchComponent_49) Not registered. Aborting.
[2019.08.30-23.49.35:484][439]LogActorComponent: UnregisterComponent: (/Engine/Transient.EditorFloorComp) Not registered. Aborting.
[2019.08.30-23.49.35:581][439]LogUObjectHash: Compacting FUObjectHashTables data took   3.40ms
[2019.08.30-23.49.35:825][439]LogUObjectHash: Compacting FUObjectHashTables data took   2.99ms
[2019.08.30-23.49.35:825][439]LogAssetEditorManager: Opening Asset editor for Blueprint /Game/Somethin.Somethin
[2019.08.30-23.49.35:830][439]LogSlate: FSceneViewport::OnFocusLost() reason 2
[2019.08.30-23.49.50:166][859]LogConcert: Display: Activity Feed: Terror saved the package /Game/StarterContent/Maps/Minimal_Default. Package Revision: 0.
[2019.08.30-23.49.55:958][859]LogSlate: Window 'Message' being destroyed
[2019.08.30-23.49.55:973][859]LogBlueprintUserMessages: Early EndPlayMap Detection: Level '/Game/StarterContent/Maps/Minimal_Default.Minimal_Default:PersistentLevel' has LevelScriptBlueprint '/Game/StarterContent/Maps/Minimal_Default.Minimal_Default:PersistentLevel.Minimal_Default' with GeneratedClass '/Game/StarterContent/Maps/Minimal_Default.Minimal_Default_C' with ClassGeneratedBy '/Game/StarterContent/Maps/Minimal_Default.Minimal_Default:PersistentLevel.Minimal_Default'
[2019.08.30-23.49.55:973][859]LogSlate: Updating window title bar state: overlay mode, drag disabled, window buttons hidden, title bar hidden
[2019.08.30-23.49.56:006][859]LogPlayLevel: Display: Shutting down PIE online subsystems
[2019.08.30-23.49.56:006][859]LogBlueprintUserMessages: Late EndPlayMap Detection: Level '/Game/StarterContent/Maps/Minimal_Default.Minimal_Default:PersistentLevel' has LevelScriptBlueprint '/Game/StarterContent/Maps/Minimal_Default.Minimal_Default:PersistentLevel.Minimal_Default' with GeneratedClass '/Game/StarterContent/Maps/Minimal_Default.Minimal_Default_C' with ClassGeneratedBy '/Game/StarterContent/Maps/Minimal_Default.Minimal_Default:PersistentLevel.Minimal_Default'
[2019.08.30-23.49.56:052][859]LogSlate: Updating window title bar state: overlay mode, drag disabled, window buttons hidden, title bar hidden
[2019.08.30-23.49.56:055][859]LogUObjectHash: Compacting FUObjectHashTables data took   1.71ms
[2019.08.30-23.49.56:058][859]LightingResults: New page: Lighting Build
[2019.08.30-23.49.56:058][859]MapCheck: New page: Map Check
[2019.08.30-23.49.56:058][859]LightingResults: New page: Lighting Build
[2019.08.30-23.49.56:088][859]LogUObjectHash: Compacting FUObjectHashTables data took   1.98ms
[2019.08.30-23.49.56:114][859]LogAIModule: Creating AISystem for world Untitled
[2019.08.30-23.49.56:117][859]LoadErrors: New page: New Map
[2019.08.30-23.49.56:129][859]LogAIModule: Creating AISystem for world Minimal_Default
[2019.08.30-23.49.56:138][859]LogAssetEditorManager: Opening Asset editor for World /Game/StarterContent/Maps/Minimal_Default.Minimal_Default
[2019.08.30-23.49.56:169][859]LogUObjectHash: Compacting FUObjectHashTables data took   1.50ms
[2019.08.30-23.49.56:170][859]Cmd: MAP LOAD FILE="../../../../../../Projects/Github/Project-Janus/ProjectJanus/Content/StarterContent/Maps/Minimal_Default.umap" TEMPLATE=0 SHOWPROGRESS=1 FEATURELEVEL=3
[2019.08.30-23.49.56:170][859]LightingResults: New page: Lighting Build
[2019.08.30-23.49.56:170][859]LoadErrors: New page: Loading map: Minimal_Default.umap
[2019.08.30-23.49.56:170][859]MapCheck: New page: Map Check
[2019.08.30-23.49.56:170][859]LightingResults: New page: Lighting Build
[2019.08.30-23.49.56:199][859]LogUObjectHash: Compacting FUObjectHashTables data took   1.62ms
[2019.08.30-23.49.56:201][859]LogEditorServer: Finished looking for orphan Actors (0.000 secs)
[2019.08.30-23.49.56:231][859]LogUObjectHash: Compacting FUObjectHashTables data took   1.69ms
[2019.08.30-23.49.56:246][859]Cmd: MAP CHECKDEP NOCLEARLOG
[2019.08.30-23.49.56:247][859]MapCheck: Map check complete: 0 Error(s), 0 Warning(s), took 0.078ms to complete.
[2019.08.30-23.49.56:247][859]LogFileHelpers: Loading map 'Minimal_Default' took 0.078
[2019.08.30-23.49.56:381][861]LogPlayLevel: Display: Destroying online subsystem :Context_12
[2019.08.30-23.49.58:601][ 34]LogTemp: Repeating last play command: Selected Viewport
[2019.08.30-23.49.58:611][ 34]LogBlueprintUserMessages: Early PlayInEditor Detection: Level '/Game/StarterContent/Maps/Minimal_Default.Minimal_Default:PersistentLevel' has LevelScriptBlueprint '/Game/StarterContent/Maps/Minimal_Default.Minimal_Default:PersistentLevel.Minimal_Default' with GeneratedClass '/Game/StarterContent/Maps/Minimal_Default.Minimal_Default_C' with ClassGeneratedBy '/Game/StarterContent/Maps/Minimal_Default.Minimal_Default:PersistentLevel.Minimal_Default'
[2019.08.30-23.49.58:611][ 34]LogPlayLevel: PlayLevel: No blueprints needed recompiling
[2019.08.30-23.49.58:611][ 34]PIE: New page: PIE session: Minimal_Default (Aug 30, 2019, 3:49:58 PM)
[2019.08.30-23.49.58:611][ 34]LogPlayLevel: Creating play world package: /Game/StarterContent/Maps/UEDPIE_0_Minimal_Default
[2019.08.30-23.49.58:614][ 34]LogPlayLevel: PIE: StaticDuplicateObject took: (0.002910s)
[2019.08.30-23.49.58:614][ 34]LogAIModule: Creating AISystem for world Minimal_Default
[2019.08.30-23.49.58:615][ 34]LogPlayLevel: PIE: World Init took: (0.000357s)
[2019.08.30-23.49.58:615][ 34]LogPlayLevel: PIE: Created PIE world by copying editor world from /Game/StarterContent/Maps/Minimal_Default.Minimal_Default to /Game/StarterContent/Maps/UEDPIE_0_Minimal_Default.Minimal_Default (0.003336s)
[2019.08.30-23.49.58:642][ 34]LogUObjectHash: Compacting FUObjectHashTables data took   1.32ms
[2019.08.30-23.49.58:647][ 34]LogInit: XAudio2 using 'Speakers (Realtek High Definition Audio)' : 2 channels at 48 kHz using 32 bits per sample (channel mask 0x3)
[2019.08.30-23.49.58:655][ 34]LogInit: FAudioDevice initialized.
[2019.08.30-23.49.58:682][ 34]LogLoad: Game class is 'GameModeBase'
[2019.08.30-23.49.58:683][ 34]LogWorld: Bringing World /Game/StarterContent/Maps/UEDPIE_0_Minimal_Default.Minimal_Default up for play (max tick rate 0) at 2019.08.30-19.49.58
[2019.08.30-23.49.58:683][ 34]LogWorld: Bringing up level for play took: 0.000493
[2019.08.30-23.49.58:694][ 34]LogBlueprintUserMessages: [Somethin_2] We got butts!
[2019.08.30-23.49.58:694][ 34]PIE: Play in editor start time for /Game/StarterContent/Maps/UEDPIE_0_Minimal_Default -0.514
[2019.08.30-23.49.58:694][ 34]LogBlueprintUserMessages: Late PlayInEditor Detection: Level '/Game/StarterContent/Maps/Minimal_Default.Minimal_Default:PersistentLevel' has LevelScriptBlueprint '/Game/StarterContent/Maps/Minimal_Default.Minimal_Default:PersistentLevel.Minimal_Default' with GeneratedClass '/Game/StarterContent/Maps/Minimal_Default.Minimal_Default_C' with ClassGeneratedBy '/Game/StarterContent/Maps/Minimal_Default.Minimal_Default:PersistentLevel.Minimal_Default'
[2019.08.30-23.50.24:761][149]LogConcert: Display: Admin (D4F2E3EA47AFBCC0D38E64BD4D0EA507): Remote endpoint '3B945B9D45AAE39C96EE15BC9CAA6F1B' timed-out.
[2019.08.30-23.50.24:761][149]LogConcert: Warning: Admin (D4F2E3EA47AFBCC0D38E64BD4D0EA507): Message '3449B6BF41AC24AECAF3FE83F5D5BB90' (ConcertAdmin_GetSessionsRequest) timed-out sending to '3B945B9D45AAE39C96EE15BC9CAA6F1B'.
[2019.08.30-23.50.24:761][149]LogConcert: Warning: Admin (D4F2E3EA47AFBCC0D38E64BD4D0EA507): Message '30603C1F4F881DEAE696D1B30A92743F' (ConcertAdmin_GetSessionClientsRequest) timed-out sending to '3B945B9D45AAE39C96EE15BC9CAA6F1B'.
[2019.08.30-23.51.10:642][651]LogBlueprintUserMessages: Early EndPlayMap Detection: Level '/Game/StarterContent/Maps/Minimal_Default.Minimal_Default:PersistentLevel' has LevelScriptBlueprint '/Game/StarterContent/Maps/Minimal_Default.Minimal_Default:PersistentLevel.Minimal_Default' with GeneratedClass '/Game/StarterContent/Maps/Minimal_Default.Minimal_Default_C' with ClassGeneratedBy '/Game/StarterContent/Maps/Minimal_Default.Minimal_Default:PersistentLevel.Minimal_Default'
[2019.08.30-23.51.10:643][651]LogSlate: Updating window title bar state: overlay mode, drag disabled, window buttons hidden, title bar hidden
[2019.08.30-23.51.10:669][651]LogPlayLevel: Display: Shutting down PIE online subsystems
[2019.08.30-23.51.10:669][651]LogBlueprintUserMessages: Late EndPlayMap Detection: Level '/Game/StarterContent/Maps/Minimal_Default.Minimal_Default:PersistentLevel' has LevelScriptBlueprint '/Game/StarterContent/Maps/Minimal_Default.Minimal_Default:PersistentLevel.Minimal_Default' with GeneratedClass '/Game/StarterContent/Maps/Minimal_Default.Minimal_Default_C' with ClassGeneratedBy '/Game/StarterContent/Maps/Minimal_Default.Minimal_Default:PersistentLevel.Minimal_Default'
[2019.08.30-23.51.10:700][651]LogSlate: Updating window title bar state: overlay mode, drag disabled, window buttons hidden, title bar hidden
[2019.08.30-23.51.10:703][651]LogUObjectHash: Compacting FUObjectHashTables data took   1.41ms
[2019.08.30-23.51.10:750][653]LogPlayLevel: Display: Destroying online subsystem :Context_14
[2019.08.30-23.51.12:934][821]LogSlate: FSceneViewport::OnFocusLost() reason 0
[2019.08.30-23.51.13:034][829]LogTemp: Repeating last play command: Selected Viewport
[2019.08.30-23.51.13:041][829]LogBlueprintUserMessages: Early PlayInEditor Detection: Level '/Game/StarterContent/Maps/Minimal_Default.Minimal_Default:PersistentLevel' has LevelScriptBlueprint '/Game/StarterContent/Maps/Minimal_Default.Minimal_Default:PersistentLevel.Minimal_Default' with GeneratedClass '/Game/StarterContent/Maps/Minimal_Default.Minimal_Default_C' with ClassGeneratedBy '/Game/StarterContent/Maps/Minimal_Default.Minimal_Default:PersistentLevel.Minimal_Default'
[2019.08.30-23.51.13:041][829]LogPlayLevel: PlayLevel: No blueprints needed recompiling
[2019.08.30-23.51.13:041][829]PIE: New page: PIE session: Minimal_Default (Aug 30, 2019, 3:51:13 PM)
[2019.08.30-23.51.13:041][829]LogPlayLevel: Creating play world package: /Game/StarterContent/Maps/UEDPIE_0_Minimal_Default
[2019.08.30-23.51.13:044][829]LogPlayLevel: PIE: StaticDuplicateObject took: (0.002132s)
[2019.08.30-23.51.13:044][829]LogAIModule: Creating AISystem for world Minimal_Default
[2019.08.30-23.51.13:044][829]LogPlayLevel: PIE: World Init took: (0.000339s)
[2019.08.30-23.51.13:044][829]LogPlayLevel: PIE: Created PIE world by copying editor world from /Game/StarterContent/Maps/Minimal_Default.Minimal_Default to /Game/StarterContent/Maps/UEDPIE_0_Minimal_Default.Minimal_Default (0.002545s)
[2019.08.30-23.51.13:072][829]LogUObjectHash: Compacting FUObjectHashTables data took   1.38ms
[2019.08.30-23.51.13:076][829]LogInit: XAudio2 using 'Speakers (Realtek High Definition Audio)' : 2 channels at 48 kHz using 32 bits per sample (channel mask 0x3)
[2019.08.30-23.51.13:084][829]LogInit: FAudioDevice initialized.
[2019.08.30-23.51.13:110][829]LogLoad: Game class is 'GameModeBase'
[2019.08.30-23.51.13:111][829]LogWorld: Bringing World /Game/StarterContent/Maps/UEDPIE_0_Minimal_Default.Minimal_Default up for play (max tick rate 0) at 2019.08.30-19.51.13
[2019.08.30-23.51.13:111][829]LogWorld: Bringing up level for play took: 0.000497
[2019.08.30-23.51.13:123][829]LogBlueprintUserMessages: [Somethin_2] We got butts!
[2019.08.30-23.51.13:124][829]PIE: Play in editor start time for /Game/StarterContent/Maps/UEDPIE_0_Minimal_Default -0.085
[2019.08.30-23.51.13:124][829]LogBlueprintUserMessages: Late PlayInEditor Detection: Level '/Game/StarterContent/Maps/Minimal_Default.Minimal_Default:PersistentLevel' has LevelScriptBlueprint '/Game/StarterContent/Maps/Minimal_Default.Minimal_Default:PersistentLevel.Minimal_Default' with GeneratedClass '/Game/StarterContent/Maps/Minimal_Default.Minimal_Default_C' with ClassGeneratedBy '/Game/StarterContent/Maps/Minimal_Default.Minimal_Default:PersistentLevel.Minimal_Default'
[2019.08.30-23.51.47:775][979]LogBlueprintUserMessages: Early EndPlayMap Detection: Level '/Game/StarterContent/Maps/Minimal_Default.Minimal_Default:PersistentLevel' has LevelScriptBlueprint '/Game/StarterContent/Maps/Minimal_Default.Minimal_Default:PersistentLevel.Minimal_Default' with GeneratedClass '/Game/StarterContent/Maps/Minimal_Default.Minimal_Default_C' with ClassGeneratedBy '/Game/StarterContent/Maps/Minimal_Default.Minimal_Default:PersistentLevel.Minimal_Default'
[2019.08.30-23.51.47:775][979]LogSlate: Updating window title bar state: overlay mode, drag disabled, window buttons hidden, title bar hidden
[2019.08.30-23.51.47:801][979]LogPlayLevel: Display: Shutting down PIE online subsystems
[2019.08.30-23.51.47:801][979]LogBlueprintUserMessages: Late EndPlayMap Detection: Level '/Game/StarterContent/Maps/Minimal_Default.Minimal_Default:PersistentLevel' has LevelScriptBlueprint '/Game/StarterContent/Maps/Minimal_Default.Minimal_Default:PersistentLevel.Minimal_Default' with GeneratedClass '/Game/StarterContent/Maps/Minimal_Default.Minimal_Default_C' with ClassGeneratedBy '/Game/StarterContent/Maps/Minimal_Default.Minimal_Default:PersistentLevel.Minimal_Default'
[2019.08.30-23.51.47:831][979]LogSlate: Updating window title bar state: overlay mode, drag disabled, window buttons hidden, title bar hidden
[2019.08.30-23.51.47:834][979]LogUObjectHash: Compacting FUObjectHashTables data took   1.27ms
[2019.08.30-23.51.47:881][981]LogPlayLevel: Display: Destroying online subsystem :Context_15
[2019.08.30-23.51.51:598][277]LogConcert: Display: Janus (7502F1FC471A5B02D57FBC9ABAFC9450): Remote endpoint '9ABA3CF64C2352420C9E9CB7EFEB4C51' timed-out.
[2019.08.30-23.51.51:598][277]LogConcert: Warning: Janus (7502F1FC471A5B02D57FBC9ABAFC9450): Message '2DA6E236441252910A1988889D3CF7E9' (ConcertSession_CustomEvent(/Script/ConcertSyncCore.ConcertPlaySessionEvent)) timed-out sending to '9ABA3CF64C2352420C9E9CB7EFEB4C51'.
[2019.08.30-23.51.51:598][277]LogConcert: Warning: Janus (7502F1FC471A5B02D57FBC9ABAFC9450): Message '26EC067D427B491496908AA683170480' (ConcertSession_CustomEvent(/Script/ConcertSyncCore.ConcertPlaySessionEvent)) timed-out sending to '9ABA3CF64C2352420C9E9CB7EFEB4C51'.
[2019.08.30-23.51.51:598][277]LogConcert: Warning: Janus (7502F1FC471A5B02D57FBC9ABAFC9450): Message 'B5FBE7FE4581E3A11A79708E8D4845DE' (ConcertSession_CustomEvent(/Script/ConcertSyncCore.ConcertPlaySessionEvent)) timed-out sending to '9ABA3CF64C2352420C9E9CB7EFEB4C51'.
[2019.08.30-23.51.51:598][277]LogConcert: Warning: Janus (7502F1FC471A5B02D57FBC9ABAFC9450): Message '6F4307224B7478C2BD53669DDA31F927' (ConcertSession_CustomEvent(/Script/ConcertSyncCore.ConcertPlaySessionEvent)) timed-out sending to '9ABA3CF64C2352420C9E9CB7EFEB4C51'.
[2019.08.30-23.51.51:598][277]LogConcert: Warning: Janus (7502F1FC471A5B02D57FBC9ABAFC9450): Message '17570B2447E45CF8D3E7C9BBD7F63A63' (ConcertSession_CustomEvent(/Script/ConcertSyncCore.ConcertPlaySessionEvent)) timed-out sending to '9ABA3CF64C2352420C9E9CB7EFEB4C51'.
[2019.08.30-23.51.51:598][277]LogConcert: Warning: Janus (7502F1FC471A5B02D57FBC9ABAFC9450): Message 'DC9D22684FBDF93D49063A95FA7F2582' (ConcertSession_LeaveSessionEvent) timed-out sending to '9ABA3CF64C2352420C9E9CB7EFEB4C51'.
[2019.08.30-23.51.51:601][277]LogConcert: Display: Activity Feed: Terror left the session.
[2019.08.30-23.51.51:601][277]LogConcert: Display: User 'Terror' (Endpoint: 9257B6A24B8B94EB3A3C7EA52D3089CE) left Concert session 'Janus' (Owner: Tene8rous).
[2019.08.30-23.51.51:601][277]LogConcert: Display: Disconnected from Concert session 'Janus' (Owner: Tene8rous).
[2019.08.30-23.51.51:726][277]LogDirectoryWatcher: A directory notification for 'S:/Projects/Github/Project-Janus/ProjectJanus/Intermediate/Concert/Janus_D0CE122D4EC6BB1850D7FBAD2CEF78B8/Sandbox/Engine/' was aborted.
[2019.08.30-23.51.51:726][277]LogDirectoryWatcher: A directory notification for 'S:/Projects/Github/Project-Janus/ProjectJanus/Intermediate/Concert/Janus_D0CE122D4EC6BB1850D7FBAD2CEF78B8/Sandbox/ProjectJanus/' was aborted.
[2019.08.30-23.51.51:726][277]LogDirectoryWatcher: A directory notification for 'S:/Projects/Github/Project-Janus/ProjectJanus/Intermediate/Concert/Janus_D0CE122D4EC6BB1850D7FBAD2CEF78B8/Sandbox/Paper2D/' was aborted.
[2019.08.30-23.51.51:726][277]LogDirectoryWatcher: A directory notification for 'S:/Projects/Github/Project-Janus/ProjectJanus/Intermediate/Concert/Janus_D0CE122D4EC6BB1850D7FBAD2CEF78B8/Sandbox/AnimationSharing/' was aborted.
[2019.08.30-23.51.51:727][277]LogDirectoryWatcher: A directory notification for 'S:/Projects/Github/Project-Janus/ProjectJanus/Intermediate/Concert/Janus_D0CE122D4EC6BB1850D7FBAD2CEF78B8/Sandbox/ConcertSyncClient/' was aborted.
[2019.08.30-23.51.51:727][277]LogDirectoryWatcher: A directory notification for 'S:/Projects/Github/Project-Janus/ProjectJanus/Intermediate/Concert/Janus_D0CE122D4EC6BB1850D7FBAD2CEF78B8/Sandbox/CryptoKeys/' was aborted.
[2019.08.30-23.51.51:727][277]LogDirectoryWatcher: A directory notification for 'S:/Projects/Github/Project-Janus/ProjectJanus/Intermediate/Concert/Janus_D0CE122D4EC6BB1850D7FBAD2CEF78B8/Sandbox/DatasmithContent/' was aborted.
[2019.08.30-23.51.51:727][277]LogDirectoryWatcher: A directory notification for 'S:/Projects/Github/Project-Janus/ProjectJanus/Intermediate/Concert/Janus_D0CE122D4EC6BB1850D7FBAD2CEF78B8/Sandbox/MagicLeap/' was aborted.
[2019.08.30-23.51.51:727][277]LogDirectoryWatcher: A directory notification for 'S:/Projects/Github/Project-Janus/ProjectJanus/Intermediate/Concert/Janus_D0CE122D4EC6BB1850D7FBAD2CEF78B8/Sandbox/MediaCompositing/' was aborted.
[2019.08.30-23.51.51:727][277]LogDirectoryWatcher: A directory notification for 'S:/Projects/Github/Project-Janus/ProjectJanus/Intermediate/Concert/Janus_D0CE122D4EC6BB1850D7FBAD2CEF78B8/Sandbox/OculusVR/' was aborted.
[2019.08.30-23.51.51:727][277]LogDirectoryWatcher: A directory notification for 'S:/Projects/Github/Project-Janus/ProjectJanus/Intermediate/Concert/Janus_D0CE122D4EC6BB1850D7FBAD2CEF78B8/Sandbox/SteamVR/' was aborted.
[2019.08.30-23.51.51:733][277]LightingResults: New page: Lighting Build
[2019.08.30-23.51.51:733][277]MapCheck: New page: Map Check
[2019.08.30-23.51.51:733][277]LightingResults: New page: Lighting Build
[2019.08.30-23.51.51:761][277]LogUObjectHash: Compacting FUObjectHashTables data took   1.30ms
[2019.08.30-23.51.51:762][277]LogAIModule: Creating AISystem for world Untitled
[2019.08.30-23.51.51:764][277]LoadErrors: New page: New Map
[2019.08.30-23.51.51:774][277]LogAIModule: Creating AISystem for world Minimal_Default
[2019.08.30-23.51.51:820][277]LogSlate: FSceneViewport::OnFocusLost() reason 2
[2019.08.30-23.51.51:832][277]LogAssetEditorManager: Opening Asset editor for World /Game/StarterContent/Maps/Minimal_Default.Minimal_Default
[2019.08.30-23.51.51:861][277]LogUObjectHash: Compacting FUObjectHashTables data took   1.61ms
[2019.08.30-23.51.51:862][277]Cmd: MAP LOAD FILE="../../../../../../Projects/Github/Project-Janus/ProjectJanus/Content/StarterContent/Maps/Minimal_Default.umap" TEMPLATE=0 SHOWPROGRESS=1 FEATURELEVEL=3
[2019.08.30-23.51.51:862][277]LightingResults: New page: Lighting Build
[2019.08.30-23.51.51:863][277]LoadErrors: New page: Loading map: Minimal_Default.umap
[2019.08.30-23.51.51:863][277]MapCheck: New page: Map Check
[2019.08.30-23.51.51:863][277]LightingResults: New page: Lighting Build
[2019.08.30-23.51.51:890][277]LogUObjectHash: Compacting FUObjectHashTables data took   1.62ms
[2019.08.30-23.51.51:892][277]LogEditorServer: Finished looking for orphan Actors (0.000 secs)
[2019.08.30-23.51.51:920][277]LogUObjectHash: Compacting FUObjectHashTables data took   1.58ms
[2019.08.30-23.51.51:934][277]Cmd: MAP CHECKDEP NOCLEARLOG
[2019.08.30-23.51.51:934][277]MapCheck: Map check complete: 0 Error(s), 0 Warning(s), took 0.054ms to complete.
[2019.08.30-23.51.51:935][277]LogFileHelpers: Loading map 'Minimal_Default' took 0.073
[2019.08.30-23.51.51:976][277]LogUObjectHash: Compacting FUObjectHashTables data took   0.65ms
[2019.08.30-23.51.51:976][277]LogConcert: Display: Shutdown Concert session 'Janus' (Owner: Tene8rous).
[2019.08.30-23.52.16:193][896]LogSlate: FSceneViewport::OnFocusLost() reason 0
[2019.08.30-23.52.19:343][ 95]LogConcert: Display: Server TERROR-PC lost.
[2019.08.30-23.52.19:401][ 99]LogConcert: Display: Admin (D4F2E3EA47AFBCC0D38E64BD4D0EA507): Remote endpoint '3B945B9D45AAE39C96EE15BC9CAA6F1B' discovered.
[2019.08.30-23.52.19:405][ 99]LogConcert: Display: Server TERROR-PC discovered.
[2019.08.30-23.52.21:748][247]LogConcert: [Pending] Connecting to Session 'Janus'... - Validating Workspace...
[2019.08.30-23.52.21:984][261]SourceControl: fatal: S:/Program Files (x86)/Epic Games/UE_4.22/Engine/Content: 'S:/Program Files (x86)/Epic Games/UE_4.22/Engine/Content' is outside repository
[2019.08.30-23.52.21:984][261]SourceControl: fatal: S:/Program Files (x86)/Epic Games/UE_4.22/Engine/Plugins/2D/Paper2D/Content: 'S:/Program Files (x86)/Epic Games/UE_4.22/Engine/Plugins/2D/Paper2D/Content' is outside repository
[2019.08.30-23.52.21:984][261]SourceControl: fatal: S:/Program Files (x86)/Epic Games/UE_4.22/Engine/Plugins/Developer/AnimationSharing/Content: 'S:/Program Files (x86)/Epic Games/UE_4.22/Engine/Plugins/Developer/AnimationSharing/Content' is outside repository
[2019.08.30-23.52.21:984][261]SourceControl: fatal: S:/Program Files (x86)/Epic Games/UE_4.22/Engine/Plugins/Developer/Concert/ConcertSync/ConcertSyncClient/Content: 'S:/Program Files (x86)/Epic Games/UE_4.22/Engine/Plugins/Developer/Concert/ConcertSync/ConcertSyncClient/Content' is outside repository
[2019.08.30-23.52.21:984][261]SourceControl: fatal: S:/Program Files (x86)/Epic Games/UE_4.22/Engine/Plugins/Editor/CryptoKeys/Content: 'S:/Program Files (x86)/Epic Games/UE_4.22/Engine/Plugins/Editor/CryptoKeys/Content' is outside repository
[2019.08.30-23.52.21:984][261]SourceControl: fatal: S:/Program Files (x86)/Epic Games/UE_4.22/Engine/Plugins/Enterprise/DatasmithContent/Content: 'S:/Program Files (x86)/Epic Games/UE_4.22/Engine/Plugins/Enterprise/DatasmithContent/Content' is outside repository
[2019.08.30-23.52.21:984][261]SourceControl: fatal: S:/Program Files (x86)/Epic Games/UE_4.22/Engine/Plugins/Lumin/MagicLeap/Content: 'S:/Program Files (x86)/Epic Games/UE_4.22/Engine/Plugins/Lumin/MagicLeap/Content' is outside repository
[2019.08.30-23.52.21:984][261]SourceControl: fatal: S:/Program Files (x86)/Epic Games/UE_4.22/Engine/Plugins/Media/MediaCompositing/Content: 'S:/Program Files (x86)/Epic Games/UE_4.22/Engine/Plugins/Media/MediaCompositing/Content' is outside repository
[2019.08.30-23.52.21:984][261]SourceControl: fatal: S:/Program Files (x86)/Epic Games/UE_4.22/Engine/Plugins/Runtime/Oculus/OculusVR/Content: 'S:/Program Files (x86)/Epic Games/UE_4.22/Engine/Plugins/Runtime/Oculus/OculusVR/Content' is outside repository
[2019.08.30-23.52.21:984][261]SourceControl: fatal: S:/Program Files (x86)/Epic Games/UE_4.22/Engine/Plugins/Runtime/Steam/SteamVR/Content: 'S:/Program Files (x86)/Epic Games/UE_4.22/Engine/Plugins/Runtime/Steam/SteamVR/Content' is outside repository
[2019.08.30-23.52.22:096][263]LogConcert: [Pending] Connecting to Session 'Janus'... - Attempting Remote Connection...
[2019.08.30-23.52.22:347][265]LogConcert: Display: Initialized Concert session 'Janus' (Owner: Tene8rous).
[2019.08.30-23.52.22:347][265]LogConcert: Display: Connecting to Concert session 'Janus' (Owner: Tene8rous).
[2019.08.30-23.52.22:347][265]LogConcert: [Success] Connected to Session 'Janus'
[2019.08.30-23.52.22:413][270]LogConcert: Display: Janus (6C2D8D6346C0EB0A8D1D998D55FCEC4C): Remote endpoint '9ABA3CF64C2352420C9E9CB7EFEB4C51' discovered.
[2019.08.30-23.52.22:507][274]LogConcert: Display: Connected to Concert session 'Janus' (Owner: Tene8rous).
[2019.08.30-23.52.22:507][274]LogConcert: Display: User 'Terror' (Endpoint: 9257B6A24B8B94EB3A3C7EA52D3089CE) joined Concert session 'Janus' (Owner: Tene8rous).
[2019.08.30-23.52.29:360][ 80]LogConcert: Display: Server TERROR-PC lost.
[2019.08.30-23.53.53:143][166]LogSlate: Window 'Multi-User Browser' being destroyed
[2019.08.30-23.53.53:145][166]LogSlate: Window 'Multi-User Browser' being destroyed
[2019.08.30-23.54.00:432][553]LogSlate: Window 'Somethin' being destroyed
[2019.08.30-23.54.00:435][553]LogSlate: Window 'Somethin' being destroyed
[2019.08.30-23.54.04:028][564]Cmd: CLOSE_SLATE_MAINFRAME
[2019.08.30-23.54.04:355][565]Cmd: CLOSE_SLATE_MAINFRAME
[2019.08.30-23.54.06:304][602]Cmd: CLOSE_SLATE_MAINFRAME
[2019.08.30-23.54.06:633][603]Cmd: CLOSE_SLATE_MAINFRAME
