Log file open, 08/30/19 20:03:26
LogWindows: Failed to load 'aqProf.dll' (GetLastError=126)
LogWindows: File 'aqProf.dll' does not exist
LogWindows: Failed to load 'VtuneApi.dll' (GetLastError=126)
LogWindows: File 'VtuneApi.dll' does not exist
LogWindows: Failed to load 'VtuneApi32e.dll' (GetLastError=126)
LogWindows: File 'VtuneApi32e.dll' does not exist
LogConsoleResponse: Display: Failed to find resolution value strings in scalability ini. Falling back to default.
LogInit: Display: Running engine for game: ProjectJanus
LogPakFile: Registered encryption key '00000000000000000000000000000000': 0 pak files mounted, 0 remain pending
LogPlatformFile: Not using cached read wrapper
LogTaskGraph: Started task graph with 5 named threads and 47 total threads with 3 sets of task threads.
LogStats: Stats thread started at 0.473188
LogD3D11RHI: Loaded GFSDK_Aftermath_Lib.x64.dll
LogICUInternationalization: ICU TimeZone Detection - Raw Offset: -5:00, Platform Override: ''
LogPluginManager: Mounting plugin Paper2D
LogPluginManager: Mounting plugin AISupport
LogPluginManager: Mounting plugin LightPropagationVolume
LogPluginManager: Mounting plugin ActorLayerUtilities
LogPluginManager: Mounting plugin AnimationSharing
LogPluginManager: Mounting plugin CLionSourceCodeAccess
LogPluginManager: Mounting plugin CodeLiteSourceCodeAccess
LogPluginManager: Mounting plugin ConcertFrontend
LogPluginManager: Mounting plugin ConcertMain
LogPluginManager: Mounting plugin ConcertSyncClient
LogPluginManager: Mounting plugin ConcertSyncCore
LogPluginManager: Found config from plugin[ConcertSyncCore] S:/Projects/Github/Project-Janus/ProjectJanus/Saved/Config/Windows/Engine.ini
LogPluginManager: Mounting plugin GitSourceControl
LogPluginManager: Mounting plugin KDevelopSourceCodeAccess
LogPluginManager: Mounting plugin NullSourceCodeAccess
LogPluginManager: Mounting plugin PerforceSourceControl
LogPluginManager: Mounting plugin SubversionSourceControl
LogPluginManager: Mounting plugin UObjectPlugin
LogPluginManager: Mounting plugin VisualStudioCodeSourceCodeAccess
LogPluginManager: Mounting plugin VisualStudioSourceCodeAccess
LogPluginManager: Mounting plugin XCodeSourceCodeAccess
LogPluginManager: Mounting plugin AssetManagerEditor
LogPluginManager: Mounting plugin CryptoKeys
LogPluginManager: Mounting plugin DataValidation
LogPluginManager: Mounting plugin FacialAnimation
LogPluginManager: Mounting plugin GameplayTagsEditor
LogPluginManager: Mounting plugin MacGraphicsSwitching
LogPluginManager: Mounting plugin MaterialAnalyzer
LogPluginManager: Mounting plugin MobileLauncherProfileWizard
LogPluginManager: Mounting plugin PluginBrowser
LogPluginManager: Mounting plugin SpeedTreeImporter
LogPluginManager: Mounting plugin DatasmithContent
LogPluginManager: Mounting plugin VariantManagerContent
LogPluginManager: Mounting plugin AlembicImporter
LogPluginManager: Mounting plugin AppleImageUtils
LogPluginManager: Mounting plugin AppleVision
LogPluginManager: Mounting plugin BackChannel
LogPluginManager: Mounting plugin CharacterAI
LogPluginManager: Mounting plugin GeometryCache
LogPluginManager: Mounting plugin HTML5Networking
LogPluginManager: Mounting plugin ProxyLODPlugin
LogPluginManager: Mounting plugin SkeletalReduction
LogPluginManager: Mounting plugin MagicLeap
LogPluginManager: Mounting plugin MagicLeapMedia
LogPluginManager: Mounting plugin AndroidMedia
LogPluginManager: Mounting plugin AvfMedia
LogPluginManager: Mounting plugin ImgMedia
LogPluginManager: Mounting plugin LinearTimecode
LogPluginManager: Mounting plugin MediaCompositing
LogPluginManager: Mounting plugin MediaPlayerEditor
LogPluginManager: Mounting plugin WebMMedia
LogPluginManager: Mounting plugin WmfMedia
LogPluginManager: Mounting plugin TcpMessaging
LogPluginManager: Mounting plugin UdpMessaging
LogPluginManager: Mounting plugin ActorSequence
LogPluginManager: Mounting plugin LevelSequenceEditor
LogPluginManager: Mounting plugin MatineeToLevelSequence
LogPluginManager: Mounting plugin NetcodeUnitTest
LogPluginManager: Mounting plugin NUTUnrealEngine4
LogPluginManager: Mounting plugin OnlineSubsystemGooglePlay
LogPluginManager: Mounting plugin OnlineSubsystemIOS
LogPluginManager: Mounting plugin OnlineSubsystem
LogPluginManager: Mounting plugin OnlineSubsystemNull
LogPluginManager: Mounting plugin OnlineSubsystemUtils
LogPluginManager: Mounting plugin LauncherChunkInstaller
LogPluginManager: Mounting plugin AndroidDeviceProfileSelector
LogPluginManager: Mounting plugin AndroidMoviePlayer
LogPluginManager: Mounting plugin AndroidPermission
LogPluginManager: Mounting plugin AppleMoviePlayer
LogPluginManager: Mounting plugin ArchVisCharacter
LogPluginManager: Mounting plugin AudioCapture
LogPluginManager: Mounting plugin CableComponent
LogPluginManager: Mounting plugin CustomMeshComponent
LogPluginManager: Mounting plugin EditableMesh
LogPluginManager: Mounting plugin ExampleDeviceProfileSelector
LogPluginManager: Mounting plugin Firebase
LogPluginManager: Mounting plugin GoogleCloudMessaging
LogPluginManager: Mounting plugin IOSDeviceProfileSelector
LogPluginManager: Mounting plugin LinuxDeviceProfileSelector
LogPluginManager: Mounting plugin LocationServicesBPLibrary
LogPluginManager: Mounting plugin MobilePatchingUtils
LogPluginManager: Mounting plugin OculusVR
LogPluginManager: Mounting plugin PhysXVehicles
LogPluginManager: Mounting plugin ProceduralMeshComponent
LogPluginManager: Mounting plugin RuntimePhysXCooking
LogPluginManager: Mounting plugin SignificanceManager
LogPluginManager: Mounting plugin SteamVR
LogPluginManager: Mounting plugin WebMMoviePlayer
LogPluginManager: Mounting plugin WindowsMoviePlayer
LogInit: Using libcurl 7.55.1-DEV
LogInit:  - built for x86_64-pc-win32
LogInit:  - supports SSL with OpenSSL/1.1.1
LogInit:  - supports HTTP deflate (compression) using libz 1.2.8
LogInit:  - other features:
LogInit:      CURL_VERSION_SSL
LogInit:      CURL_VERSION_LIBZ
LogInit:      CURL_VERSION_IPV6
LogInit:      CURL_VERSION_ASYNCHDNS
LogInit:      CURL_VERSION_LARGEFILE
LogInit:      CURL_VERSION_IDN
LogInit:  CurlRequestOptions (configurable via config and command line):
LogInit:  - bVerifyPeer = true  - Libcurl will verify peer certificate
LogInit:  - bUseHttpProxy = false  - Libcurl will NOT use HTTP proxy
LogInit:  - bDontReuseConnections = false  - Libcurl will reuse connections
LogInit:  - MaxHostConnections = 16  - Libcurl will limit the number of connections to a host
LogInit:  - LocalHostAddr = Default
LogInit:  - BufferSize = 65536
LogInit: WinSock: version 1.1 (2.2), MaxSocks=32767, MaxUdp=65467
LogInit: Build: ++UE4+Release-4.22-CL-7053642
LogInit: Engine Version: 4.22.3-7053642+++UE4+Release-4.22
LogInit: Compatible Engine Version: 4.22.0-5660361+++UE4+Release-4.22
LogInit: Net CL: 5660361
LogInit: OS: Windows 7 (Service Pack 1), CPU: Intel(R) Core(TM) i9-9900K CPU @ 3.60GHz, GPU: NVIDIA GeForce GTX 970
LogInit: Compiled (64-bit): Jun 18 2019 03:09:11
LogInit: Compiled with Visual C++: 19.16.27025.01
LogInit: Build Configuration: Development
LogInit: Branch Name: ++UE4+Release-4.22
LogInit: Command Line:  -EpicPortal -epicusername=Tene8rous -epicuserid=55a0c3d294df495a99b9f2a2c22a7c55 -epiclocale=en-US
LogInit: Base Directory: S:/Program Files (x86)/Epic Games/UE_4.22/Engine/Binaries/Win64/
LogInit: Installed Engine Build: 1
LogDevObjectVersion: Number of dev versions registered: 23
LogDevObjectVersion:   Dev-Blueprints (B0D832E4-1F89-4F0D-ACCF-7EB736FD4AA2): 10
LogDevObjectVersion:   Dev-Build (E1C64328-A22C-4D53-A36C-8E866417BD8C): 0
LogDevObjectVersion:   Dev-Core (375EC13C-06E4-48FB-B500-84F0262A717E): 3
LogDevObjectVersion:   Dev-Editor (E4B068ED-F494-42E9-A231-DA0B2E46BB41): 30
LogDevObjectVersion:   Dev-Framework (CFFC743F-43B0-4480-9391-14DF171D2073): 35
LogDevObjectVersion:   Dev-Mobile (B02B49B5-BB20-44E9-A304-32B752E40360): 2
LogDevObjectVersion:   Dev-Networking (A4E4105C-59A1-49B5-A7C5-40C4547EDFEE): 0
LogDevObjectVersion:   Dev-Online (39C831C9-5AE6-47DC-9A44-9C173E1C8E7C): 0
LogDevObjectVersion:   Dev-Physics (78F01B33-EBEA-4F98-B9B4-84EACCB95AA2): 0
LogDevObjectVersion:   Dev-Platform (6631380F-2D4D-43E0-8009-CF276956A95A): 0
LogDevObjectVersion:   Dev-Rendering (12F88B9F-8875-4AFC-A67C-D90C383ABD29): 28
LogDevObjectVersion:   Dev-Sequencer (7B5AE74C-D270-4C10-A958-57980B212A5A): 11
LogDevObjectVersion:   Dev-VR (D7296918-1DD6-4BDD-9DE2-64A83CC13884): 2
LogDevObjectVersion:   Dev-LoadTimes (C2A15278-BFE7-4AFE-6C17-90FF531DF755): 1
LogDevObjectVersion:   Private-Geometry (6EACA3D4-40EC-4CC1-B786-8BED09428FC5): 3
LogDevObjectVersion:   Dev-AnimPhys (29E575DD-E0A3-4627-9D10-D276232CDCEA): 17
LogDevObjectVersion:   Dev-Anim (AF43A65D-7FD3-4947-9873-3E8ED9C1BB05): 2
LogDevObjectVersion:   Dev-ReflectionCapture (6B266CEC-1EC7-4B8F-A30B-E4D90942FC07): 1
LogDevObjectVersion:   Dev-Automation (0DF73D61-A23F-47EA-B727-89E90C41499A): 1
LogDevObjectVersion:   FortniteMain (601D1886-AC64-4F84-AA16-D3DE0DEAC7D6): 25
LogDevObjectVersion:   Dev-Enterprise (9DFFBCD6-494F-0158-E221-12823C92A888): 6
LogDevObjectVersion:   Dev-Niagara (F2AED0AC-9AFE-416F-8664-AA7FFA26D6FC): 1
LogDevObjectVersion:   Dev-Destruction (174F1F0B-B4C6-45A5-B13F-2EE8D0FB917D): 2
LogInit: Presizing for max 16777216 objects, including 0 objects not considered by GC, pre-allocating 0 bytes for permanent pool.
LogInit: Object subsystem initialized
LogConfig: Setting CVar [[con.DebugEarlyDefault:1]]
LogConfig: Setting CVar [[r.setres:1280x720]]
[2019.08.31-00.03.26:482][  0]LogConfig: Setting CVar [[r.VSync:0]]
[2019.08.31-00.03.26:482][  0]LogConfig: Setting CVar [[r.RHICmdBypass:0]]
[2019.08.31-00.03.26:482][  0]LogConfig: Applying CVar settings from Section [/Script/Engine.RendererSettings] File [S:/Projects/Github/Project-Janus/ProjectJanus/Saved/Config/Windows/Engine.ini]
[2019.08.31-00.03.26:482][  0]LogConfig: Setting CVar [[r.GPUCrashDebugging:0]]
[2019.08.31-00.03.26:482][  0]LogConfig: Setting CVar [[r.DefaultFeature.AutoExposure.ExtendDefaultLuminanceRange:1]]
[2019.08.31-00.03.26:482][  0]LogConfig: Applying CVar settings from Section [/Script/Engine.RendererOverrideSettings] File [S:/Projects/Github/Project-Janus/ProjectJanus/Saved/Config/Windows/Engine.ini]
[2019.08.31-00.03.26:482][  0]LogConfig: Applying CVar settings from Section [/Script/Engine.StreamingSettings] File [S:/Projects/Github/Project-Janus/ProjectJanus/Saved/Config/Windows/Engine.ini]
[2019.08.31-00.03.26:482][  0]LogConfig: Setting CVar [[s.MinBulkDataSizeForAsyncLoading:131072]]
[2019.08.31-00.03.26:482][  0]LogConfig: Setting CVar [[s.AsyncLoadingThreadEnabled:0]]
[2019.08.31-00.03.26:482][  0]LogConfig: Setting CVar [[s.EventDrivenLoaderEnabled:1]]
[2019.08.31-00.03.26:482][  0]LogConfig: Setting CVar [[s.WarnIfTimeLimitExceeded:0]]
[2019.08.31-00.03.26:482][  0]LogConfig: Setting CVar [[s.TimeLimitExceededMultiplier:1.5]]
[2019.08.31-00.03.26:482][  0]LogConfig: Setting CVar [[s.TimeLimitExceededMinTime:0.005]]
[2019.08.31-00.03.26:482][  0]LogConfig: Setting CVar [[s.UseBackgroundLevelStreaming:1]]
[2019.08.31-00.03.26:482][  0]LogConfig: Setting CVar [[s.PriorityAsyncLoadingExtraTime:15.0]]
[2019.08.31-00.03.26:482][  0]LogConfig: Setting CVar [[s.LevelStreamingActorsUpdateTimeLimit:5.0]]
[2019.08.31-00.03.26:482][  0]LogConfig: Setting CVar [[s.PriorityLevelStreamingActorsUpdateExtraTime:5.0]]
[2019.08.31-00.03.26:482][  0]LogConfig: Setting CVar [[s.LevelStreamingComponentsRegistrationGranularity:10]]
[2019.08.31-00.03.26:482][  0]LogConfig: Setting CVar [[s.UnregisterComponentsTimeLimit:1.0]]
[2019.08.31-00.03.26:482][  0]LogConfig: Setting CVar [[s.LevelStreamingComponentsUnregistrationGranularity:5]]
[2019.08.31-00.03.26:482][  0]LogConfig: Applying CVar settings from Section [/Script/Engine.GarbageCollectionSettings] File [S:/Projects/Github/Project-Janus/ProjectJanus/Saved/Config/Windows/Engine.ini]
[2019.08.31-00.03.26:482][  0]LogConfig: Setting CVar [[gc.MaxObjectsNotConsideredByGC:1]]
[2019.08.31-00.03.26:482][  0]LogConfig: Setting CVar [[gc.SizeOfPermanentObjectPool:0]]
[2019.08.31-00.03.26:482][  0]LogConfig: Setting CVar [[gc.FlushStreamingOnGC:0]]
[2019.08.31-00.03.26:482][  0]LogConfig: Setting CVar [[gc.NumRetriesBeforeForcingGC:10]]
[2019.08.31-00.03.26:482][  0]LogConfig: Setting CVar [[gc.AllowParallelGC:1]]
[2019.08.31-00.03.26:482][  0]LogConfig: Setting CVar [[gc.TimeBetweenPurgingPendingKillObjects:61.1]]
[2019.08.31-00.03.26:482][  0]LogConfig: Setting CVar [[gc.MaxObjectsInEditor:16777216]]
[2019.08.31-00.03.26:482][  0]LogConfig: Setting CVar [[gc.IncrementalBeginDestroyEnabled:1]]
[2019.08.31-00.03.26:482][  0]LogConfig: Setting CVar [[gc.CreateGCClusters:1]]
[2019.08.31-00.03.26:482][  0]LogConfig: Setting CVar [[gc.MinGCClusterSize:5]]
[2019.08.31-00.03.26:482][  0]LogConfig: Setting CVar [[gc.ActorClusteringEnabled:0]]
[2019.08.31-00.03.26:482][  0]LogConfig: Setting CVar [[gc.BlueprintClusteringEnabled:0]]
[2019.08.31-00.03.26:482][  0]LogConfig: Setting CVar [[gc.UseDisregardForGCOnDedicatedServers:0]]
[2019.08.31-00.03.26:482][  0]LogConfig: Applying CVar settings from Section [/Script/Engine.NetworkSettings] File [S:/Projects/Github/Project-Janus/ProjectJanus/Saved/Config/Windows/Engine.ini]
[2019.08.31-00.03.26:482][  0]LogConfig: Applying CVar settings from Section [/Script/UnrealEd.CookerSettings] File [S:/Projects/Github/Project-Janus/ProjectJanus/Saved/Config/Windows/Engine.ini]
[2019.08.31-00.03.26:490][  0]LogConfig: Applying CVar settings from Section [ViewDistanceQuality@3] File [S:/Projects/Github/Project-Janus/ProjectJanus/Saved/Config/Windows/Scalability.ini]
[2019.08.31-00.03.26:490][  0]LogConfig: Setting CVar [[r.SkeletalMeshLODBias:0]]
[2019.08.31-00.03.26:490][  0]LogConfig: Setting CVar [[r.ViewDistanceScale:1.0]]
[2019.08.31-00.03.26:490][  0]LogConfig: Applying CVar settings from Section [AntiAliasingQuality@3] File [S:/Projects/Github/Project-Janus/ProjectJanus/Saved/Config/Windows/Scalability.ini]
[2019.08.31-00.03.26:490][  0]LogConfig: Setting CVar [[r.PostProcessAAQuality:4]]
[2019.08.31-00.03.26:490][  0]LogConfig: Applying CVar settings from Section [ShadowQuality@3] File [S:/Projects/Github/Project-Janus/ProjectJanus/Saved/Config/Windows/Scalability.ini]
[2019.08.31-00.03.26:490][  0]LogConfig: Setting CVar [[r.LightFunctionQuality:1]]
[2019.08.31-00.03.26:490][  0]LogConfig: Setting CVar [[r.ShadowQuality:5]]
[2019.08.31-00.03.26:490][  0]LogConfig: Setting CVar [[r.Shadow.CSM.MaxCascades:10]]
[2019.08.31-00.03.26:490][  0]LogConfig: Setting CVar [[r.Shadow.MaxResolution:2048]]
[2019.08.31-00.03.26:490][  0]LogConfig: Setting CVar [[r.Shadow.MaxCSMResolution:2048]]
[2019.08.31-00.03.26:490][  0]LogConfig: Setting CVar [[r.Shadow.RadiusThreshold:0.01]]
[2019.08.31-00.03.26:490][  0]LogConfig: Setting CVar [[r.Shadow.DistanceScale:1.0]]
[2019.08.31-00.03.26:490][  0]LogConfig: Setting CVar [[r.Shadow.CSM.TransitionScale:1.0]]
[2019.08.31-00.03.26:490][  0]LogConfig: Setting CVar [[r.Shadow.PreShadowResolutionFactor:1.0]]
[2019.08.31-00.03.26:490][  0]LogConfig: Setting CVar [[r.DistanceFieldShadowing:1]]
[2019.08.31-00.03.26:490][  0]LogConfig: Setting CVar [[r.DistanceFieldAO:1]]
[2019.08.31-00.03.26:490][  0]LogConfig: Setting CVar [[r.AOQuality:2]]
[2019.08.31-00.03.26:490][  0]LogConfig: Setting CVar [[r.VolumetricFog:1]]
[2019.08.31-00.03.26:490][  0]LogConfig: Setting CVar [[r.VolumetricFog.GridPixelSize:8]]
[2019.08.31-00.03.26:490][  0]LogConfig: Setting CVar [[r.VolumetricFog.GridSizeZ:128]]
[2019.08.31-00.03.26:490][  0]LogConfig: Setting CVar [[r.VolumetricFog.HistoryMissSupersampleCount:4]]
[2019.08.31-00.03.26:490][  0]LogConfig: Setting CVar [[r.LightMaxDrawDistanceScale:1]]
[2019.08.31-00.03.26:490][  0]LogConfig: Setting CVar [[r.CapsuleShadows:1]]
[2019.08.31-00.03.26:490][  0]LogConfig: Applying CVar settings from Section [PostProcessQuality@3] File [S:/Projects/Github/Project-Janus/ProjectJanus/Saved/Config/Windows/Scalability.ini]
[2019.08.31-00.03.26:490][  0]LogConfig: Setting CVar [[r.MotionBlurQuality:4]]
[2019.08.31-00.03.26:490][  0]LogConfig: Setting CVar [[r.AmbientOcclusionMipLevelFactor:0.4]]
[2019.08.31-00.03.26:490][  0]LogConfig: Setting CVar [[r.AmbientOcclusionMaxQuality:100]]
[2019.08.31-00.03.26:490][  0]LogConfig: Setting CVar [[r.AmbientOcclusionLevels:-1]]
[2019.08.31-00.03.26:490][  0]LogConfig: Setting CVar [[r.AmbientOcclusionRadiusScale:1.0]]
[2019.08.31-00.03.26:490][  0]LogConfig: Setting CVar [[r.DepthOfFieldQuality:2]]
[2019.08.31-00.03.26:490][  0]LogConfig: Setting CVar [[r.RenderTargetPoolMin:400]]
[2019.08.31-00.03.26:490][  0]LogConfig: Setting CVar [[r.LensFlareQuality:2]]
[2019.08.31-00.03.26:490][  0]LogConfig: Setting CVar [[r.SceneColorFringeQuality:1]]
[2019.08.31-00.03.26:490][  0]LogConfig: Setting CVar [[r.EyeAdaptationQuality:2]]
[2019.08.31-00.03.26:490][  0]LogConfig: Setting CVar [[r.BloomQuality:5]]
[2019.08.31-00.03.26:490][  0]LogConfig: Setting CVar [[r.FastBlurThreshold:100]]
[2019.08.31-00.03.26:490][  0]LogConfig: Setting CVar [[r.Upscale.Quality:3]]
[2019.08.31-00.03.26:490][  0]LogConfig: Setting CVar [[r.Tonemapper.GrainQuantization:1]]
[2019.08.31-00.03.26:490][  0]LogConfig: Setting CVar [[r.LightShaftQuality:1]]
[2019.08.31-00.03.26:490][  0]LogConfig: Setting CVar [[r.Filter.SizeScale:1]]
[2019.08.31-00.03.26:490][  0]LogConfig: Setting CVar [[r.Tonemapper.Quality:5]]
[2019.08.31-00.03.26:490][  0]LogConfig: Setting CVar [[r.DOF.Gather.AccumulatorQuality:1        ; higher gathering accumulator quality]]
[2019.08.31-00.03.26:490][  0]LogConfig: Setting CVar [[r.DOF.Gather.PostfilterMethod:1          ; Median3x3 postfilering method]]
[2019.08.31-00.03.26:490][  0]LogConfig: Setting CVar [[r.DOF.Gather.EnableBokehSettings:0       ; no bokeh simulation when gathering]]
[2019.08.31-00.03.26:490][  0]LogConfig: Setting CVar [[r.DOF.Gather.RingCount:4                 ; medium number of samples when gathering]]
[2019.08.31-00.03.26:490][  0]LogConfig: Setting CVar [[r.DOF.Scatter.ForegroundCompositing:1    ; additive foreground scattering]]
[2019.08.31-00.03.26:490][  0]LogConfig: Setting CVar [[r.DOF.Scatter.BackgroundCompositing:2    ; additive background scattering]]
[2019.08.31-00.03.26:490][  0]LogConfig: Setting CVar [[r.DOF.Scatter.EnableBokehSettings:1      ; bokeh simulation when scattering]]
[2019.08.31-00.03.26:490][  0]LogConfig: Setting CVar [[r.DOF.Scatter.MaxSpriteRatio:0.1         ; only a maximum of 10% of scattered bokeh]]
[2019.08.31-00.03.26:490][  0]LogConfig: Setting CVar [[r.DOF.Recombine.Quality:1                ; cheap slight out of focus]]
[2019.08.31-00.03.26:490][  0]LogConfig: Setting CVar [[r.DOF.Recombine.EnableBokehSettings:0    ; no bokeh simulation on slight out of focus]]
[2019.08.31-00.03.26:490][  0]LogConfig: Setting CVar [[r.DOF.TemporalAAQuality:1                ; more stable temporal accumulation]]
[2019.08.31-00.03.26:490][  0]LogConfig: Setting CVar [[r.DOF.Kernel.MaxForegroundRadius:0.025]]
[2019.08.31-00.03.26:490][  0]LogConfig: Setting CVar [[r.DOF.Kernel.MaxBackgroundRadius:0.025]]
[2019.08.31-00.03.26:490][  0]LogConfig: Applying CVar settings from Section [TextureQuality@3] File [S:/Projects/Github/Project-Janus/ProjectJanus/Saved/Config/Windows/Scalability.ini]
[2019.08.31-00.03.26:490][  0]LogConfig: Setting CVar [[r.Streaming.MipBias:0]]
[2019.08.31-00.03.26:490][  0]LogConfig: Setting CVar [[r.Streaming.AmortizeCPUToGPUCopy:0]]
[2019.08.31-00.03.26:490][  0]LogConfig: Setting CVar [[r.Streaming.MaxNumTexturesToStreamPerFrame:0]]
[2019.08.31-00.03.26:490][  0]LogConfig: Setting CVar [[r.Streaming.Boost:1]]
[2019.08.31-00.03.26:490][  0]LogConfig: Setting CVar [[r.MaxAnisotropy:8]]
[2019.08.31-00.03.26:490][  0]LogConfig: Setting CVar [[r.Streaming.LimitPoolSizeToVRAM:0]]
[2019.08.31-00.03.26:490][  0]LogConfig: Setting CVar [[r.Streaming.PoolSize:1000]]
[2019.08.31-00.03.26:490][  0]LogConfig: Setting CVar [[r.Streaming.MaxEffectiveScreenSize:0]]
[2019.08.31-00.03.26:490][  0]LogConfig: Applying CVar settings from Section [EffectsQuality@3] File [S:/Projects/Github/Project-Janus/ProjectJanus/Saved/Config/Windows/Scalability.ini]
[2019.08.31-00.03.26:490][  0]LogConfig: Setting CVar [[r.TranslucencyLightingVolumeDim:64]]
[2019.08.31-00.03.26:490][  0]LogConfig: Setting CVar [[r.RefractionQuality:2]]
[2019.08.31-00.03.26:490][  0]LogConfig: Setting CVar [[r.SSR.Quality:3]]
[2019.08.31-00.03.26:490][  0]LogConfig: Setting CVar [[r.SceneColorFormat:4]]
[2019.08.31-00.03.26:490][  0]LogConfig: Setting CVar [[r.DetailMode:2]]
[2019.08.31-00.03.26:490][  0]LogConfig: Setting CVar [[r.TranslucencyVolumeBlur:1]]
[2019.08.31-00.03.26:490][  0]LogConfig: Setting CVar [[r.MaterialQualityLevel:1 ; High quality]]
[2019.08.31-00.03.26:490][  0]LogConfig: Setting CVar [[r.SSS.Scale:1]]
[2019.08.31-00.03.26:490][  0]LogConfig: Setting CVar [[r.SSS.SampleSet:2]]
[2019.08.31-00.03.26:490][  0]LogConfig: Setting CVar [[r.SSS.Quality:1]]
[2019.08.31-00.03.26:490][  0]LogConfig: Setting CVar [[r.SSS.HalfRes:1]]
[2019.08.31-00.03.26:490][  0]LogConfig: Setting CVar [[r.EmitterSpawnRateScale:1.0]]
[2019.08.31-00.03.26:490][  0]LogConfig: Setting CVar [[r.ParticleLightQuality:2]]
[2019.08.31-00.03.26:490][  0]LogConfig: Applying CVar settings from Section [FoliageQuality@3] File [S:/Projects/Github/Project-Janus/ProjectJanus/Saved/Config/Windows/Scalability.ini]
[2019.08.31-00.03.26:490][  0]LogConfig: Setting CVar [[foliage.DensityScale:1.0]]
[2019.08.31-00.03.26:490][  0]LogConfig: Setting CVar [[grass.DensityScale:1.0]]
[2019.08.31-00.03.26:490][  0]LogInit: Selected Device Profile: [Windows]
[2019.08.31-00.03.26:490][  0]LogInit: Applying CVar settings loaded from the selected device profile: [Windows]
[2019.08.31-00.03.26:498][  0]LogHAL: Display: Platform has ~ 16 GB [17113378816 / 17179869184 / 16], which maps to Larger [LargestMinGB=32, LargerMinGB=12, DefaultMinGB=8, SmallerMinGB=6, SmallestMinGB=0)
[2019.08.31-00.03.26:498][  0]LogConfig: Setting CVar [[r.Vulkan.UseRealUBs:0		; Required until we fix HLR fall-out]]
[2019.08.31-00.03.26:498][  0]LogInit: Going up to parent DeviceProfile []
[2019.08.31-00.03.26:498][  0]LogConfig: Applying CVar settings from Section [ViewDistanceQuality@3] File [S:/Projects/Github/Project-Janus/ProjectJanus/Saved/Config/Windows/Scalability.ini]
[2019.08.31-00.03.26:498][  0]LogConfig: Setting CVar [[r.SkeletalMeshLODBias:0]]
[2019.08.31-00.03.26:499][  0]LogConfig: Setting CVar [[r.ViewDistanceScale:1.0]]
[2019.08.31-00.03.26:499][  0]LogConfig: Applying CVar settings from Section [AntiAliasingQuality@3] File [S:/Projects/Github/Project-Janus/ProjectJanus/Saved/Config/Windows/Scalability.ini]
[2019.08.31-00.03.26:499][  0]LogConfig: Setting CVar [[r.PostProcessAAQuality:4]]
[2019.08.31-00.03.26:499][  0]LogConfig: Applying CVar settings from Section [ShadowQuality@3] File [S:/Projects/Github/Project-Janus/ProjectJanus/Saved/Config/Windows/Scalability.ini]
[2019.08.31-00.03.26:499][  0]LogConfig: Setting CVar [[r.LightFunctionQuality:1]]
[2019.08.31-00.03.26:499][  0]LogConfig: Setting CVar [[r.ShadowQuality:5]]
[2019.08.31-00.03.26:499][  0]LogConfig: Setting CVar [[r.Shadow.CSM.MaxCascades:10]]
[2019.08.31-00.03.26:499][  0]LogConfig: Setting CVar [[r.Shadow.MaxResolution:2048]]
[2019.08.31-00.03.26:499][  0]LogConfig: Setting CVar [[r.Shadow.MaxCSMResolution:2048]]
[2019.08.31-00.03.26:499][  0]LogConfig: Setting CVar [[r.Shadow.RadiusThreshold:0.01]]
[2019.08.31-00.03.26:499][  0]LogConfig: Setting CVar [[r.Shadow.DistanceScale:1.0]]
[2019.08.31-00.03.26:499][  0]LogConfig: Setting CVar [[r.Shadow.CSM.TransitionScale:1.0]]
[2019.08.31-00.03.26:499][  0]LogConfig: Setting CVar [[r.Shadow.PreShadowResolutionFactor:1.0]]
[2019.08.31-00.03.26:499][  0]LogConfig: Setting CVar [[r.DistanceFieldShadowing:1]]
[2019.08.31-00.03.26:499][  0]LogConfig: Setting CVar [[r.DistanceFieldAO:1]]
[2019.08.31-00.03.26:499][  0]LogConfig: Setting CVar [[r.AOQuality:2]]
[2019.08.31-00.03.26:499][  0]LogConfig: Setting CVar [[r.VolumetricFog:1]]
[2019.08.31-00.03.26:499][  0]LogConfig: Setting CVar [[r.VolumetricFog.GridPixelSize:8]]
[2019.08.31-00.03.26:499][  0]LogConfig: Setting CVar [[r.VolumetricFog.GridSizeZ:128]]
[2019.08.31-00.03.26:499][  0]LogConfig: Setting CVar [[r.VolumetricFog.HistoryMissSupersampleCount:4]]
[2019.08.31-00.03.26:499][  0]LogConfig: Setting CVar [[r.LightMaxDrawDistanceScale:1]]
[2019.08.31-00.03.26:499][  0]LogConfig: Setting CVar [[r.CapsuleShadows:1]]
[2019.08.31-00.03.26:499][  0]LogConfig: Applying CVar settings from Section [PostProcessQuality@3] File [S:/Projects/Github/Project-Janus/ProjectJanus/Saved/Config/Windows/Scalability.ini]
[2019.08.31-00.03.26:499][  0]LogConfig: Setting CVar [[r.MotionBlurQuality:4]]
[2019.08.31-00.03.26:499][  0]LogConfig: Setting CVar [[r.AmbientOcclusionMipLevelFactor:0.4]]
[2019.08.31-00.03.26:499][  0]LogConfig: Setting CVar [[r.AmbientOcclusionMaxQuality:100]]
[2019.08.31-00.03.26:499][  0]LogConfig: Setting CVar [[r.AmbientOcclusionLevels:-1]]
[2019.08.31-00.03.26:499][  0]LogConfig: Setting CVar [[r.AmbientOcclusionRadiusScale:1.0]]
[2019.08.31-00.03.26:499][  0]LogConfig: Setting CVar [[r.DepthOfFieldQuality:2]]
[2019.08.31-00.03.26:499][  0]LogConfig: Setting CVar [[r.RenderTargetPoolMin:400]]
[2019.08.31-00.03.26:499][  0]LogConfig: Setting CVar [[r.LensFlareQuality:2]]
[2019.08.31-00.03.26:499][  0]LogConfig: Setting CVar [[r.SceneColorFringeQuality:1]]
[2019.08.31-00.03.26:499][  0]LogConfig: Setting CVar [[r.EyeAdaptationQuality:2]]
[2019.08.31-00.03.26:499][  0]LogConfig: Setting CVar [[r.BloomQuality:5]]
[2019.08.31-00.03.26:499][  0]LogConfig: Setting CVar [[r.FastBlurThreshold:100]]
[2019.08.31-00.03.26:499][  0]LogConfig: Setting CVar [[r.Upscale.Quality:3]]
[2019.08.31-00.03.26:499][  0]LogConfig: Setting CVar [[r.Tonemapper.GrainQuantization:1]]
[2019.08.31-00.03.26:499][  0]LogConfig: Setting CVar [[r.LightShaftQuality:1]]
[2019.08.31-00.03.26:499][  0]LogConfig: Setting CVar [[r.Filter.SizeScale:1]]
[2019.08.31-00.03.26:499][  0]LogConfig: Setting CVar [[r.Tonemapper.Quality:5]]
[2019.08.31-00.03.26:499][  0]LogConfig: Setting CVar [[r.DOF.Gather.AccumulatorQuality:1        ; higher gathering accumulator quality]]
[2019.08.31-00.03.26:499][  0]LogConfig: Setting CVar [[r.DOF.Gather.PostfilterMethod:1          ; Median3x3 postfilering method]]
[2019.08.31-00.03.26:499][  0]LogConfig: Setting CVar [[r.DOF.Gather.EnableBokehSettings:0       ; no bokeh simulation when gathering]]
[2019.08.31-00.03.26:499][  0]LogConfig: Setting CVar [[r.DOF.Gather.RingCount:4                 ; medium number of samples when gathering]]
[2019.08.31-00.03.26:499][  0]LogConfig: Setting CVar [[r.DOF.Scatter.ForegroundCompositing:1    ; additive foreground scattering]]
[2019.08.31-00.03.26:499][  0]LogConfig: Setting CVar [[r.DOF.Scatter.BackgroundCompositing:2    ; additive background scattering]]
[2019.08.31-00.03.26:499][  0]LogConfig: Setting CVar [[r.DOF.Scatter.EnableBokehSettings:1      ; bokeh simulation when scattering]]
[2019.08.31-00.03.26:499][  0]LogConfig: Setting CVar [[r.DOF.Scatter.MaxSpriteRatio:0.1         ; only a maximum of 10% of scattered bokeh]]
[2019.08.31-00.03.26:499][  0]LogConfig: Setting CVar [[r.DOF.Recombine.Quality:1                ; cheap slight out of focus]]
[2019.08.31-00.03.26:499][  0]LogConfig: Setting CVar [[r.DOF.Recombine.EnableBokehSettings:0    ; no bokeh simulation on slight out of focus]]
[2019.08.31-00.03.26:499][  0]LogConfig: Setting CVar [[r.DOF.TemporalAAQuality:1                ; more stable temporal accumulation]]
[2019.08.31-00.03.26:499][  0]LogConfig: Setting CVar [[r.DOF.Kernel.MaxForegroundRadius:0.025]]
[2019.08.31-00.03.26:499][  0]LogConfig: Setting CVar [[r.DOF.Kernel.MaxBackgroundRadius:0.025]]
[2019.08.31-00.03.26:499][  0]LogConfig: Applying CVar settings from Section [TextureQuality@3] File [S:/Projects/Github/Project-Janus/ProjectJanus/Saved/Config/Windows/Scalability.ini]
[2019.08.31-00.03.26:499][  0]LogConfig: Setting CVar [[r.Streaming.MipBias:0]]
[2019.08.31-00.03.26:499][  0]LogConfig: Setting CVar [[r.Streaming.AmortizeCPUToGPUCopy:0]]
[2019.08.31-00.03.26:499][  0]LogConfig: Setting CVar [[r.Streaming.MaxNumTexturesToStreamPerFrame:0]]
[2019.08.31-00.03.26:499][  0]LogConfig: Setting CVar [[r.Streaming.Boost:1]]
[2019.08.31-00.03.26:499][  0]LogConfig: Setting CVar [[r.MaxAnisotropy:8]]
[2019.08.31-00.03.26:499][  0]LogConfig: Setting CVar [[r.Streaming.LimitPoolSizeToVRAM:0]]
[2019.08.31-00.03.26:499][  0]LogConfig: Setting CVar [[r.Streaming.PoolSize:1000]]
[2019.08.31-00.03.26:499][  0]LogConfig: Setting CVar [[r.Streaming.MaxEffectiveScreenSize:0]]
[2019.08.31-00.03.26:499][  0]LogConfig: Applying CVar settings from Section [EffectsQuality@3] File [S:/Projects/Github/Project-Janus/ProjectJanus/Saved/Config/Windows/Scalability.ini]
[2019.08.31-00.03.26:499][  0]LogConfig: Setting CVar [[r.TranslucencyLightingVolumeDim:64]]
[2019.08.31-00.03.26:499][  0]LogConfig: Setting CVar [[r.RefractionQuality:2]]
[2019.08.31-00.03.26:499][  0]LogConfig: Setting CVar [[r.SSR.Quality:3]]
[2019.08.31-00.03.26:499][  0]LogConfig: Setting CVar [[r.SceneColorFormat:4]]
[2019.08.31-00.03.26:499][  0]LogConfig: Setting CVar [[r.DetailMode:2]]
[2019.08.31-00.03.26:499][  0]LogConfig: Setting CVar [[r.TranslucencyVolumeBlur:1]]
[2019.08.31-00.03.26:499][  0]LogConfig: Setting CVar [[r.MaterialQualityLevel:1 ; High quality]]
[2019.08.31-00.03.26:499][  0]LogConfig: Setting CVar [[r.SSS.Scale:1]]
[2019.08.31-00.03.26:499][  0]LogConfig: Setting CVar [[r.SSS.SampleSet:2]]
[2019.08.31-00.03.26:499][  0]LogConfig: Setting CVar [[r.SSS.Quality:1]]
[2019.08.31-00.03.26:499][  0]LogConfig: Setting CVar [[r.SSS.HalfRes:1]]
[2019.08.31-00.03.26:499][  0]LogConfig: Setting CVar [[r.EmitterSpawnRateScale:1.0]]
[2019.08.31-00.03.26:499][  0]LogConfig: Setting CVar [[r.ParticleLightQuality:2]]
[2019.08.31-00.03.26:499][  0]LogConfig: Applying CVar settings from Section [FoliageQuality@3] File [S:/Projects/Github/Project-Janus/ProjectJanus/Saved/Config/Windows/Scalability.ini]
[2019.08.31-00.03.26:499][  0]LogConfig: Setting CVar [[foliage.DensityScale:1.0]]
[2019.08.31-00.03.26:499][  0]LogConfig: Setting CVar [[grass.DensityScale:1.0]]
[2019.08.31-00.03.26:499][  0]LogConfig: Applying CVar settings from Section [Startup] File [../../../Engine/Config/ConsoleVariables.ini]
[2019.08.31-00.03.26:499][  0]LogConfig: Setting CVar [[net.UseAdaptiveNetUpdateFrequency:0]]
[2019.08.31-00.03.26:499][  0]LogConfig: Setting CVar [[p.chaos.AllowCreatePhysxBodies:1]]
[2019.08.31-00.03.26:499][  0]LogConfig: Applying CVar settings from Section [ConsoleVariables] File [S:/Projects/Github/Project-Janus/ProjectJanus/Saved/Config/Windows/Engine.ini]
[2019.08.31-00.03.26:499][  0]LogInit: Computer: TARKUS
[2019.08.31-00.03.26:499][  0]LogInit: User: Tene8rous
[2019.08.31-00.03.26:499][  0]LogInit: CPU Page size=4096, Cores=8
[2019.08.31-00.03.26:499][  0]LogInit: High frequency timer resolution =3.515664 MHz
[2019.08.31-00.03.26:499][  0]LogMemory: Memory total: Physical=15.9GB (16GB approx)
[2019.08.31-00.03.26:500][  0]LogMemory: Platform Memory Stats for Windows
[2019.08.31-00.03.26:500][  0]LogMemory: Process Physical Memory: 101.33 MB used, 101.33 MB peak
[2019.08.31-00.03.26:500][  0]LogMemory: Process Virtual Memory: 96.39 MB used, 96.39 MB peak
[2019.08.31-00.03.26:500][  0]LogMemory: Physical Memory: 11264.48 MB used,  5056.11 MB free, 16320.59 MB total
[2019.08.31-00.03.26:500][  0]LogMemory: Virtual Memory: 552.75 MB used,  8388055.00 MB free, 8388608.00 MB total
[2019.08.31-00.03.26:517][  0]LogInit: Using OS detected language (en-US).
[2019.08.31-00.03.26:517][  0]LogInit: Using OS detected locale (en-US).
[2019.08.31-00.03.26:517][  0]LogTextLocalizationManager: No specific localization for 'en-US' exists, so the 'en' localization will be used.
[2019.08.31-00.03.26:627][  0]LogWindows: Failed to load 'shcore.dll' (GetLastError=126)
[2019.08.31-00.03.26:627][  0]LogWindows: File 'shcore.dll' does not exist
[2019.08.31-00.03.26:627][  0]LogInit: Setting process to DPI aware
[2019.08.31-00.03.26:644][  0]LogSlate: New Slate User Created.  User Index 0, Is Virtual User: 0
[2019.08.31-00.03.26:644][  0]LogSlate: Slate User Registered.  User Index 0, Is Virtual User: 0
[2019.08.31-00.03.26:745][  0]LogHMD: Failed to initialize OpenVR with code 110
[2019.08.31-00.03.26:745][  0]LogD3D11RHI: D3D11 adapters:
[2019.08.31-00.03.26:793][  0]LogD3D11RHI:    0. 'NVIDIA GeForce GTX 970' (Feature Level 11_0)
[2019.08.31-00.03.26:793][  0]LogD3D11RHI:       3992/0/7904 MB DedicatedVideo/DedicatedSystem/SharedSystem, Outputs:2, VendorId:0x10de
[2019.08.31-00.03.26:793][  0]LogD3D11RHI: Chosen D3D11 Adapter: 0
[2019.08.31-00.03.26:799][  0]LogD3D11RHI: Creating new Direct3DDevice
[2019.08.31-00.03.26:799][  0]LogD3D11RHI:     GPU DeviceId: 0x13c2 (for the marketing name, search the web for "GPU Device Id")
[2019.08.31-00.03.26:799][  0]LogWindows: EnumDisplayDevices:
[2019.08.31-00.03.26:799][  0]LogWindows:    0. 'NVIDIA GeForce GTX 970' (P:1 D:1)
[2019.08.31-00.03.26:799][  0]LogWindows:    1. 'NVIDIA GeForce GTX 970' (P:0 D:1)
[2019.08.31-00.03.26:799][  0]LogWindows:    2. 'NVIDIA GeForce GTX 970' (P:0 D:0)
[2019.08.31-00.03.26:800][  0]LogWindows:    3. 'NVIDIA GeForce GTX 970' (P:0 D:0)
[2019.08.31-00.03.26:800][  0]LogWindows:    4. 'RDPDD Chained DD' (P:0 D:0)
[2019.08.31-00.03.26:800][  0]LogWindows:    5. 'RDP Encoder Mirror Driver' (P:0 D:0)
[2019.08.31-00.03.26:800][  0]LogWindows:    6. 'RDP Reflector Display Driver' (P:0 D:0)
[2019.08.31-00.03.26:800][  0]LogWindows: DebugString: GetVideoDriverDetailsInvalid PrimaryIsNotTheChoosenAdapter GetVideoDriverDetailsInvalid PrimaryIsNotTheChoosenAdapter GetVideoDriverDetailsInvalid PrimaryIsNotTheChoosenAdapter FoundDriverCount:4 
[2019.08.31-00.03.26:800][  0]LogD3D11RHI:     Adapter Name: NVIDIA GeForce GTX 970
[2019.08.31-00.03.26:800][  0]LogD3D11RHI:   Driver Version: 417.35 (internal:25.21.14.1735, unified:417.35)
[2019.08.31-00.03.26:800][  0]LogD3D11RHI:      Driver Date: 12-11-2018
[2019.08.31-00.03.26:800][  0]LogRHI: Texture pool is 2794 MB (70% of 3992 MB)
[2019.08.31-00.03.26:818][  0]LogD3D11RHI: Async texture creation enabled
[2019.08.31-00.03.26:823][  0]LogRendererCore: FGlobalReadBuffer::InitRHI
[2019.08.31-00.03.26:823][  0]LogRendererCore: FGlobalReadBuffer::InitRHI
[2019.08.31-00.03.26:823][  0]LogRendererCore: FGlobalReadBuffer::InitRHI
[2019.08.31-00.03.26:834][  0]LogD3D11RHI: GPU Timing Frequency: 1000.000000 (Debug: 2 2)
[2019.08.31-00.03.27:080][  0]LogTemp: Display: Module 'AllDesktopTargetPlatform' loaded TargetPlatform 'AllDesktop'
[2019.08.31-00.03.27:089][  0]LogTemp: Display: Module 'MacClientTargetPlatform' loaded TargetPlatform 'MacClient'
[2019.08.31-00.03.27:098][  0]LogTemp: Display: Module 'MacNoEditorTargetPlatform' loaded TargetPlatform 'MacNoEditor'
[2019.08.31-00.03.27:106][  0]LogTemp: Display: Module 'MacServerTargetPlatform' loaded TargetPlatform 'MacServer'
[2019.08.31-00.03.27:115][  0]LogTemp: Display: Module 'MacTargetPlatform' loaded TargetPlatform 'Mac'
[2019.08.31-00.03.27:124][  0]LogTemp: Display: Module 'WindowsClientTargetPlatform' loaded TargetPlatform 'WindowsClient'
[2019.08.31-00.03.27:133][  0]LogTemp: Display: Module 'WindowsNoEditorTargetPlatform' loaded TargetPlatform 'WindowsNoEditor'
[2019.08.31-00.03.27:142][  0]LogTemp: Display: Module 'WindowsServerTargetPlatform' loaded TargetPlatform 'WindowsServer'
[2019.08.31-00.03.27:146][  0]LogTemp: Display: Module 'WindowsTargetPlatform' loaded TargetPlatform 'Windows'
[2019.08.31-00.03.27:198][  0]LogTemp: Display: Module 'AndroidTargetPlatform' loaded TargetPlatform 'Android'
[2019.08.31-00.03.27:198][  0]LogTemp: Display: Module 'AndroidTargetPlatform' loaded TargetPlatform 'Android_ASTC'
[2019.08.31-00.03.27:198][  0]LogTemp: Display: Module 'AndroidTargetPlatform' loaded TargetPlatform 'Android_ATC'
[2019.08.31-00.03.27:198][  0]LogTemp: Display: Module 'AndroidTargetPlatform' loaded TargetPlatform 'Android_DXT'
[2019.08.31-00.03.27:198][  0]LogTemp: Display: Module 'AndroidTargetPlatform' loaded TargetPlatform 'Android_ETC1'
[2019.08.31-00.03.27:198][  0]LogTemp: Display: Module 'AndroidTargetPlatform' loaded TargetPlatform 'Android_ETC1a'
[2019.08.31-00.03.27:198][  0]LogTemp: Display: Module 'AndroidTargetPlatform' loaded TargetPlatform 'Android_ETC2'
[2019.08.31-00.03.27:198][  0]LogTemp: Display: Module 'AndroidTargetPlatform' loaded TargetPlatform 'Android_PVRTC'
[2019.08.31-00.03.27:199][  0]LogTemp: Display: Module 'AndroidTargetPlatform' loaded TargetPlatform 'AndroidClient'
[2019.08.31-00.03.27:199][  0]LogTemp: Display: Module 'AndroidTargetPlatform' loaded TargetPlatform 'Android_ASTCClient'
[2019.08.31-00.03.27:199][  0]LogTemp: Display: Module 'AndroidTargetPlatform' loaded TargetPlatform 'Android_ATCClient'
[2019.08.31-00.03.27:199][  0]LogTemp: Display: Module 'AndroidTargetPlatform' loaded TargetPlatform 'Android_DXTClient'
[2019.08.31-00.03.27:199][  0]LogTemp: Display: Module 'AndroidTargetPlatform' loaded TargetPlatform 'Android_ETC1Client'
[2019.08.31-00.03.27:199][  0]LogTemp: Display: Module 'AndroidTargetPlatform' loaded TargetPlatform 'Android_ETC1aClient'
[2019.08.31-00.03.27:199][  0]LogTemp: Display: Module 'AndroidTargetPlatform' loaded TargetPlatform 'Android_ETC2Client'
[2019.08.31-00.03.27:199][  0]LogTemp: Display: Module 'AndroidTargetPlatform' loaded TargetPlatform 'Android_PVRTCClient'
[2019.08.31-00.03.27:199][  0]LogTemp: Display: Module 'AndroidTargetPlatform' loaded TargetPlatform 'Android_Multi'
[2019.08.31-00.03.27:199][  0]LogTemp: Display: Module 'AndroidTargetPlatform' loaded TargetPlatform 'Android_MultiClient'
[2019.08.31-00.03.27:199][  0]LogTemp: Display: Module 'HTML5TargetPlatform' loaded TargetPlatform 'HTML5'
[2019.08.31-00.03.27:237][  0]LogTemp: Display: Module 'IOSTargetPlatform' loaded TargetPlatform 'IOSClient'
[2019.08.31-00.03.27:237][  0]LogTemp: Display: Module 'IOSTargetPlatform' loaded TargetPlatform 'IOS'
[2019.08.31-00.03.27:253][  0]LogTemp: Display: Module 'TVOSTargetPlatform' loaded TargetPlatform 'TVOSClient'
[2019.08.31-00.03.27:253][  0]LogTemp: Display: Module 'TVOSTargetPlatform' loaded TargetPlatform 'TVOS'
[2019.08.31-00.03.27:261][  0]LogTemp: Display: Module 'LinuxClientTargetPlatform' loaded TargetPlatform 'LinuxClient'
[2019.08.31-00.03.27:268][  0]LogTemp: Display: Module 'LinuxNoEditorTargetPlatform' loaded TargetPlatform 'LinuxNoEditor'
[2019.08.31-00.03.27:277][  0]LogTemp: Display: Module 'LinuxServerTargetPlatform' loaded TargetPlatform 'LinuxServer'
[2019.08.31-00.03.27:285][  0]LogTemp: Display: Module 'LinuxTargetPlatform' loaded TargetPlatform 'Linux'
[2019.08.31-00.03.27:314][  0]LogTemp: Display: Module 'LuminTargetPlatform' loaded TargetPlatform 'Lumin'
[2019.08.31-00.03.27:314][  0]LogTemp: Display: Module 'LuminTargetPlatform' loaded TargetPlatform 'LuminClient'
[2019.08.31-00.03.27:314][  0]LogTargetPlatformManager: Display: Building Assets For Windows
[2019.08.31-00.03.27:320][  0]LogAudioDebug: Display: Lib vorbis DLL was dynamically loaded.
[2019.08.31-00.03.27:346][  0]LogShaderCompilers: Guid format shader working directory is -10 characters bigger than the processId version (../../../../../../Projects/Github/Project-Janus/ProjectJanus/Intermediate/Shaders/WorkingDirectory/7580/).
[2019.08.31-00.03.27:346][  0]LogShaderCompilers: Cleaned the shader compiler working directory 'C:/Users/Tene8rous/AppData/Local/Temp/UnrealShaderWorkingDir/70EC93B045B2F6727EA58894B0E761AB/'.
[2019.08.31-00.03.27:347][  0]LogXGEController: Cannot use XGE Controller as Incredibuild is not installed on this machine.
[2019.08.31-00.03.27:347][  0]LogShaderCompilers: Cannot use XGE Shader Compiler as Incredibuild is not installed on this machine.
[2019.08.31-00.03.27:347][  0]LogShaderCompilers: Display: Using Local Shader Compiler.
[2019.08.31-00.03.27:740][  0]LogDerivedDataCache: Display: Max Cache Size: 512 MB
[2019.08.31-00.03.27:792][  0]LogDerivedDataCache: Loaded boot cache 0.05s 71MB C:/Users/Tene8rous/AppData/Local/UnrealEngine/4.22/DerivedDataCache/Boot.ddc.
[2019.08.31-00.03.27:792][  0]LogDerivedDataCache: Display: Loaded Boot cache: C:/Users/Tene8rous/AppData/Local/UnrealEngine/4.22/DerivedDataCache/Boot.ddc
[2019.08.31-00.03.27:792][  0]LogDerivedDataCache: FDerivedDataBackendGraph:  Pak pak cache file ../../../../../../Projects/Github/Project-Janus/ProjectJanus/DerivedDataCache/DDC.ddp not found, will not use a pak cache.
[2019.08.31-00.03.27:792][  0]LogDerivedDataCache: Unable to find inner node Pak for hierarchical cache Hierarchy.
[2019.08.31-00.03.27:792][  0]LogDerivedDataCache: FDerivedDataBackendGraph:  CompressedPak pak cache file ../../../../../../Projects/Github/Project-Janus/ProjectJanus/DerivedDataCache/Compressed.ddp not found, will not use a pak cache.
[2019.08.31-00.03.27:792][  0]LogDerivedDataCache: Unable to find inner node CompressedPak for hierarchical cache Hierarchy.
[2019.08.31-00.03.27:802][  0]LogDerivedDataCache: Display: Pak cache opened for reading ../../../Engine/DerivedDataCache/Compressed.ddp.
[2019.08.31-00.03.27:802][  0]LogDerivedDataCache: FDerivedDataBackendGraph:  EnterprisePak pak cache file ../../../Enterprise/DerivedDataCache/Compressed.ddp not found, will not use a pak cache.
[2019.08.31-00.03.27:802][  0]LogDerivedDataCache: Unable to find inner node EnterprisePak for hierarchical cache Hierarchy.
[2019.08.31-00.03.27:812][  0]LogDerivedDataCache: Using Local data cache path C:/Users/Tene8rous/AppData/Local/UnrealEngine/Common/DerivedDataCache: Writable
[2019.08.31-00.03.27:812][  0]LogDerivedDataCache: Shared data cache path not found in *engine.ini, will not use an Shared cache.
[2019.08.31-00.03.27:812][  0]LogDerivedDataCache: Unable to find inner node Shared for hierarchical cache Hierarchy.
[2019.08.31-00.03.27:827][  0]LogMaterial: Verifying Global Shaders for PCD3D_SM5
[2019.08.31-00.03.27:828][  0]LogSlate: Using FreeType 2.6.0
[2019.08.31-00.03.27:828][  0]LogSlate: SlateFontServices - WITH_FREETYPE: 1, WITH_HARFBUZZ: 1
[2019.08.31-00.03.27:891][  0]LogAssetRegistry: FAssetRegistry took 0.0279 seconds to start up
[2019.08.31-00.03.28:100][  0]LogInit: Selected Device Profile: [Windows]
[2019.08.31-00.03.28:192][  0]LogMeshReduction: Using QuadricMeshReduction for automatic static mesh reduction
[2019.08.31-00.03.28:192][  0]LogMeshReduction: Using SimplygonMeshReduction for automatic skeletal mesh reduction
[2019.08.31-00.03.28:192][  0]LogMeshReduction: Using ProxyLODMeshReduction for automatic mesh merging
[2019.08.31-00.03.28:192][  0]LogMeshReduction: No distributed automatic mesh merging module available
[2019.08.31-00.03.28:192][  0]LogMeshMerging: No distributed automatic mesh merging module available
[2019.08.31-00.03.28:204][  0]LogNetVersion: ProjectJanus 1.0.0, NetCL: 5660361, EngineNetVer: 10, GameNetVer: 0 (Checksum: 1487133140)
[2019.08.31-00.03.28:503][  0]LogPackageLocalizationCache: Processed 11 localized package path(s) for 1 prioritized culture(s) in 0.021546 seconds
[2019.08.31-00.03.28:507][  0]LogUObjectArray: 42205 objects as part of root set at end of initial load.
[2019.08.31-00.03.28:507][  0]LogUObjectAllocator: 7325032 out of 0 bytes used by permanent object pool.
[2019.08.31-00.03.28:507][  0]LogUObjectArray: CloseDisregardForGC: 0/0 objects in disregard for GC pool
[2019.08.31-00.03.29:051][  0]LogTcpMessaging: Initializing TcpMessaging bridge
[2019.08.31-00.03.29:063][  0]LogUdpMessaging: Initializing bridge on interface 0.0.0.0:0 to multicast group 230.0.0.1:6666.
[2019.08.31-00.03.29:193][  0]SourceControl: Source control is disabled
[2019.08.31-00.03.29:193][  0]SourceControl: Source control is disabled
[2019.08.31-00.03.29:194][  0]SourceControl: Source control is disabled
[2019.08.31-00.03.29:194][  0]SourceControl: Source control is disabled
[2019.08.31-00.03.29:198][  0]LogVSAccessor: Display: Unable to create Visual Studio setup instance: 80040154
[2019.08.31-00.03.29:199][  0]LogVSAccessor: Display: Unable to create Visual Studio setup instance: 80040154
[2019.08.31-00.03.29:234][  0]LogAndroidPermission: UAndroidPermissionCallbackProxy::GetInstance
[2019.08.31-00.03.29:286][  0]LogOcInput: OculusInput pre-init called
[2019.08.31-00.03.29:768][  0]LogEngine: Initializing Engine...
[2019.08.31-00.03.29:768][  0]LogHMD: Failed to initialize OpenVR with code 110
[2019.08.31-00.03.29:769][  0]LogStats: UGameplayTagsManager::InitializeManager -  0.000 s
[2019.08.31-00.03.29:944][  0]LogInit: Initializing FReadOnlyCVARCache
[2019.08.31-00.03.29:952][  0]LogAIModule: Creating AISystem for world Untitled
[2019.08.31-00.03.29:973][  0]LogInit: XAudio2 using 'Speakers (Realtek High Definition Audio)' : 2 channels at 48 kHz using 32 bits per sample (channel mask 0x3)
[2019.08.31-00.03.29:981][  0]LogInit: FAudioDevice initialized.
[2019.08.31-00.03.29:981][  0]LogNetVersion: Set ProjectVersion to 1.0.0.0. Version Checksum will be recalculated on next use.
[2019.08.31-00.03.30:047][  0]LogDerivedDataCache: Saved boot cache 0.07s 71MB C:/Users/Tene8rous/AppData/Local/UnrealEngine/4.22/DerivedDataCache/Boot.ddc.
[2019.08.31-00.03.30:065][  0]LogInit: Texture streaming: Enabled
[2019.08.31-00.03.30:080][  0]LogEngineSessionManager: EngineSessionManager initialized
[2019.08.31-00.03.30:096][  0]LogInit: Transaction tracking system initialized
[2019.08.31-00.03.30:109][  0]BlueprintLog: New page: Editor Load
[2019.08.31-00.03.30:156][  0]LocalizationService: Localization service is disabled
[2019.08.31-00.03.30:234][  0]LogVSAccessor: Display: Unable to create Visual Studio setup instance: 80040154
[2019.08.31-00.03.30:235][  0]LogVSAccessor: Display: Unable to create Visual Studio setup instance: 80040154
[2019.08.31-00.03.30:354][  0]LogFileCache: Scanning file cache for directory 'S:/Projects/Github/Project-Janus/ProjectJanus/Content/' took 0.01s
[2019.08.31-00.03.30:354][  0]LogCook: Display: Max memory allowance for cook 16384mb min free memory 0mb
[2019.08.31-00.03.30:355][  0]LogCook: Display: Mobile HDR setting 1
[2019.08.31-00.03.30:463][  0]SourceControl: Source control is disabled
[2019.08.31-00.03.30:463][  0]Cmd: MAP LOAD FILE="../../../../../../Projects/Github/Project-Janus/ProjectJanus/Content/StarterContent/Maps/Minimal_Default.umap" TEMPLATE=0 SHOWPROGRESS=1 FEATURELEVEL=3
[2019.08.31-00.03.30:463][  0]LightingResults: New page: Lighting Build
[2019.08.31-00.03.30:464][  0]MapCheck: New page: Map Check
[2019.08.31-00.03.30:464][  0]LightingResults: New page: Lighting Build
[2019.08.31-00.03.30:486][  0]LogUObjectHash: Compacting FUObjectHashTables data took   1.11ms
[2019.08.31-00.03.30:627][  0]LogAIModule: Creating AISystem for world Minimal_Default
[2019.08.31-00.03.30:632][  0]LogEditorServer: Finished looking for orphan Actors (0.000 secs)
[2019.08.31-00.03.30:655][  0]LogUObjectHash: Compacting FUObjectHashTables data took   1.36ms
[2019.08.31-00.03.30:655][  0]Cmd: MAP CHECKDEP NOCLEARLOG
[2019.08.31-00.03.30:655][  0]MapCheck: Map check complete: 0 Error(s), 0 Warning(s), took 0.065ms to complete.
[2019.08.31-00.03.30:655][  0]LogFileHelpers: Loading map 'Minimal_Default' took 0.192
[2019.08.31-00.03.30:779][  0]LogSlate: Updating window title bar state: overlay mode, drag disabled, window buttons hidden, title bar hidden
[2019.08.31-00.03.30:789][  0]LogSlate: Updating window title bar state: overlay mode, drag disabled, window buttons hidden, title bar hidden
[2019.08.31-00.03.30:800][  0]LogSlate: Updating window title bar state: overlay mode, drag disabled, window buttons hidden, title bar hidden
[2019.08.31-00.03.30:810][  0]LogSlate: Updating window title bar state: overlay mode, drag disabled, window buttons hidden, title bar hidden
[2019.08.31-00.03.30:817][  0]LogCollectionManager: Loaded 0 collections in 0.002144 seconds
[2019.08.31-00.03.30:833][  0]LogFileCache: Scanning file cache for directory 'S:/Projects/Github/Project-Janus/ProjectJanus/Saved/Collections/' took 0.01s
[2019.08.31-00.03.30:833][  0]LogFileCache: Scanning file cache for directory 'S:/Projects/Github/Project-Janus/ProjectJanus/Content/Developers/Tene8rous/Collections/' took 0.00s
[2019.08.31-00.03.30:833][  0]LogFileCache: Scanning file cache for directory 'S:/Projects/Github/Project-Janus/ProjectJanus/Content/Collections/' took 0.00s
[2019.08.31-00.03.30:833][  0]LogCollectionManager: Rebuilt the GUID cache for 0 collections in 0.000000 seconds
[2019.08.31-00.03.30:846][  0]LogContentBrowser: Native class hierarchy populated in 0.0121 seconds. Added 2741 classes and 672 folders.
[2019.08.31-00.03.30:850][  0]LogContentBrowser: Native class hierarchy updated for 'WidgetCarousel' in 0.0002 seconds. Added 0 classes and 0 folders.
[2019.08.31-00.03.30:851][  0]LogPakFile: Registered encryption key '00000000000000000000000000000000': 0 pak files mounted, 0 remain pending
[2019.08.31-00.03.30:851][  0]LogPakFile: Registered encryption key '00000000000000000000000000000000': 0 pak files mounted, 0 remain pending
[2019.08.31-00.03.30:852][  0]LogPakFile: Registered encryption key '00000000000000000000000000000000': 0 pak files mounted, 0 remain pending
[2019.08.31-00.03.30:852][  0]LogPakFile: Registered encryption key '00000000000000000000000000000000': 0 pak files mounted, 0 remain pending
[2019.08.31-00.03.30:852][  0]LogPakFile: Registered encryption key '00000000000000000000000000000000': 0 pak files mounted, 0 remain pending
[2019.08.31-00.03.30:852][  0]LogPakFile: Registered encryption key '00000000000000000000000000000000': 0 pak files mounted, 0 remain pending
[2019.08.31-00.03.30:853][  0]LogPakFile: Registered encryption key '00000000000000000000000000000000': 0 pak files mounted, 0 remain pending
[2019.08.31-00.03.30:853][  0]LogPakFile: Registered encryption key '00000000000000000000000000000000': 0 pak files mounted, 0 remain pending
[2019.08.31-00.03.30:853][  0]LogPakFile: Registered encryption key '00000000000000000000000000000000': 0 pak files mounted, 0 remain pending
[2019.08.31-00.03.30:853][  0]LogPakFile: Registered encryption key '00000000000000000000000000000000': 0 pak files mounted, 0 remain pending
[2019.08.31-00.03.30:854][  0]LogPakFile: Registered encryption key '00000000000000000000000000000000': 0 pak files mounted, 0 remain pending
[2019.08.31-00.03.30:854][  0]LogPakFile: Registered encryption key '00000000000000000000000000000000': 0 pak files mounted, 0 remain pending
[2019.08.31-00.03.30:854][  0]LogPakFile: Registered encryption key '00000000000000000000000000000000': 0 pak files mounted, 0 remain pending
[2019.08.31-00.03.30:854][  0]LogPakFile: Registered encryption key '00000000000000000000000000000000': 0 pak files mounted, 0 remain pending
[2019.08.31-00.03.30:855][  0]LogPakFile: Registered encryption key '00000000000000000000000000000000': 0 pak files mounted, 0 remain pending
[2019.08.31-00.03.30:855][  0]LogPakFile: Registered encryption key '00000000000000000000000000000000': 0 pak files mounted, 0 remain pending
[2019.08.31-00.03.30:855][  0]LogPakFile: Registered encryption key '00000000000000000000000000000000': 0 pak files mounted, 0 remain pending
[2019.08.31-00.03.30:855][  0]LogPakFile: Registered encryption key '00000000000000000000000000000000': 0 pak files mounted, 0 remain pending
[2019.08.31-00.03.30:856][  0]LogPakFile: Registered encryption key '00000000000000000000000000000000': 0 pak files mounted, 0 remain pending
[2019.08.31-00.03.30:856][  0]LogPakFile: Registered encryption key '00000000000000000000000000000000': 0 pak files mounted, 0 remain pending
[2019.08.31-00.03.30:856][  0]LogPakFile: Registered encryption key '00000000000000000000000000000000': 0 pak files mounted, 0 remain pending
[2019.08.31-00.03.30:856][  0]LogPakFile: Registered encryption key '00000000000000000000000000000000': 0 pak files mounted, 0 remain pending
[2019.08.31-00.03.30:857][  0]LogPakFile: Registered encryption key '00000000000000000000000000000000': 0 pak files mounted, 0 remain pending
[2019.08.31-00.03.30:857][  0]LogPakFile: Registered encryption key '00000000000000000000000000000000': 0 pak files mounted, 0 remain pending
[2019.08.31-00.03.30:857][  0]LogPakFile: Registered encryption key '00000000000000000000000000000000': 0 pak files mounted, 0 remain pending
[2019.08.31-00.03.30:857][  0]LogPakFile: Registered encryption key '00000000000000000000000000000000': 0 pak files mounted, 0 remain pending
[2019.08.31-00.03.30:873][  0]LogContentBrowser: Native class hierarchy updated for 'AddContentDialog' in 0.0002 seconds. Added 0 classes and 0 folders.
[2019.08.31-00.03.30:877][  0]LogContentBrowser: Native class hierarchy updated for 'SceneOutliner' in 0.0002 seconds. Added 1 classes and 2 folders.
[2019.08.31-00.03.30:931][  0]LogContentBrowser: Native class hierarchy updated for 'HierarchicalLODOutliner' in 0.0002 seconds. Added 0 classes and 0 folders.
[2019.08.31-00.03.30:931][  0]LogLoad: (Engine Initialization) Total time: 6.03 seconds
[2019.08.31-00.03.30:931][  0]LogLoad: (Engine Initialization) Total Blueprint compile time: 0.00 seconds
[2019.08.31-00.03.30:957][  0]LogAssetRegistry: Asset discovery search completed in 3.0864 seconds
[2019.08.31-00.03.30:958][  0]LogCollectionManager: Rebuilt the object cache for 0 collections in 0.000000 seconds (found 0 objects)
[2019.08.31-00.03.30:958][  0]LogCollectionManager: Fixed up redirectors for 0 collections in 0.000023 seconds (updated 0 objects)
[2019.08.31-00.03.30:959][  0]LogContentStreaming: Texture pool size now 1000 MB
[2019.08.31-00.03.30:965][  0]LogSlate: Took 0.000088 seconds to synchronously load lazily loaded font '../../../Engine/Content/Slate/Fonts/Roboto-Regular.ttf' (155K)
[2019.08.31-00.03.30:966][  0]LogSlate: Took 0.000068 seconds to synchronously load lazily loaded font '../../../Engine/Content/Slate/Fonts/Roboto-Bold.ttf' (160K)
[2019.08.31-00.03.30:968][  0]LogSlate: Took 0.000080 seconds to synchronously load lazily loaded font '../../../Engine/Content/Editor/Slate/Fonts/FontAwesome.ttf' (139K)
[2019.08.31-00.03.31:037][  1]LogRenderer: Reallocating scene render targets to support 1368x732 Format 10 NumSamples 1 (Frame:1).
[2019.08.31-00.03.33:298][230]LogSlate: FSceneViewport::OnFocusLost() reason 0
[2019.08.31-00.03.33:413][244]LogSlate: Window 'Multi-User Browser' being destroyed
[2019.08.31-00.03.33:416][244]LogSlate: Window 'Multi-User Browser' being destroyed
[2019.08.31-00.03.34:049][319]LogSlate: FSceneViewport::OnFocusLost() reason 2
[2019.08.31-00.03.34:952][426]LogConcert: [Pending] Launching Unreal Multi-User Server...
[2019.08.31-00.03.34:955][426]LogConcert: [Success] Launched Unreal Multi-User Server
[2019.08.31-00.03.36:339][524]LogSlate: FSceneViewport::OnFocusLost() reason 2
[2019.08.31-00.03.38:537][761]LogSlate: FSceneViewport::OnFocusLost() reason 2
[2019.08.31-00.03.39:538][881]LogConcert: Display: Admin (8C9BBD4B47E020AE7732A0B0F4E44D96): Remote endpoint '7B90AC794E15555566DA97B326D07DA0' discovered.
[2019.08.31-00.03.39:540][882]LogConcert: Display: Server TARKUS discovered.
[2019.08.31-00.03.47:381][820]LogConcert: [Pending] Connecting to Session 'Janus'... - Validating Workspace...
[2019.08.31-00.03.47:383][820]LogSlate: Took 0.000104 seconds to synchronously load lazily loaded font '../../../Engine/Content/Slate/Fonts/Roboto-Light.ttf' (167K)
[2019.08.31-00.03.47:475][832]LogConcert: [Pending] Connecting to Session 'Janus'... - Attempting Remote Connection...
[2019.08.31-00.03.47:504][834]SourceControl: Source control is disabled
[2019.08.31-00.03.47:504][834]SourceControl: Source control is disabled
[2019.08.31-00.03.47:630][834]LogConcert: Display: Initialized Concert session 'Janus' (Owner: Tene8rous).
[2019.08.31-00.03.47:630][834]LogConcert: Display: Connecting to Concert session 'Janus' (Owner: Tene8rous).
[2019.08.31-00.03.47:645][835]LogConcert: Display: Janus (EBCAAED54C1F390AF49DB6AC4CEB0563): Remote endpoint 'AE7B39C0471BCE990ACE75857C006933' discovered.
[2019.08.31-00.03.47:645][835]LogConcert: [Success] Connected to Session 'Janus'
[2019.08.31-00.03.47:684][836]LogConcert: Display: Connected to Concert session 'Janus' (Owner: Tene8rous).
[2019.08.31-00.03.47:685][836]LogConcert: Display: Activity Feed: Tene8rous joined the session.
[2019.08.31-00.03.47:686][836]LogConcert: Display: Activity Feed: Tene8rous left the session.
[2019.08.31-00.03.47:688][836]LogConcert: Display: Activity Feed: Tene8rous joined the session.
[2019.08.31-00.03.53:547][306]LogConcert: Display: Admin (8C9BBD4B47E020AE7732A0B0F4E44D96): Remote endpoint '0518F7D940A8E39F9AAD4EAB263720BD' discovered.
[2019.08.31-00.03.53:551][307]LogConcert: Display: Server TERROR-PC discovered.
[2019.08.31-00.03.59:196][795]LogSlate: FSceneViewport::OnFocusLost() reason 0
[2019.08.31-00.04.19:217][198]LogConcert: Display: Server TERROR-PC lost.
[2019.08.31-00.04.36:429][263]LogConcert: Display: Activity Feed: Terror joined the session.
[2019.08.31-00.04.36:429][263]LogConcert: Display: User 'Terror' (Endpoint: 7925C454473D8C7E5CBB4494497A70CC) joined Concert session 'Janus' (Owner: Tene8rous).
[2019.08.31-00.05.04:226][596]LogSlate: Window 'Multi-User Browser' being destroyed
[2019.08.31-00.05.04:230][596]LogSlate: Window 'Multi-User Browser' being destroyed
[2019.08.31-00.05.05:721][773]LogSlate: FSceneViewport::OnFocusLost() reason 2
[2019.08.31-00.05.13:274][677]LogConcert: Display: Admin (8C9BBD4B47E020AE7732A0B0F4E44D96): Remote endpoint '0518F7D940A8E39F9AAD4EAB263720BD' timed-out.
[2019.08.31-00.05.13:274][677]LogConcert: Warning: Admin (8C9BBD4B47E020AE7732A0B0F4E44D96): Message '9A5A55D54D40E1AFDBE21F9196D99E93' (ConcertAdmin_GetSessionsRequest) timed-out sending to '0518F7D940A8E39F9AAD4EAB263720BD'.
[2019.08.31-00.06.21:603][873]LogUObjectGlobals: Warning: Failed to find object 'Object /Game/Somethin.Somethin_C.Sphere_GEN_VARIABLE'
[2019.08.31-00.06.23:216][ 65]LogConcert: Display: Activity Feed: Terror saved the package /Game/Somethin. Package Revision: 0.
[2019.08.31-00.06.23:216][ 65]LogUObjectGlobals: Reloading 1 Package(s):
	Asset Name: /Game/Somethin
[2019.08.31-00.06.23:220][ 65]LogSlate: FSceneViewport::OnFocusLost() reason 2
[2019.08.31-00.06.23:257][ 65]LogUObjectHash: Compacting FUObjectHashTables data took   1.45ms
[2019.08.31-00.06.23:265][ 65]LogUObjectGlobals: Warning: ReloadPackage failed to find a replacement object for 'Somethin_C:SimpleConstructionScript_0.SCS_Node_1' in the new package '/Game/Somethin'. Any existing references to this object will be nulled out.
[2019.08.31-00.06.23:265][ 65]LogUObjectGlobals: Warning: ReloadPackage failed to find a replacement object for 'Somethin_C:Cube' in the new package '/Game/Somethin'. Any existing references to this object will be nulled out.
[2019.08.31-00.06.23:265][ 65]LogUObjectGlobals: Warning: ReloadPackage failed to find a replacement object for 'Somethin_C:Cube_GEN_VARIABLE' in the new package '/Game/Somethin'. Any existing references to this object will be nulled out.
[2019.08.31-00.06.23:265][ 65]LogUObjectGlobals: Warning: ReloadPackage failed to find a replacement object for 'SKEL_Somethin_C:Cube' in the new package '/Game/Somethin'. Any existing references to this object will be nulled out.
[2019.08.31-00.06.23:390][ 65]LogUObjectHash: Compacting FUObjectHashTables data took   1.37ms
[2019.08.31-00.07.21:862][ 21]LogSlate: FSceneViewport::OnFocusLost() reason 0
[2019.08.31-00.07.22:453][ 92]LogEditorViewport: Clicking on Actor (LMB): BP_Sky_Sphere_C (BP_Sky_Sphere)
[2019.08.31-00.07.25:849][269]LogEditorViewport: Clicking on Actor (context menu): BP_Sky_Sphere_C (BP_Sky_Sphere)
[2019.08.31-00.07.25:905][269]LogSlate: FSceneViewport::OnFocusLost() reason 2
[2019.08.31-00.07.26:884][369]LogEditorViewport: Clicking on Actor (context menu): BP_Sky_Sphere_C (BP_Sky_Sphere)
[2019.08.31-00.07.26:929][369]LogSlate: FSceneViewport::OnFocusLost() reason 2
[2019.08.31-00.07.27:648][446]LogEditorViewport: Clicking on Actor (LMB): BP_Sky_Sphere_C (BP_Sky_Sphere)
[2019.08.31-00.08.32:830][465]LogConcert: Display: Activity Feed: Terror left the session.
[2019.08.31-00.08.32:830][465]LogConcert: Display: User 'Terror' (Endpoint: 7925C454473D8C7E5CBB4494497A70CC) left Concert session 'Janus' (Owner: Tene8rous).
[2019.08.31-00.09.07:306][726]LogConcert: Display: Activity Feed: Terror joined the session.
[2019.08.31-00.09.07:306][726]LogConcert: Display: User 'Terror' (Endpoint: BC81E1C04E1ABE55208D899590F978E0) joined Concert session 'Janus' (Owner: Tene8rous).
[2019.08.31-00.09.21:971][ 92]LogSlate: Took 0.000162 seconds to synchronously load lazily loaded font '../../../Engine/Content/Slate/Fonts/Roboto-Italic.ttf' (157K)
[2019.08.31-00.09.22:830][142]LogSlate: FSceneViewport::OnFocusLost() reason 0
[2019.08.31-00.09.46:729][891]LogConcert: Display: Activity Feed: Terror saved the package /Game/StarterContent/Maps/Minimal_Default. Package Revision: 0.
[2019.08.31-00.09.46:730][891]LightingResults: New page: Lighting Build
[2019.08.31-00.09.46:730][891]MapCheck: New page: Map Check
[2019.08.31-00.09.46:730][891]LightingResults: New page: Lighting Build
[2019.08.31-00.09.46:753][891]LogUObjectHash: Compacting FUObjectHashTables data took   1.18ms
[2019.08.31-00.09.46:754][891]LogAIModule: Creating AISystem for world Untitled
[2019.08.31-00.09.46:756][891]LoadErrors: New page: New Map
[2019.08.31-00.09.46:884][891]LogTexture: Display: Building textures: Texture2D_0 (BGRA8, 512X512)
[2019.08.31-00.09.46:884][891]LogMaterial: Display: Missing cached shader map for material M_Ground_Grass, compiling. 
[2019.08.31-00.09.46:950][891]LogAIModule: Creating AISystem for world Minimal_Default
[2019.08.31-00.09.46:977][891]LogShaderCompilers: Display: Shaders left to compile 60
[2019.08.31-00.09.46:977][891]LogShaderCompilers: Display: Shaders left to compile 50
[2019.08.31-00.09.46:977][891]LogShaderCompilers: Display: Shaders left to compile 40
[2019.08.31-00.09.46:977][891]LogShaderCompilers: Display: Shaders left to compile 30
[2019.08.31-00.09.46:977][891]LogShaderCompilers: Display: Shaders left to compile 20
[2019.08.31-00.09.46:977][891]LogShaderCompilers: Display: Shaders left to compile 10
[2019.08.31-00.09.47:012][891]LogSlate: FSceneViewport::OnFocusLost() reason 2
[2019.08.31-00.09.47:033][891]LogAssetEditorManager: Opening Asset editor for World /Game/StarterContent/Maps/Minimal_Default.Minimal_Default
[2019.08.31-00.09.47:053][891]LogUObjectHash: Compacting FUObjectHashTables data took   0.92ms
[2019.08.31-00.09.47:054][891]Cmd: MAP LOAD FILE="../../../../../../Projects/Github/Project-Janus/ProjectJanus/Content/StarterContent/Maps/Minimal_Default.umap" TEMPLATE=0 SHOWPROGRESS=1 FEATURELEVEL=3
[2019.08.31-00.09.47:054][891]LightingResults: New page: Lighting Build
[2019.08.31-00.09.47:055][891]LoadErrors: New page: Loading map: Minimal_Default.umap
[2019.08.31-00.09.47:055][891]MapCheck: New page: Map Check
[2019.08.31-00.09.47:055][891]LightingResults: New page: Lighting Build
[2019.08.31-00.09.47:077][891]LogUObjectHash: Compacting FUObjectHashTables data took   1.24ms
[2019.08.31-00.09.47:134][891]LogEditorServer: Finished looking for orphan Actors (0.000 secs)
[2019.08.31-00.09.47:164][891]LogUObjectHash: Compacting FUObjectHashTables data took   1.77ms
[2019.08.31-00.09.47:194][891]Cmd: MAP CHECKDEP NOCLEARLOG
[2019.08.31-00.09.47:195][891]MapCheck: Map check complete: 0 Error(s), 0 Warning(s), took 0.154ms to complete.
[2019.08.31-00.09.47:196][891]LogFileHelpers: Loading map 'Minimal_Default' took 0.142
[2019.08.31-00.10.57:469][587]LogConcert: Display: Activity Feed: Terror left the session.
[2019.08.31-00.10.57:469][587]LogConcert: Display: User 'Terror' (Endpoint: BC81E1C04E1ABE55208D899590F978E0) left Concert session 'Janus' (Owner: Tene8rous).
[2019.08.31-00.12.44:274][773]LogFactory: FactoryCreateFile: Texture with ReimportTextureFactory (0 0 S:\Steam Games\steamapps\common\RPGVXAce\rtp\Graphics\Characters\Actor1.png)
[2019.08.31-00.12.44:277][773]LogTexture: Display: Building textures: Actor1 (AutoDXT, 384X256)
[2019.08.31-00.12.44:385][773]LogSavePackage: Moving '../../../../../../Projects/Github/Project-Janus/ProjectJanus/Saved/Actor1F4505E5C453382BB6733F581BCAD5263.tmp' to '../../../../../../Projects/Github/Project-Janus/ProjectJanus/Content/Actor1.uasset'
[2019.08.31-00.12.44:405][773]LogSlate: FSceneViewport::OnFocusLost() reason 2
[2019.08.31-00.12.44:592][775]LogConcert: Display: Activity Feed: Tene8rous created the package /Game/Actor1. Package Revision: 0.
[2019.08.31-00.13.19:876][292]LogSlate: Window 'Persist & Submit Files' being destroyed
[2019.08.31-00.13.19:900][292]LogConcert: [Pending] Persisting Session Changes
[2019.08.31-00.13.19:920][292]LogConcert: [Pending] Persisting Session Changes - See Message Log
[2019.08.31-00.13.19:921][292]LogConcert: [Success] Successfully Persisted Session Changes - Succesfully persisted session files
[2019.08.31-00.13.38:946][824]LogSlate: Window 'Persist & Submit Files' being destroyed
[2019.08.31-00.13.38:958][824]LogConcert: [Pending] Persisting Session Changes
[2019.08.31-00.13.38:980][824]LogConcert: [Pending] Persisting Session Changes - See Message Log
[2019.08.31-00.13.38:980][824]LogConcert: [Success] Successfully Persisted Session Changes - Succesfully persisted session files
[2019.08.31-00.13.51:161][928]SourceControl: Error: Failed to connect to source control. Check your settings and connection then try again.
[2019.08.31-00.13.58:283][535]SourceControl: Source control is disabled
[2019.08.31-00.13.58:283][535]SourceControl: Source control is disabled
[2019.08.31-00.13.58:283][535]SourceControl: Source control is disabled
[2019.08.31-00.13.58:283][535]LogSlate: Window 'Source Control Login' being destroyed
[2019.08.31-00.14.07:097][368]LogSlate: Window 'Persist & Submit Files' being destroyed
[2019.08.31-00.14.07:122][368]LogConcert: [Pending] Persisting Session Changes
[2019.08.31-00.14.07:153][368]LogConcert: [Pending] Persisting Session Changes - See Message Log
[2019.08.31-00.14.07:153][368]LogConcert: [Success] Successfully Persisted Session Changes - Succesfully persisted session files
[2019.08.31-00.14.20:518][926]LogEditorViewport: Clicking on Actor (LMB): BP_Sky_Sphere_C (BP_Sky_Sphere)
[2019.08.31-00.14.21:864][993]LogSlate: FSceneViewport::OnFocusLost() reason 0
[2019.08.31-00.14.30:952][288]LogUnrealEdMisc: Warning: Heartbeat event firing too frequently (51.960 sec). This should never happen. Something is wrong with the timer delegate!
[2019.08.31-00.15.59:950][ 14]SourceControl: Source control is disabled
[2019.08.31-00.16.05:955][415]LogSlate: Window 'Source Control Login' being destroyed
[2019.08.31-00.16.14:676][204]LogSlate: Window 'Persist & Submit Files' being destroyed
[2019.08.31-00.16.14:708][204]LogConcert: [Pending] Persisting Session Changes
[2019.08.31-00.16.15:138][204]LogConcert: [Pending] Persisting Session Changes - See Message Log
[2019.08.31-00.16.15:138][204]LogConcert: [Success] Successfully Persisted Session Changes - Succesfully persisted session files
[2019.08.31-00.16.17:664][431]SourceControl: fatal: S:/Program Files (x86)/Epic Games/UE_4.22/Engine/Content: 'S:/Program Files (x86)/Epic Games/UE_4.22/Engine/Content' is outside repository
[2019.08.31-00.16.21:863][431]LogSlate: Window 'Save Content' being destroyed
[2019.08.31-00.16.21:941][431]Cmd: OBJ SAVEPACKAGE PACKAGE="/Game/Actor1" FILE="../../../../../../Projects/Github/Project-Janus/ProjectJanus/Content/Actor1.uasset" SILENT=true
[2019.08.31-00.16.21:957][431]LogSavePackage: Moving '../../../../../../Projects/Github/Project-Janus/ProjectJanus/Saved/Actor1A6DCA3364427D179074D48951F66BA42.tmp' to '../../../../../../Projects/Github/Project-Janus/ProjectJanus/Content/Actor1.uasset'
[2019.08.31-00.16.34:424][431]LogSlate: Window 'Submit Files' being destroyed
[2019.08.31-00.16.35:098][431]LogSourceControl: commit successful: [master acfe725] sprites added
[2019.08.31-00.16.35:138][431]SourceControl: [master acfe725] sprites added
[2019.08.31-00.16.35:138][431]SourceControl:  3 files changed, 0 insertions(+), 0 deletions(-)
[2019.08.31-00.16.35:138][431]SourceControl:  create mode 100644 ProjectJanus/Content/Actor1.uasset
[2019.08.31-00.16.35:138][431]SourceControl:  rewrite ProjectJanus/Content/Somethin.uasset (84%)
[2019.08.31-00.16.35:142][431]SourceControl: Commited [master acfe725] sprites added.
[2019.08.31-00.16.35:150][432]LogConcert: Display: Activity Feed: Tene8rous saved the package /Game/Actor1. Package Revision: 1.
